#
# There is insufficient memory for the Java Runtime Environment to continue.
# Native memory allocation (malloc) failed to allocate 997776 bytes for Chunk::new
# Possible reasons:
#   The system is out of physical RAM or swap space
#   The process is running with CompressedOops enabled, and the Java Heap may be blocking the growth of the native heap
# Possible solutions:
#   Reduce memory load on the system
#   Increase physical memory or swap space
#   Check if swap backing store is full
#   Decrease Java heap size (-Xmx/-Xms)
#   Decrease number of Java threads
#   Decrease Java thread stack sizes (-Xss)
#   Set larger code cache with -XX:ReservedCodeCacheSize=
#   JVM is running with Unscaled Compressed Oops mode in which the Java heap is
#     placed in the first 4GB address space. The Java Heap base address is the
#     maximum limit for the native heap growth. Please use -XX:HeapBaseMinAddress
#     to set the Java Heap base and to place the Java Heap above 4GB virtual address.
# This output file may be truncated or incomplete.
#
#  Out of Memory Error (./src/hotspot/share/memory/arena.cpp:197), pid=14732, tid=15412
#
# JRE version: OpenJDK Runtime Environment (11.0.10) (build 11.0.10+0-b96-7249189)
# Java VM: OpenJDK 64-Bit Server VM (11.0.10+0-b96-7249189, mixed mode, tiered, compressed oops, g1 gc, windows-amd64)
# No core dump will be written. Minidumps are not enabled by default on client versions of Windows
#

---------------  S U M M A R Y ------------

Command Line: --add-opens=java.base/java.util=ALL-UNNAMED --add-opens=java.base/java.lang=ALL-UNNAMED --add-opens=java.base/java.lang.invoke=ALL-UNNAMED --add-opens=java.base/java.util=ALL-UNNAMED --add-opens=java.prefs/java.util.prefs=ALL-UNNAMED --add-opens=java.prefs/java.util.prefs=ALL-UNNAMED --add-opens=java.base/java.nio.charset=ALL-UNNAMED --add-opens=java.base/java.net=ALL-UNNAMED --add-opens=java.base/java.util.concurrent.atomic=ALL-UNNAMED -Xmx2048m -Dfile.encoding=UTF-8 -Duser.country=RU -Duser.language=ru -Duser.variant org.gradle.launcher.daemon.bootstrap.GradleDaemon 7.3

Host: Intel(R) Core(TM) i5-9400H CPU @ 2.50GHz, 8 cores, 15G,  Windows 10 , 64 bit Build 17763 (10.0.17763.2300)
Time: Fri Dec 24 12:46:23 2021 RTZ 2 (ceia) elapsed time: 6.675406 seconds (0d 0h 0m 6s)

---------------  T H R E A D  ---------------

Current thread (0x0000020f86e58800):  JavaThread "C2 CompilerThread1" daemon [_thread_in_native, id=15412, stack(0x00000095ad200000,0x00000095ad300000)]


Current CompileTask:
C2:   6675 7356       4       java.lang.String::split (324 bytes)

Stack: [0x00000095ad200000,0x00000095ad300000]
Native frames: (J=compiled Java code, j=interpreted, Vv=VM code, C=native code)
V  [jvm.dll+0x5ecfaa]
V  [jvm.dll+0x722bd5]
V  [jvm.dll+0x72412d]
V  [jvm.dll+0x7247e3]
V  [jvm.dll+0x242928]
V  [jvm.dll+0xbc4fc]
V  [jvm.dll+0xbca0c]
V  [jvm.dll+0x2b4fd4]
V  [jvm.dll+0x506028]
V  [jvm.dll+0x203253]
V  [jvm.dll+0x1fd07c]
V  [jvm.dll+0x1fa77f]
V  [jvm.dll+0x18354c]
V  [jvm.dll+0x208ee7]
V  [jvm.dll+0x207731]
V  [jvm.dll+0x6eb1cf]
V  [jvm.dll+0x6e3d45]
V  [jvm.dll+0x5ebe96]
C  [ucrtbase.dll+0x2268a]
C  [KERNEL32.DLL+0x17974]
C  [ntdll.dll+0x5a2f1]


---------------  P R O C E S S  ---------------

Threads class SMR info:
_java_thread_list=0x0000020f8b752c60, length=133, elements={
0x0000020fe9ced800, 0x0000020f84a45000, 0x0000020f84a51000, 0x0000020f84a6a800,
0x0000020f84a6c800, 0x0000020f84a6d800, 0x0000020f84ab6800, 0x0000020f84ab9800,
0x0000020f84aba800, 0x0000020f84c22000, 0x0000020f878ae800, 0x0000020f84fe2000,
0x0000020f86e58800, 0x0000020f86990800, 0x0000020f84d17000, 0x0000020f86078800,
0x0000020f87411000, 0x0000020f8779d800, 0x0000020f86973800, 0x0000020f87d63800,
0x0000020f86ebe000, 0x0000020f86ebe800, 0x0000020f86ebf800, 0x0000020f86ec0800,
0x0000020f88065800, 0x0000020f88068000, 0x0000020f88067000, 0x0000020f88062800,
0x0000020f88066800, 0x0000020f88069000, 0x0000020f88063000, 0x0000020f88759800,
0x0000020f8806a800, 0x0000020f88064800, 0x0000020f8806f800, 0x0000020f8806c000,
0x0000020f8806d000, 0x0000020f8806d800, 0x0000020f88071000, 0x0000020f8806e800,
0x0000020f8858a000, 0x0000020f8858a800, 0x0000020f88588000, 0x0000020f8858d000,
0x0000020f8858b800, 0x0000020f8858e000, 0x0000020f8858e800, 0x0000020f88589000,
0x0000020f88591000, 0x0000020f8858f800, 0x0000020f88590800, 0x0000020f88592000,
0x0000020f8858c000, 0x0000020f88596000, 0x0000020f88593000, 0x0000020f88594800,
0x0000020f88597000, 0x0000020f88593800, 0x0000020f88595000, 0x0000020f8bd41000,
0x0000020f8bd42000, 0x0000020f8bd43800, 0x0000020f8bd44800, 0x0000020f8bd45000,
0x0000020f8bd40000, 0x0000020f8bd3f800, 0x0000020f8bd46000, 0x0000020f8bd47000,
0x0000020f8bd42800, 0x0000020f8bd4a000, 0x0000020f8bd47800, 0x0000020f8bd4b000,
0x0000020f8bd49000, 0x0000020f8bd4b800, 0x0000020f8bd4c800, 0x0000020f8bd4d800,
0x0000020f8bd4e000, 0x0000020f8bd48800, 0x0000020f89edd800, 0x0000020f89ede000,
0x0000020f89edf000, 0x0000020f89eda000, 0x0000020f89edc800, 0x0000020f89edb000,
0x0000020f89edc000, 0x0000020f89ed9800, 0x0000020f89ee5800, 0x0000020f89ee2800,
0x0000020f89ee1800, 0x0000020f89ee5000, 0x0000020f89ee0000, 0x0000020f89ee6800,
0x0000020f89ee3000, 0x0000020f89ee4000, 0x0000020f89ee0800, 0x0000020f89ee7000,
0x0000020f89ee8000, 0x0000020f8886f000, 0x0000020f88870000, 0x0000020f88875800,
0x0000020f88871800, 0x0000020f88872800, 0x0000020f88876800, 0x0000020f88871000,
0x0000020f88875000, 0x0000020f88873800, 0x0000020f88877800, 0x0000020f88874000,
0x0000020f8887d000, 0x0000020f88879000, 0x0000020f8887e000, 0x0000020f88878000,
0x0000020f8887a000, 0x0000020f8887a800, 0x0000020f8887c800, 0x0000020f8887b800,
0x0000020f8bc60000, 0x0000020f8bc5c800, 0x0000020f8bc5d800, 0x0000020f8bc5e000,
0x0000020f8bc60800, 0x0000020f8bc61800, 0x0000020f8bc5c000, 0x0000020f8bc63000,
0x0000020f8bc5f000, 0x0000020f8bc69000, 0x0000020f8bc66800, 0x0000020f8bc69800,
0x0000020f8bc67000, 0x0000020f8bc64000, 0x0000020f8bc68000, 0x0000020f8bc65800,
0x0000020f8bc6a800
}

Java Threads: ( => current thread )
  0x0000020fe9ced800 JavaThread "main" [_thread_blocked, id=15696, stack(0x00000095ac000000,0x00000095ac100000)]
  0x0000020f84a45000 JavaThread "Reference Handler" daemon [_thread_blocked, id=13256, stack(0x00000095ac700000,0x00000095ac800000)]
  0x0000020f84a51000 JavaThread "Finalizer" daemon [_thread_blocked, id=3400, stack(0x00000095ac800000,0x00000095ac900000)]
  0x0000020f84a6a800 JavaThread "Signal Dispatcher" daemon [_thread_blocked, id=12280, stack(0x00000095ac900000,0x00000095aca00000)]
  0x0000020f84a6c800 JavaThread "Attach Listener" daemon [_thread_blocked, id=4796, stack(0x00000095aca00000,0x00000095acb00000)]
  0x0000020f84a6d800 JavaThread "Service Thread" daemon [_thread_blocked, id=12420, stack(0x00000095acb00000,0x00000095acc00000)]
  0x0000020f84ab6800 JavaThread "C2 CompilerThread0" daemon [_thread_blocked, id=9096, stack(0x00000095acc00000,0x00000095acd00000)]
  0x0000020f84ab9800 JavaThread "C1 CompilerThread0" daemon [_thread_blocked, id=8208, stack(0x00000095acd00000,0x00000095ace00000)]
  0x0000020f84aba800 JavaThread "Sweeper thread" daemon [_thread_blocked, id=15312, stack(0x00000095ace00000,0x00000095acf00000)]
  0x0000020f84c22000 JavaThread "Common-Cleaner" daemon [_thread_blocked, id=13196, stack(0x00000095acf00000,0x00000095ad000000)]
  0x0000020f878ae800 JavaThread "Daemon health stats" [_thread_blocked, id=12304, stack(0x00000095ad800000,0x00000095ad900000)]
  0x0000020f84fe2000 JavaThread "Incoming local TCP Connector on port 60721" [_thread_in_native, id=376, stack(0x00000095ad100000,0x00000095ad200000)]
=>0x0000020f86e58800 JavaThread "C2 CompilerThread1" daemon [_thread_in_native, id=15412, stack(0x00000095ad200000,0x00000095ad300000)]
  0x0000020f86990800 JavaThread "Daemon periodic checks" [_thread_blocked, id=3500, stack(0x00000095ad900000,0x00000095ada00000)]
  0x0000020f84d17000 JavaThread "Daemon" [_thread_blocked, id=1512, stack(0x00000095ada00000,0x00000095adb00000)]
  0x0000020f86078800 JavaThread "Handler for socket connection from /127.0.0.1:60721 to /127.0.0.1:60722" [_thread_in_native, id=2056, stack(0x00000095adb00000,0x00000095adc00000)]
  0x0000020f87411000 JavaThread "Cancel handler" [_thread_blocked, id=3220, stack(0x00000095adc00000,0x00000095add00000)]
  0x0000020f8779d800 JavaThread "Daemon worker" [_thread_blocked, id=15528, stack(0x00000095add00000,0x00000095ade00000)]
  0x0000020f86973800 JavaThread "Asynchronous log dispatcher for DefaultDaemonConnection: socket connection from /127.0.0.1:60721 to /127.0.0.1:60722" [_thread_blocked, id=7176, stack(0x00000095ade00000,0x00000095adf00000)]
  0x0000020f87d63800 JavaThread "Stdin handler" [_thread_blocked, id=8236, stack(0x00000095adf00000,0x00000095ae000000)]
  0x0000020f86ebe000 JavaThread "Daemon client event forwarder" [_thread_blocked, id=10320, stack(0x00000095ae000000,0x00000095ae100000)]
  0x0000020f86ebe800 JavaThread "Cache worker for journal cache (C:\Users\dmt\.gradle\caches\journal-1)" [_thread_blocked, id=8744, stack(0x00000095ae100000,0x00000095ae200000)]
  0x0000020f86ebf800 JavaThread "File lock request listener" [_thread_in_native, id=6996, stack(0x00000095ae200000,0x00000095ae300000)]
  0x0000020f86ec0800 JavaThread "Cache worker for file hash cache (C:\Users\dmt\.gradle\caches\7.3\fileHashes)" [_thread_blocked, id=5028, stack(0x00000095ae300000,0x00000095ae400000)]
  0x0000020f88065800 JavaThread "Cache worker for file hash cache (D:\Android_dev\WiFi\SwitchWifiSender\.gradle\7.3\fileHashes)" [_thread_blocked, id=14112, stack(0x00000095ae700000,0x00000095ae800000)]
  0x0000020f88068000 JavaThread "File watcher server" daemon [_thread_in_native, id=11948, stack(0x00000095ae800000,0x00000095ae900000)]
  0x0000020f88067000 JavaThread "File watcher consumer" daemon [_thread_blocked, id=1056, stack(0x00000095ae900000,0x00000095aea00000)]
  0x0000020f88062800 JavaThread "Cache worker for checksums cache (D:\Android_dev\WiFi\SwitchWifiSender\.gradle\7.3\checksums)" [_thread_blocked, id=8368, stack(0x00000095aea00000,0x00000095aeb00000)]
  0x0000020f88066800 JavaThread "Cache worker for cache directory md-supplier (C:\Users\dmt\.gradle\caches\7.3\md-supplier)" [_thread_blocked, id=12476, stack(0x00000095aeb00000,0x00000095aec00000)]
  0x0000020f88069000 JavaThread "Cache worker for cache directory md-rule (C:\Users\dmt\.gradle\caches\7.3\md-rule)" [_thread_blocked, id=10176, stack(0x00000095aec00000,0x00000095aed00000)]
  0x0000020f88063000 JavaThread "Cache worker for execution history cache (C:\Users\dmt\.gradle\caches\7.3\executionHistory)" [_thread_blocked, id=14252, stack(0x00000095aed00000,0x00000095aee00000)]
  0x0000020f88759800 JavaThread "C2 CompilerThread2" daemon [_thread_in_native, id=11376, stack(0x00000095aee00000,0x00000095aef00000)]
  0x0000020f8806a800 JavaThread "jar transforms" [_thread_blocked, id=12284, stack(0x00000095aef00000,0x00000095af000000)]
  0x0000020f88064800 JavaThread "jar transforms Thread 2" [_thread_blocked, id=16044, stack(0x00000095af000000,0x00000095af100000)]
  0x0000020f8806f800 JavaThread "Cache worker for file content cache (C:\Users\dmt\.gradle\caches\7.3\fileContent)" [_thread_blocked, id=12524, stack(0x00000095af100000,0x00000095af200000)]
  0x0000020f8806c000 JavaThread "Cache worker for dependencies-accessors (D:\Android_dev\WiFi\SwitchWifiSender\.gradle\7.3\dependencies-accessors)" [_thread_blocked, id=11112, stack(0x00000095af200000,0x00000095af300000)]
  0x0000020f8806d000 JavaThread "jar transforms Thread 3" [_thread_blocked, id=964, stack(0x00000095af300000,0x00000095af400000)]
  0x0000020f8806d800 JavaThread "Cache worker for Build Output Cleanup Cache (D:\Android_dev\WiFi\SwitchWifiSender\.gradle\buildOutputCleanup)" [_thread_blocked, id=13668, stack(0x00000095af400000,0x00000095af500000)]
  0x0000020f88071000 JavaThread "Unconstrained build operations" [_thread_blocked, id=11068, stack(0x00000095af500000,0x00000095af600000)]
  0x0000020f8806e800 JavaThread "Unconstrained build operations Thread 2" [_thread_blocked, id=15864, stack(0x00000095af600000,0x00000095af700000)]
  0x0000020f8858a000 JavaThread "Unconstrained build operations Thread 3" [_thread_blocked, id=728, stack(0x00000095af700000,0x00000095af800000)]
  0x0000020f8858a800 JavaThread "Unconstrained build operations Thread 4" [_thread_blocked, id=2632, stack(0x00000095af800000,0x00000095af900000)]
  0x0000020f88588000 JavaThread "Unconstrained build operations Thread 5" [_thread_blocked, id=7432, stack(0x00000095af900000,0x00000095afa00000)]
  0x0000020f8858d000 JavaThread "Unconstrained build operations Thread 6" [_thread_blocked, id=5412, stack(0x00000095afa00000,0x00000095afb00000)]
  0x0000020f8858b800 JavaThread "Unconstrained build operations Thread 7" [_thread_blocked, id=13204, stack(0x00000095afb00000,0x00000095afc00000)]
  0x0000020f8858e000 JavaThread "Unconstrained build operations Thread 8" [_thread_blocked, id=7064, stack(0x00000095afc00000,0x00000095afd00000)]
  0x0000020f8858e800 JavaThread "Unconstrained build operations Thread 9" [_thread_blocked, id=12000, stack(0x00000095afd00000,0x00000095afe00000)]
  0x0000020f88589000 JavaThread "Unconstrained build operations Thread 10" [_thread_blocked, id=9816, stack(0x00000095afe00000,0x00000095aff00000)]
  0x0000020f88591000 JavaThread "Unconstrained build operations Thread 11" [_thread_blocked, id=3076, stack(0x00000095aff00000,0x00000095b0000000)]
  0x0000020f8858f800 JavaThread "Unconstrained build operations Thread 12" [_thread_blocked, id=15704, stack(0x00000095b0000000,0x00000095b0100000)]
  0x0000020f88590800 JavaThread "Unconstrained build operations Thread 13" [_thread_blocked, id=15364, stack(0x00000095b0100000,0x00000095b0200000)]
  0x0000020f88592000 JavaThread "Unconstrained build operations Thread 14" [_thread_blocked, id=13776, stack(0x00000095b0200000,0x00000095b0300000)]
  0x0000020f8858c000 JavaThread "Unconstrained build operations Thread 15" [_thread_blocked, id=7032, stack(0x00000095b0300000,0x00000095b0400000)]
  0x0000020f88596000 JavaThread "Unconstrained build operations Thread 16" [_thread_blocked, id=9680, stack(0x00000095b0400000,0x00000095b0500000)]
  0x0000020f88593000 JavaThread "Unconstrained build operations Thread 17" [_thread_blocked, id=4068, stack(0x00000095b0500000,0x00000095b0600000)]
  0x0000020f88594800 JavaThread "Unconstrained build operations Thread 18" [_thread_blocked, id=13864, stack(0x00000095b0600000,0x00000095b0700000)]
  0x0000020f88597000 JavaThread "Unconstrained build operations Thread 19" [_thread_blocked, id=10540, stack(0x00000095b0700000,0x00000095b0800000)]
  0x0000020f88593800 JavaThread "Unconstrained build operations Thread 20" [_thread_blocked, id=6988, stack(0x00000095b0800000,0x00000095b0900000)]
  0x0000020f88595000 JavaThread "Unconstrained build operations Thread 21" [_thread_blocked, id=13620, stack(0x00000095b0900000,0x00000095b0a00000)]
  0x0000020f8bd41000 JavaThread "Unconstrained build operations Thread 22" [_thread_blocked, id=14924, stack(0x00000095b0a00000,0x00000095b0b00000)]
  0x0000020f8bd42000 JavaThread "Unconstrained build operations Thread 23" [_thread_blocked, id=12724, stack(0x00000095b0b00000,0x00000095b0c00000)]
  0x0000020f8bd43800 JavaThread "Unconstrained build operations Thread 24" [_thread_blocked, id=6656, stack(0x00000095b0c00000,0x00000095b0d00000)]
  0x0000020f8bd44800 JavaThread "Unconstrained build operations Thread 25" [_thread_blocked, id=4928, stack(0x00000095b0d00000,0x00000095b0e00000)]
  0x0000020f8bd45000 JavaThread "Unconstrained build operations Thread 26" [_thread_blocked, id=12504, stack(0x00000095b0e00000,0x00000095b0f00000)]
  0x0000020f8bd40000 JavaThread "Unconstrained build operations Thread 27" [_thread_blocked, id=16020, stack(0x00000095b0f00000,0x00000095b1000000)]
  0x0000020f8bd3f800 JavaThread "Unconstrained build operations Thread 28" [_thread_blocked, id=15616, stack(0x00000095b1000000,0x00000095b1100000)]
  0x0000020f8bd46000 JavaThread "Unconstrained build operations Thread 29" [_thread_blocked, id=1684, stack(0x00000095b1100000,0x00000095b1200000)]
  0x0000020f8bd47000 JavaThread "Unconstrained build operations Thread 30" [_thread_blocked, id=10556, stack(0x00000095b1200000,0x00000095b1300000)]
  0x0000020f8bd42800 JavaThread "Unconstrained build operations Thread 31" [_thread_blocked, id=12536, stack(0x00000095b1300000,0x00000095b1400000)]
  0x0000020f8bd4a000 JavaThread "Unconstrained build operations Thread 32" [_thread_blocked, id=15960, stack(0x00000095b1400000,0x00000095b1500000)]
  0x0000020f8bd47800 JavaThread "Unconstrained build operations Thread 33" [_thread_blocked, id=12556, stack(0x00000095b1500000,0x00000095b1600000)]
  0x0000020f8bd4b000 JavaThread "Unconstrained build operations Thread 34" [_thread_blocked, id=8128, stack(0x00000095b1600000,0x00000095b1700000)]
  0x0000020f8bd49000 JavaThread "Unconstrained build operations Thread 35" [_thread_blocked, id=10856, stack(0x00000095b1700000,0x00000095b1800000)]
  0x0000020f8bd4b800 JavaThread "Unconstrained build operations Thread 36" [_thread_blocked, id=2020, stack(0x00000095b1800000,0x00000095b1900000)]
  0x0000020f8bd4c800 JavaThread "Unconstrained build operations Thread 37" [_thread_blocked, id=11128, stack(0x00000095b1900000,0x00000095b1a00000)]
  0x0000020f8bd4d800 JavaThread "Unconstrained build operations Thread 38" [_thread_blocked, id=15836, stack(0x00000095b1a00000,0x00000095b1b00000)]
  0x0000020f8bd4e000 JavaThread "Unconstrained build operations Thread 39" [_thread_blocked, id=8076, stack(0x00000095b1b00000,0x00000095b1c00000)]
  0x0000020f8bd48800 JavaThread "Unconstrained build operations Thread 40" [_thread_blocked, id=16076, stack(0x00000095b1c00000,0x00000095b1d00000)]
  0x0000020f89edd800 JavaThread "Unconstrained build operations Thread 41" [_thread_blocked, id=2336, stack(0x00000095b1d00000,0x00000095b1e00000)]
  0x0000020f89ede000 JavaThread "Unconstrained build operations Thread 42" [_thread_blocked, id=14304, stack(0x00000095b1e00000,0x00000095b1f00000)]
  0x0000020f89edf000 JavaThread "Unconstrained build operations Thread 43" [_thread_blocked, id=3816, stack(0x00000095b1f00000,0x00000095b2000000)]
  0x0000020f89eda000 JavaThread "Unconstrained build operations Thread 44" [_thread_blocked, id=10276, stack(0x00000095b2000000,0x00000095b2100000)]
  0x0000020f89edc800 JavaThread "Unconstrained build operations Thread 45" [_thread_blocked, id=4916, stack(0x00000095b2100000,0x00000095b2200000)]
  0x0000020f89edb000 JavaThread "Unconstrained build operations Thread 46" [_thread_blocked, id=8388, stack(0x00000095b2200000,0x00000095b2300000)]
  0x0000020f89edc000 JavaThread "Unconstrained build operations Thread 47" [_thread_blocked, id=15288, stack(0x00000095b2300000,0x00000095b2400000)]
  0x0000020f89ed9800 JavaThread "Unconstrained build operations Thread 48" [_thread_blocked, id=1664, stack(0x00000095b2400000,0x00000095b2500000)]
  0x0000020f89ee5800 JavaThread "Unconstrained build operations Thread 49" [_thread_blocked, id=14848, stack(0x00000095b2500000,0x00000095b2600000)]
  0x0000020f89ee2800 JavaThread "Unconstrained build operations Thread 50" [_thread_blocked, id=7344, stack(0x00000095b2600000,0x00000095b2700000)]
  0x0000020f89ee1800 JavaThread "Unconstrained build operations Thread 51" [_thread_blocked, id=15788, stack(0x00000095b2700000,0x00000095b2800000)]
  0x0000020f89ee5000 JavaThread "Unconstrained build operations Thread 52" [_thread_blocked, id=14400, stack(0x00000095b2800000,0x00000095b2900000)]
  0x0000020f89ee0000 JavaThread "Unconstrained build operations Thread 53" [_thread_blocked, id=15112, stack(0x00000095b2900000,0x00000095b2a00000)]
  0x0000020f89ee6800 JavaThread "Unconstrained build operations Thread 54" [_thread_blocked, id=16316, stack(0x00000095b2a00000,0x00000095b2b00000)]
  0x0000020f89ee3000 JavaThread "Unconstrained build operations Thread 55" [_thread_blocked, id=15620, stack(0x00000095b2b00000,0x00000095b2c00000)]
  0x0000020f89ee4000 JavaThread "Unconstrained build operations Thread 56" [_thread_blocked, id=7048, stack(0x00000095b2c00000,0x00000095b2d00000)]
  0x0000020f89ee0800 JavaThread "Unconstrained build operations Thread 57" [_thread_in_vm, id=9484, stack(0x00000095b2d00000,0x00000095b2e00000)]
  0x0000020f89ee7000 JavaThread "Unconstrained build operations Thread 58" [_thread_blocked, id=11532, stack(0x00000095b2e00000,0x00000095b2f00000)]
  0x0000020f89ee8000 JavaThread "Unconstrained build operations Thread 59" [_thread_blocked, id=1748, stack(0x00000095b2f00000,0x00000095b3000000)]
  0x0000020f8886f000 JavaThread "Unconstrained build operations Thread 60" [_thread_blocked, id=11168, stack(0x00000095b3000000,0x00000095b3100000)]
  0x0000020f88870000 JavaThread "Unconstrained build operations Thread 61" [_thread_blocked, id=13904, stack(0x00000095b3100000,0x00000095b3200000)]
  0x0000020f88875800 JavaThread "Unconstrained build operations Thread 62" [_thread_blocked, id=12832, stack(0x00000095b3200000,0x00000095b3300000)]
  0x0000020f88871800 JavaThread "Unconstrained build operations Thread 63" [_thread_blocked, id=2568, stack(0x00000095b3300000,0x00000095b3400000)]
  0x0000020f88872800 JavaThread "Unconstrained build operations Thread 64" [_thread_blocked, id=16220, stack(0x00000095b3400000,0x00000095b3500000)]
  0x0000020f88876800 JavaThread "Unconstrained build operations Thread 65" [_thread_blocked, id=2252, stack(0x00000095b3500000,0x00000095b3600000)]
  0x0000020f88871000 JavaThread "Unconstrained build operations Thread 66" [_thread_blocked, id=14920, stack(0x00000095b3600000,0x00000095b3700000)]
  0x0000020f88875000 JavaThread "Unconstrained build operations Thread 67" [_thread_blocked, id=13016, stack(0x00000095b3700000,0x00000095b3800000)]
  0x0000020f88873800 JavaThread "Unconstrained build operations Thread 68" [_thread_blocked, id=15436, stack(0x00000095b3800000,0x00000095b3900000)]
  0x0000020f88877800 JavaThread "Unconstrained build operations Thread 69" [_thread_blocked, id=12692, stack(0x00000095b3900000,0x00000095b3a00000)]
  0x0000020f88874000 JavaThread "Unconstrained build operations Thread 70" [_thread_blocked, id=3552, stack(0x00000095b3a00000,0x00000095b3b00000)]
  0x0000020f8887d000 JavaThread "Unconstrained build operations Thread 71" [_thread_blocked, id=15204, stack(0x00000095b3b00000,0x00000095b3c00000)]
  0x0000020f88879000 JavaThread "Unconstrained build operations Thread 72" [_thread_blocked, id=652, stack(0x00000095b3c00000,0x00000095b3d00000)]
  0x0000020f8887e000 JavaThread "Unconstrained build operations Thread 73" [_thread_blocked, id=15444, stack(0x00000095b3d00000,0x00000095b3e00000)]
  0x0000020f88878000 JavaThread "Unconstrained build operations Thread 74" [_thread_blocked, id=13656, stack(0x00000095b3e00000,0x00000095b3f00000)]
  0x0000020f8887a000 JavaThread "Unconstrained build operations Thread 75" [_thread_blocked, id=11272, stack(0x00000095b3f00000,0x00000095b4000000)]
  0x0000020f8887a800 JavaThread "Unconstrained build operations Thread 76" [_thread_blocked, id=3260, stack(0x00000095b4000000,0x00000095b4100000)]
  0x0000020f8887c800 JavaThread "Unconstrained build operations Thread 77" [_thread_blocked, id=12272, stack(0x00000095b4100000,0x00000095b4200000)]
  0x0000020f8887b800 JavaThread "Unconstrained build operations Thread 78" [_thread_blocked, id=1192, stack(0x00000095b4200000,0x00000095b4300000)]
  0x0000020f8bc60000 JavaThread "Unconstrained build operations Thread 79" [_thread_blocked, id=10216, stack(0x00000095b4300000,0x00000095b4400000)]
  0x0000020f8bc5c800 JavaThread "Unconstrained build operations Thread 80" [_thread_blocked, id=7644, stack(0x00000095b4400000,0x00000095b4500000)]
  0x0000020f8bc5d800 JavaThread "jar transforms Thread 4" [_thread_blocked, id=10480, stack(0x00000095b4500000,0x00000095b4600000)]
  0x0000020f8bc5e000 JavaThread "jar transforms Thread 5" [_thread_blocked, id=10192, stack(0x00000095b4600000,0x00000095b4700000)]
  0x0000020f8bc60800 JavaThread "jar transforms Thread 6" [_thread_blocked, id=12256, stack(0x00000095b4700000,0x00000095b4800000)]
  0x0000020f8bc61800 JavaThread "jar transforms Thread 7" [_thread_blocked, id=15544, stack(0x00000095b4800000,0x00000095b4900000)]
  0x0000020f8bc5c000 JavaThread "jar transforms Thread 8" [_thread_blocked, id=11460, stack(0x00000095b4900000,0x00000095b4a00000)]
  0x0000020f8bc63000 JavaThread "Memory manager" [_thread_blocked, id=2556, stack(0x00000095b4a00000,0x00000095b4b00000)]
  0x0000020f8bc5f000 JavaThread "build event listener" [_thread_blocked, id=2912, stack(0x00000095b4b00000,0x00000095b4c00000)]
  0x0000020f8bc69000 JavaThread "Execution worker for ':'" [_thread_blocked, id=8332, stack(0x00000095b4c00000,0x00000095b4d00000)]
  0x0000020f8bc66800 JavaThread "Execution worker for ':' Thread 2" [_thread_blocked, id=13472, stack(0x00000095b4d00000,0x00000095b4e00000)]
  0x0000020f8bc69800 JavaThread "Execution worker for ':' Thread 3" [_thread_blocked, id=15860, stack(0x00000095b4e00000,0x00000095b4f00000)]
  0x0000020f8bc67000 JavaThread "Execution worker for ':' Thread 4" [_thread_blocked, id=15664, stack(0x00000095b4f00000,0x00000095b5000000)]
  0x0000020f8bc64000 JavaThread "Execution worker for ':' Thread 5" [_thread_blocked, id=5944, stack(0x00000095b5000000,0x00000095b5100000)]
  0x0000020f8bc68000 JavaThread "Execution worker for ':' Thread 6" [_thread_blocked, id=11632, stack(0x00000095b5100000,0x00000095b5200000)]
  0x0000020f8bc65800 JavaThread "Execution worker for ':' Thread 7" [_thread_blocked, id=15220, stack(0x00000095b5200000,0x00000095b5300000)]
  0x0000020f8bc6a800 JavaThread "Cache worker for execution history cache (D:\Android_dev\WiFi\SwitchWifiSender\.gradle\7.3\executionHistory)" [_thread_blocked, id=12348, stack(0x00000095b5300000,0x00000095b5400000)]

Other Threads:
  0x0000020f84a42800 VMThread "VM Thread" [stack: 0x00000095ac600000,0x00000095ac700000] [id=12440]
  0x0000020f84c4a800 WatcherThread [stack: 0x00000095ad000000,0x00000095ad100000] [id=4764]
  0x0000020fe9d06000 GCTaskThread "GC Thread#0" [stack: 0x00000095ac100000,0x00000095ac200000] [id=14460]
  0x0000020f852da000 GCTaskThread "GC Thread#1" [stack: 0x00000095ad300000,0x00000095ad400000] [id=9188]
  0x0000020f8571d800 GCTaskThread "GC Thread#2" [stack: 0x00000095ad400000,0x00000095ad500000] [id=8632]
  0x0000020f85d8f000 GCTaskThread "GC Thread#3" [stack: 0x00000095ad500000,0x00000095ad600000] [id=10080]
  0x0000020f857cc800 GCTaskThread "GC Thread#4" [stack: 0x00000095ad600000,0x00000095ad700000] [id=9264]
  0x0000020f857cd000 GCTaskThread "GC Thread#5" [stack: 0x00000095ad700000,0x00000095ad800000] [id=14492]
  0x0000020f87ccd800 GCTaskThread "GC Thread#6" [stack: 0x00000095ae400000,0x00000095ae500000] [id=14432]
  0x0000020f86e12800 GCTaskThread "GC Thread#7" [stack: 0x00000095ae500000,0x00000095ae600000] [id=7636]
  0x0000020fe9d3a000 ConcurrentGCThread "G1 Main Marker" [stack: 0x00000095ac200000,0x00000095ac300000] [id=15024]
  0x0000020fe9d3b800 ConcurrentGCThread "G1 Conc#0" [stack: 0x00000095ac300000,0x00000095ac400000] [id=2880]
  0x0000020f8712d000 ConcurrentGCThread "G1 Conc#1" [stack: 0x00000095ae600000,0x00000095ae700000] [id=2352]
  0x0000020f8408a800 ConcurrentGCThread "G1 Refine#0" [stack: 0x00000095ac400000,0x00000095ac500000] [id=15932]
  0x0000020fe9dbe800 ConcurrentGCThread "G1 Young RemSet Sampling" [stack: 0x00000095ac500000,0x00000095ac600000] [id=16348]

Threads with active compile tasks:
C2 CompilerThread0   6696 6964       4       org.gradle.internal.instantiation.generator.AbstractClassGenerator::inspectType (560 bytes)
C1 CompilerThread0   6696 8039       2       com.google.common.collect.ImmutableSortedMap::<init> (8 bytes)
C2 CompilerThread1   6696 7356       4       java.lang.String::split (324 bytes)
C2 CompilerThread2   6696 7488       4       java.io.WinNTFileSystem::normalize (143 bytes)

VM state:synchronizing (normal execution)

VM Mutex/Monitor currently owned by a thread:  ([mutex/lock_event])
[0x0000020fe9ceae80] Threads_lock - owner thread: 0x0000020f84a42800

OutOfMemory and StackOverflow Exception counts:
StackOverflowErrors=8
LinkageErrors=115

Heap address: 0x0000000080000000, size: 2048 MB, Compressed Oops mode: 32-bit
Narrow klass base: 0x0000000000000000, Narrow klass shift: 3
Compressed class space size: 1073741824 Address: 0x0000000100000000

Heap:
 garbage-first heap   total 260096K, used 177686K [0x0000000080000000, 0x0000000100000000)
  region size 1024K, 133 young (136192K), 13 survivors (13312K)
 Metaspace       used 79806K, capacity 82020K, committed 82176K, reserved 1120256K
  class space    used 10587K, capacity 11435K, committed 11520K, reserved 1048576K
Heap Regions: E=young(eden), S=young(survivor), O=old, HS=humongous(starts), HC=humongous(continues), CS=collection set, F=free, A=archive, TAMS=top-at-mark-start (previous, next)
|   0|0x0000000080000000, 0x0000000080100000, 0x0000000080100000|100%| O|  |TAMS 0x0000000080100000, 0x0000000080000000| Untracked 
|   1|0x0000000080100000, 0x0000000080200000, 0x0000000080200000|100%| O|  |TAMS 0x0000000080200000, 0x0000000080100000| Untracked 
|   2|0x0000000080200000, 0x0000000080300000, 0x0000000080300000|100%| O|  |TAMS 0x0000000080300000, 0x0000000080200000| Untracked 
|   3|0x0000000080300000, 0x0000000080400000, 0x0000000080400000|100%|HS|  |TAMS 0x0000000080400000, 0x0000000080300000| Complete 
|   4|0x0000000080400000, 0x0000000080500000, 0x0000000080500000|100%|HC|  |TAMS 0x0000000080500000, 0x0000000080400000| Complete 
|   5|0x0000000080500000, 0x0000000080600000, 0x0000000080600000|100%|HC|  |TAMS 0x0000000080600000, 0x0000000080500000| Complete 
|   6|0x0000000080600000, 0x0000000080700000, 0x0000000080700000|100%| O|  |TAMS 0x0000000080700000, 0x0000000080600000| Untracked 
|   7|0x0000000080700000, 0x0000000080800000, 0x0000000080800000|100%| O|  |TAMS 0x0000000080800000, 0x0000000080700000| Untracked 
|   8|0x0000000080800000, 0x0000000080900000, 0x0000000080900000|100%| O|  |TAMS 0x0000000080900000, 0x0000000080800000| Untracked 
|   9|0x0000000080900000, 0x0000000080a00000, 0x0000000080a00000|100%| O|  |TAMS 0x0000000080a00000, 0x0000000080900000| Untracked 
|  10|0x0000000080a00000, 0x0000000080b00000, 0x0000000080b00000|100%| O|  |TAMS 0x0000000080b00000, 0x0000000080a00000| Untracked 
|  11|0x0000000080b00000, 0x0000000080c00000, 0x0000000080c00000|100%| O|  |TAMS 0x0000000080c00000, 0x0000000080b00000| Untracked 
|  12|0x0000000080c00000, 0x0000000080d00000, 0x0000000080d00000|100%| O|  |TAMS 0x0000000080d00000, 0x0000000080c00000| Untracked 
|  13|0x0000000080d00000, 0x0000000080e00000, 0x0000000080e00000|100%| O|  |TAMS 0x0000000080e00000, 0x0000000080d00000| Untracked 
|  14|0x0000000080e00000, 0x0000000080f00000, 0x0000000080f00000|100%| O|  |TAMS 0x0000000080f00000, 0x0000000080e00000| Untracked 
|  15|0x0000000080f00000, 0x0000000081000000, 0x0000000081000000|100%| O|  |TAMS 0x0000000081000000, 0x0000000080f00000| Untracked 
|  16|0x0000000081000000, 0x0000000081100000, 0x0000000081100000|100%| O|  |TAMS 0x0000000081100000, 0x0000000081000000| Untracked 
|  17|0x0000000081100000, 0x0000000081200000, 0x0000000081200000|100%|HS|  |TAMS 0x0000000081200000, 0x0000000081100000| Complete 
|  18|0x0000000081200000, 0x0000000081300000, 0x0000000081300000|100%|HS|  |TAMS 0x0000000081300000, 0x0000000081200000| Complete 
|  19|0x0000000081300000, 0x0000000081400000, 0x0000000081400000|100%|HS|  |TAMS 0x0000000081400000, 0x0000000081300000| Complete 
|  20|0x0000000081400000, 0x0000000081500000, 0x0000000081500000|100%|HC|  |TAMS 0x0000000081500000, 0x0000000081400000| Complete 
|  21|0x0000000081500000, 0x0000000081600000, 0x0000000081600000|100%| O|  |TAMS 0x0000000081600000, 0x0000000081500000| Untracked 
|  22|0x0000000081600000, 0x0000000081700000, 0x0000000081700000|100%| O|  |TAMS 0x0000000081700000, 0x0000000081600000| Untracked 
|  23|0x0000000081700000, 0x0000000081800000, 0x0000000081800000|100%| O|  |TAMS 0x0000000081800000, 0x0000000081700000| Untracked 
|  24|0x0000000081800000, 0x0000000081900000, 0x0000000081900000|100%| O|  |TAMS 0x0000000081900000, 0x0000000081800000| Untracked 
|  25|0x0000000081900000, 0x0000000081a00000, 0x0000000081a00000|100%| O|  |TAMS 0x0000000081a00000, 0x0000000081900000| Untracked 
|  26|0x0000000081a00000, 0x0000000081b00000, 0x0000000081b00000|100%| O|  |TAMS 0x0000000081b00000, 0x0000000081a00000| Untracked 
|  27|0x0000000081b00000, 0x0000000081c00000, 0x0000000081c00000|100%| O|  |TAMS 0x0000000081c00000, 0x0000000081b00000| Untracked 
|  28|0x0000000081c00000, 0x0000000081d00000, 0x0000000081d00000|100%| O|  |TAMS 0x0000000081d00000, 0x0000000081c00000| Untracked 
|  29|0x0000000081d00000, 0x0000000081e00000, 0x0000000081e00000|100%| O|  |TAMS 0x0000000081e00000, 0x0000000081d00000| Untracked 
|  30|0x0000000081e00000, 0x0000000081f00000, 0x0000000081f00000|100%| O|  |TAMS 0x0000000081f00000, 0x0000000081e00000| Untracked 
|  31|0x0000000081f00000, 0x0000000082000000, 0x0000000082000000|100%| O|  |TAMS 0x0000000082000000, 0x0000000081f00000| Untracked 
|  32|0x0000000082000000, 0x0000000082000000, 0x0000000082100000|  0%| F|  |TAMS 0x0000000082000000, 0x0000000082000000| Untracked 
|  33|0x0000000082100000, 0x0000000082200000, 0x0000000082200000|100%| O|  |TAMS 0x0000000082100000, 0x0000000082100000| Untracked 
|  34|0x0000000082200000, 0x0000000082300000, 0x0000000082300000|100%| O|  |TAMS 0x0000000082200000, 0x0000000082200000| Untracked 
|  35|0x0000000082300000, 0x0000000082400000, 0x0000000082400000|100%| O|  |TAMS 0x0000000082300000, 0x0000000082300000| Untracked 
|  36|0x0000000082400000, 0x0000000082500000, 0x0000000082500000|100%| O|  |TAMS 0x0000000082400000, 0x0000000082400000| Untracked 
|  37|0x0000000082500000, 0x0000000082600000, 0x0000000082600000|100%| O|  |TAMS 0x0000000082500000, 0x0000000082500000| Untracked 
|  38|0x0000000082600000, 0x0000000082700000, 0x0000000082700000|100%| O|  |TAMS 0x0000000082600000, 0x0000000082600000| Untracked 
|  39|0x0000000082700000, 0x0000000082800000, 0x0000000082800000|100%| O|  |TAMS 0x0000000082700000, 0x0000000082700000| Untracked 
|  40|0x0000000082800000, 0x0000000082900000, 0x0000000082900000|100%| O|  |TAMS 0x0000000082800000, 0x0000000082800000| Untracked 
|  41|0x0000000082900000, 0x0000000082a00000, 0x0000000082a00000|100%| O|  |TAMS 0x0000000082900000, 0x0000000082900000| Untracked 
|  42|0x0000000082a00000, 0x0000000082b00000, 0x0000000082b00000|100%| O|  |TAMS 0x0000000082a00000, 0x0000000082a00000| Untracked 
|  43|0x0000000082b00000, 0x0000000082b46600, 0x0000000082c00000| 27%| O|  |TAMS 0x0000000082b00000, 0x0000000082b00000| Untracked 
|  44|0x0000000082c00000, 0x0000000082c00000, 0x0000000082d00000|  0%| F|  |TAMS 0x0000000082c00000, 0x0000000082c00000| Untracked 
|  45|0x0000000082d00000, 0x0000000082d00000, 0x0000000082e00000|  0%| F|  |TAMS 0x0000000082d00000, 0x0000000082d00000| Untracked 
|  46|0x0000000082e00000, 0x0000000082e00000, 0x0000000082f00000|  0%| F|  |TAMS 0x0000000082e00000, 0x0000000082e00000| Untracked 
|  47|0x0000000082f00000, 0x0000000082f00000, 0x0000000083000000|  0%| F|  |TAMS 0x0000000082f00000, 0x0000000082f00000| Untracked 
|  48|0x0000000083000000, 0x0000000083000000, 0x0000000083100000|  0%| F|  |TAMS 0x0000000083000000, 0x0000000083000000| Untracked 
|  49|0x0000000083100000, 0x0000000083100000, 0x0000000083200000|  0%| F|  |TAMS 0x0000000083100000, 0x0000000083100000| Untracked 
|  50|0x0000000083200000, 0x0000000083200000, 0x0000000083300000|  0%| F|  |TAMS 0x0000000083200000, 0x0000000083200000| Untracked 
|  51|0x0000000083300000, 0x0000000083300000, 0x0000000083400000|  0%| F|  |TAMS 0x0000000083300000, 0x0000000083300000| Untracked 
|  52|0x0000000083400000, 0x0000000083400000, 0x0000000083500000|  0%| F|  |TAMS 0x0000000083400000, 0x0000000083400000| Untracked 
|  53|0x0000000083500000, 0x0000000083500000, 0x0000000083600000|  0%| F|  |TAMS 0x0000000083500000, 0x0000000083500000| Untracked 
|  54|0x0000000083600000, 0x0000000083600000, 0x0000000083700000|  0%| F|  |TAMS 0x0000000083600000, 0x0000000083600000| Untracked 
|  55|0x0000000083700000, 0x0000000083700000, 0x0000000083800000|  0%| F|  |TAMS 0x0000000083700000, 0x0000000083700000| Untracked 
|  56|0x0000000083800000, 0x0000000083800000, 0x0000000083900000|  0%| F|  |TAMS 0x0000000083800000, 0x0000000083800000| Untracked 
|  57|0x0000000083900000, 0x0000000083900000, 0x0000000083a00000|  0%| F|  |TAMS 0x0000000083900000, 0x0000000083900000| Untracked 
|  58|0x0000000083a00000, 0x0000000083a00000, 0x0000000083b00000|  0%| F|  |TAMS 0x0000000083a00000, 0x0000000083a00000| Untracked 
|  59|0x0000000083b00000, 0x0000000083b00000, 0x0000000083c00000|  0%| F|  |TAMS 0x0000000083b00000, 0x0000000083b00000| Untracked 
|  60|0x0000000083c00000, 0x0000000083c00000, 0x0000000083d00000|  0%| F|  |TAMS 0x0000000083c00000, 0x0000000083c00000| Untracked 
|  61|0x0000000083d00000, 0x0000000083d00000, 0x0000000083e00000|  0%| F|  |TAMS 0x0000000083d00000, 0x0000000083d00000| Untracked 
|  62|0x0000000083e00000, 0x0000000083e00000, 0x0000000083f00000|  0%| F|  |TAMS 0x0000000083e00000, 0x0000000083e00000| Untracked 
|  63|0x0000000083f00000, 0x0000000083f00000, 0x0000000084000000|  0%| F|  |TAMS 0x0000000083f00000, 0x0000000083f00000| Untracked 
|  64|0x0000000084000000, 0x0000000084000000, 0x0000000084100000|  0%| F|  |TAMS 0x0000000084000000, 0x0000000084000000| Untracked 
|  65|0x0000000084100000, 0x0000000084100000, 0x0000000084200000|  0%| F|  |TAMS 0x0000000084100000, 0x0000000084100000| Untracked 
|  66|0x0000000084200000, 0x0000000084200000, 0x0000000084300000|  0%| F|  |TAMS 0x0000000084200000, 0x0000000084200000| Untracked 
|  67|0x0000000084300000, 0x0000000084300000, 0x0000000084400000|  0%| F|  |TAMS 0x0000000084300000, 0x0000000084300000| Untracked 
|  68|0x0000000084400000, 0x0000000084400000, 0x0000000084500000|  0%| F|  |TAMS 0x0000000084400000, 0x0000000084400000| Untracked 
|  69|0x0000000084500000, 0x0000000084500000, 0x0000000084600000|  0%| F|  |TAMS 0x0000000084500000, 0x0000000084500000| Untracked 
|  70|0x0000000084600000, 0x0000000084600000, 0x0000000084700000|  0%| F|  |TAMS 0x0000000084600000, 0x0000000084600000| Untracked 
|  71|0x0000000084700000, 0x0000000084700000, 0x0000000084800000|  0%| F|  |TAMS 0x0000000084700000, 0x0000000084700000| Untracked 
|  72|0x0000000084800000, 0x0000000084800000, 0x0000000084900000|  0%| F|  |TAMS 0x0000000084800000, 0x0000000084800000| Untracked 
|  73|0x0000000084900000, 0x0000000084900000, 0x0000000084a00000|  0%| F|  |TAMS 0x0000000084900000, 0x0000000084900000| Untracked 
|  74|0x0000000084a00000, 0x0000000084a00000, 0x0000000084b00000|  0%| F|  |TAMS 0x0000000084a00000, 0x0000000084a00000| Untracked 
|  75|0x0000000084b00000, 0x0000000084b00000, 0x0000000084c00000|  0%| F|  |TAMS 0x0000000084b00000, 0x0000000084b00000| Untracked 
|  76|0x0000000084c00000, 0x0000000084c00000, 0x0000000084d00000|  0%| F|  |TAMS 0x0000000084c00000, 0x0000000084c00000| Untracked 
|  77|0x0000000084d00000, 0x0000000084d00000, 0x0000000084e00000|  0%| F|  |TAMS 0x0000000084d00000, 0x0000000084d00000| Untracked 
|  78|0x0000000084e00000, 0x0000000084e00000, 0x0000000084f00000|  0%| F|  |TAMS 0x0000000084e00000, 0x0000000084e00000| Untracked 
|  79|0x0000000084f00000, 0x0000000084f00000, 0x0000000085000000|  0%| F|  |TAMS 0x0000000084f00000, 0x0000000084f00000| Untracked 
|  80|0x0000000085000000, 0x0000000085000000, 0x0000000085100000|  0%| F|  |TAMS 0x0000000085000000, 0x0000000085000000| Untracked 
|  81|0x0000000085100000, 0x0000000085100000, 0x0000000085200000|  0%| F|  |TAMS 0x0000000085100000, 0x0000000085100000| Untracked 
|  82|0x0000000085200000, 0x0000000085200000, 0x0000000085300000|  0%| F|  |TAMS 0x0000000085200000, 0x0000000085200000| Untracked 
|  83|0x0000000085300000, 0x0000000085300000, 0x0000000085400000|  0%| F|  |TAMS 0x0000000085300000, 0x0000000085300000| Untracked 
|  84|0x0000000085400000, 0x0000000085400000, 0x0000000085500000|  0%| F|  |TAMS 0x0000000085400000, 0x0000000085400000| Untracked 
|  85|0x0000000085500000, 0x0000000085500000, 0x0000000085600000|  0%| F|  |TAMS 0x0000000085500000, 0x0000000085500000| Untracked 
|  86|0x0000000085600000, 0x0000000085600000, 0x0000000085700000|  0%| F|  |TAMS 0x0000000085600000, 0x0000000085600000| Untracked 
|  87|0x0000000085700000, 0x0000000085700000, 0x0000000085800000|  0%| F|  |TAMS 0x0000000085700000, 0x0000000085700000| Untracked 
|  88|0x0000000085800000, 0x0000000085800000, 0x0000000085900000|  0%| F|  |TAMS 0x0000000085800000, 0x0000000085800000| Untracked 
|  89|0x0000000085900000, 0x0000000085900000, 0x0000000085a00000|  0%| F|  |TAMS 0x0000000085900000, 0x0000000085900000| Untracked 
|  90|0x0000000085a00000, 0x0000000085a00000, 0x0000000085b00000|  0%| F|  |TAMS 0x0000000085a00000, 0x0000000085a00000| Untracked 
|  91|0x0000000085b00000, 0x0000000085b00000, 0x0000000085c00000|  0%| F|  |TAMS 0x0000000085b00000, 0x0000000085b00000| Untracked 
|  92|0x0000000085c00000, 0x0000000085c00000, 0x0000000085d00000|  0%| F|  |TAMS 0x0000000085c00000, 0x0000000085c00000| Untracked 
|  93|0x0000000085d00000, 0x0000000085d00000, 0x0000000085e00000|  0%| F|  |TAMS 0x0000000085d00000, 0x0000000085d00000| Untracked 
|  94|0x0000000085e00000, 0x0000000085e00000, 0x0000000085f00000|  0%| F|  |TAMS 0x0000000085e00000, 0x0000000085e00000| Untracked 
|  95|0x0000000085f00000, 0x0000000085f3f3e8, 0x0000000086000000| 24%| S|CS|TAMS 0x0000000085f00000, 0x0000000085f00000| Complete 
|  96|0x0000000086000000, 0x0000000086100000, 0x0000000086100000|100%| S|CS|TAMS 0x0000000086000000, 0x0000000086000000| Complete 
|  97|0x0000000086100000, 0x0000000086200000, 0x0000000086200000|100%| S|CS|TAMS 0x0000000086100000, 0x0000000086100000| Complete 
|  98|0x0000000086200000, 0x0000000086300000, 0x0000000086300000|100%| S|CS|TAMS 0x0000000086200000, 0x0000000086200000| Complete 
|  99|0x0000000086300000, 0x0000000086400000, 0x0000000086400000|100%| S|CS|TAMS 0x0000000086300000, 0x0000000086300000| Complete 
| 100|0x0000000086400000, 0x0000000086500000, 0x0000000086500000|100%| S|CS|TAMS 0x0000000086400000, 0x0000000086400000| Complete 
| 101|0x0000000086500000, 0x0000000086600000, 0x0000000086600000|100%| S|CS|TAMS 0x0000000086500000, 0x0000000086500000| Complete 
| 102|0x0000000086600000, 0x0000000086700000, 0x0000000086700000|100%| S|CS|TAMS 0x0000000086600000, 0x0000000086600000| Complete 
| 103|0x0000000086700000, 0x0000000086800000, 0x0000000086800000|100%| S|CS|TAMS 0x0000000086700000, 0x0000000086700000| Complete 
| 104|0x0000000086800000, 0x0000000086900000, 0x0000000086900000|100%| S|CS|TAMS 0x0000000086800000, 0x0000000086800000| Complete 
| 105|0x0000000086900000, 0x0000000086a00000, 0x0000000086a00000|100%| S|CS|TAMS 0x0000000086900000, 0x0000000086900000| Complete 
| 106|0x0000000086a00000, 0x0000000086b00000, 0x0000000086b00000|100%| S|CS|TAMS 0x0000000086a00000, 0x0000000086a00000| Complete 
| 107|0x0000000086b00000, 0x0000000086c00000, 0x0000000086c00000|100%| S|CS|TAMS 0x0000000086b00000, 0x0000000086b00000| Complete 
| 108|0x0000000086c00000, 0x0000000086c00000, 0x0000000086d00000|  0%| F|  |TAMS 0x0000000086c00000, 0x0000000086c00000| Untracked 
| 109|0x0000000086d00000, 0x0000000086d00000, 0x0000000086e00000|  0%| F|  |TAMS 0x0000000086d00000, 0x0000000086d00000| Untracked 
| 110|0x0000000086e00000, 0x0000000086e00000, 0x0000000086f00000|  0%| F|  |TAMS 0x0000000086e00000, 0x0000000086e00000| Untracked 
| 111|0x0000000086f00000, 0x0000000086f00000, 0x0000000087000000|  0%| F|  |TAMS 0x0000000086f00000, 0x0000000086f00000| Untracked 
| 112|0x0000000087000000, 0x0000000087000000, 0x0000000087100000|  0%| F|  |TAMS 0x0000000087000000, 0x0000000087000000| Untracked 
| 113|0x0000000087100000, 0x0000000087100000, 0x0000000087200000|  0%| F|  |TAMS 0x0000000087100000, 0x0000000087100000| Untracked 
| 114|0x0000000087200000, 0x0000000087200000, 0x0000000087300000|  0%| F|  |TAMS 0x0000000087200000, 0x0000000087200000| Untracked 
| 115|0x0000000087300000, 0x0000000087300000, 0x0000000087400000|  0%| F|  |TAMS 0x0000000087300000, 0x0000000087300000| Untracked 
| 116|0x0000000087400000, 0x0000000087400000, 0x0000000087500000|  0%| F|  |TAMS 0x0000000087400000, 0x0000000087400000| Untracked 
| 117|0x0000000087500000, 0x0000000087500000, 0x0000000087600000|  0%| F|  |TAMS 0x0000000087500000, 0x0000000087500000| Untracked 
| 118|0x0000000087600000, 0x0000000087600000, 0x0000000087700000|  0%| F|  |TAMS 0x0000000087600000, 0x0000000087600000| Untracked 
| 119|0x0000000087700000, 0x0000000087700000, 0x0000000087800000|  0%| F|  |TAMS 0x0000000087700000, 0x0000000087700000| Untracked 
| 120|0x0000000087800000, 0x0000000087800000, 0x0000000087900000|  0%| F|  |TAMS 0x0000000087800000, 0x0000000087800000| Untracked 
| 121|0x0000000087900000, 0x0000000087900000, 0x0000000087a00000|  0%| F|  |TAMS 0x0000000087900000, 0x0000000087900000| Untracked 
| 122|0x0000000087a00000, 0x0000000087a00000, 0x0000000087b00000|  0%| F|  |TAMS 0x0000000087a00000, 0x0000000087a00000| Untracked 
| 123|0x0000000087b00000, 0x0000000087b00000, 0x0000000087c00000|  0%| F|  |TAMS 0x0000000087b00000, 0x0000000087b00000| Untracked 
| 124|0x0000000087c00000, 0x0000000087c00000, 0x0000000087d00000|  0%| F|  |TAMS 0x0000000087c00000, 0x0000000087c00000| Untracked 
| 125|0x0000000087d00000, 0x0000000087d00000, 0x0000000087e00000|  0%| F|  |TAMS 0x0000000087d00000, 0x0000000087d00000| Untracked 
| 126|0x0000000087e00000, 0x0000000087e00000, 0x0000000087f00000|  0%| F|  |TAMS 0x0000000087e00000, 0x0000000087e00000| Untracked 
| 127|0x0000000087f00000, 0x0000000087f00000, 0x0000000088000000|  0%| F|  |TAMS 0x0000000087f00000, 0x0000000087f00000| Untracked 
| 128|0x0000000088000000, 0x0000000088000000, 0x0000000088100000|  0%| F|  |TAMS 0x0000000088000000, 0x0000000088000000| Untracked 
| 129|0x0000000088100000, 0x0000000088100000, 0x0000000088200000|  0%| F|  |TAMS 0x0000000088100000, 0x0000000088100000| Untracked 
| 130|0x0000000088200000, 0x0000000088200000, 0x0000000088300000|  0%| F|  |TAMS 0x0000000088200000, 0x0000000088200000| Untracked 
| 131|0x0000000088300000, 0x0000000088300000, 0x0000000088400000|  0%| F|  |TAMS 0x0000000088300000, 0x0000000088300000| Untracked 
| 132|0x0000000088400000, 0x0000000088400000, 0x0000000088500000|  0%| F|  |TAMS 0x0000000088400000, 0x0000000088400000| Untracked 
| 133|0x0000000088500000, 0x0000000088500000, 0x0000000088600000|  0%| F|  |TAMS 0x0000000088500000, 0x0000000088500000| Untracked 
| 134|0x0000000088600000, 0x00000000886b37c0, 0x0000000088700000| 70%| E|  |TAMS 0x0000000088600000, 0x0000000088600000| Complete 
| 135|0x0000000088700000, 0x0000000088800000, 0x0000000088800000|100%| E|CS|TAMS 0x0000000088700000, 0x0000000088700000| Complete 
| 136|0x0000000088800000, 0x0000000088900000, 0x0000000088900000|100%| E|CS|TAMS 0x0000000088800000, 0x0000000088800000| Complete 
| 137|0x0000000088900000, 0x0000000088a00000, 0x0000000088a00000|100%| E|CS|TAMS 0x0000000088900000, 0x0000000088900000| Complete 
| 138|0x0000000088a00000, 0x0000000088b00000, 0x0000000088b00000|100%| E|CS|TAMS 0x0000000088a00000, 0x0000000088a00000| Complete 
| 139|0x0000000088b00000, 0x0000000088c00000, 0x0000000088c00000|100%| E|CS|TAMS 0x0000000088b00000, 0x0000000088b00000| Complete 
| 140|0x0000000088c00000, 0x0000000088d00000, 0x0000000088d00000|100%| E|CS|TAMS 0x0000000088c00000, 0x0000000088c00000| Complete 
| 141|0x0000000088d00000, 0x0000000088e00000, 0x0000000088e00000|100%| E|CS|TAMS 0x0000000088d00000, 0x0000000088d00000| Complete 
| 142|0x0000000088e00000, 0x0000000088f00000, 0x0000000088f00000|100%| E|CS|TAMS 0x0000000088e00000, 0x0000000088e00000| Complete 
| 143|0x0000000088f00000, 0x0000000089000000, 0x0000000089000000|100%| E|CS|TAMS 0x0000000088f00000, 0x0000000088f00000| Complete 
| 144|0x0000000089000000, 0x0000000089100000, 0x0000000089100000|100%| E|CS|TAMS 0x0000000089000000, 0x0000000089000000| Complete 
| 145|0x0000000089100000, 0x0000000089200000, 0x0000000089200000|100%| E|CS|TAMS 0x0000000089100000, 0x0000000089100000| Complete 
| 146|0x0000000089200000, 0x0000000089300000, 0x0000000089300000|100%| E|CS|TAMS 0x0000000089200000, 0x0000000089200000| Complete 
| 147|0x0000000089300000, 0x0000000089400000, 0x0000000089400000|100%| E|CS|TAMS 0x0000000089300000, 0x0000000089300000| Complete 
| 148|0x0000000089400000, 0x0000000089500000, 0x0000000089500000|100%| E|CS|TAMS 0x0000000089400000, 0x0000000089400000| Complete 
| 149|0x0000000089500000, 0x0000000089600000, 0x0000000089600000|100%| E|CS|TAMS 0x0000000089500000, 0x0000000089500000| Complete 
| 150|0x0000000089600000, 0x0000000089700000, 0x0000000089700000|100%| E|CS|TAMS 0x0000000089600000, 0x0000000089600000| Complete 
| 151|0x0000000089700000, 0x0000000089800000, 0x0000000089800000|100%| E|CS|TAMS 0x0000000089700000, 0x0000000089700000| Complete 
| 152|0x0000000089800000, 0x0000000089900000, 0x0000000089900000|100%| E|CS|TAMS 0x0000000089800000, 0x0000000089800000| Complete 
| 153|0x0000000089900000, 0x0000000089a00000, 0x0000000089a00000|100%| E|CS|TAMS 0x0000000089900000, 0x0000000089900000| Complete 
| 154|0x0000000089a00000, 0x0000000089b00000, 0x0000000089b00000|100%| E|CS|TAMS 0x0000000089a00000, 0x0000000089a00000| Complete 
| 155|0x0000000089b00000, 0x0000000089c00000, 0x0000000089c00000|100%| E|CS|TAMS 0x0000000089b00000, 0x0000000089b00000| Complete 
| 156|0x0000000089c00000, 0x0000000089d00000, 0x0000000089d00000|100%| E|CS|TAMS 0x0000000089c00000, 0x0000000089c00000| Complete 
| 157|0x0000000089d00000, 0x0000000089e00000, 0x0000000089e00000|100%| E|CS|TAMS 0x0000000089d00000, 0x0000000089d00000| Complete 
| 158|0x0000000089e00000, 0x0000000089f00000, 0x0000000089f00000|100%| E|CS|TAMS 0x0000000089e00000, 0x0000000089e00000| Complete 
| 159|0x0000000089f00000, 0x000000008a000000, 0x000000008a000000|100%| E|CS|TAMS 0x0000000089f00000, 0x0000000089f00000| Complete 
| 160|0x000000008a000000, 0x000000008a100000, 0x000000008a100000|100%| E|CS|TAMS 0x000000008a000000, 0x000000008a000000| Complete 
| 161|0x000000008a100000, 0x000000008a200000, 0x000000008a200000|100%| E|CS|TAMS 0x000000008a100000, 0x000000008a100000| Complete 
| 162|0x000000008a200000, 0x000000008a300000, 0x000000008a300000|100%| E|CS|TAMS 0x000000008a200000, 0x000000008a200000| Complete 
| 163|0x000000008a300000, 0x000000008a400000, 0x000000008a400000|100%| E|CS|TAMS 0x000000008a300000, 0x000000008a300000| Complete 
| 164|0x000000008a400000, 0x000000008a500000, 0x000000008a500000|100%| E|CS|TAMS 0x000000008a400000, 0x000000008a400000| Complete 
| 165|0x000000008a500000, 0x000000008a600000, 0x000000008a600000|100%| E|CS|TAMS 0x000000008a500000, 0x000000008a500000| Complete 
| 166|0x000000008a600000, 0x000000008a700000, 0x000000008a700000|100%| E|CS|TAMS 0x000000008a600000, 0x000000008a600000| Complete 
| 167|0x000000008a700000, 0x000000008a800000, 0x000000008a800000|100%| E|CS|TAMS 0x000000008a700000, 0x000000008a700000| Complete 
| 168|0x000000008a800000, 0x000000008a900000, 0x000000008a900000|100%| E|CS|TAMS 0x000000008a800000, 0x000000008a800000| Complete 
| 169|0x000000008a900000, 0x000000008aa00000, 0x000000008aa00000|100%| E|CS|TAMS 0x000000008a900000, 0x000000008a900000| Complete 
| 170|0x000000008aa00000, 0x000000008ab00000, 0x000000008ab00000|100%| E|CS|TAMS 0x000000008aa00000, 0x000000008aa00000| Complete 
| 171|0x000000008ab00000, 0x000000008ac00000, 0x000000008ac00000|100%| E|CS|TAMS 0x000000008ab00000, 0x000000008ab00000| Complete 
| 172|0x000000008ac00000, 0x000000008ad00000, 0x000000008ad00000|100%| E|CS|TAMS 0x000000008ac00000, 0x000000008ac00000| Complete 
| 173|0x000000008ad00000, 0x000000008ae00000, 0x000000008ae00000|100%| E|CS|TAMS 0x000000008ad00000, 0x000000008ad00000| Complete 
| 174|0x000000008ae00000, 0x000000008af00000, 0x000000008af00000|100%| E|CS|TAMS 0x000000008ae00000, 0x000000008ae00000| Complete 
| 175|0x000000008af00000, 0x000000008b000000, 0x000000008b000000|100%| E|CS|TAMS 0x000000008af00000, 0x000000008af00000| Complete 
| 176|0x000000008b000000, 0x000000008b100000, 0x000000008b100000|100%| E|CS|TAMS 0x000000008b000000, 0x000000008b000000| Complete 
| 177|0x000000008b100000, 0x000000008b200000, 0x000000008b200000|100%| E|CS|TAMS 0x000000008b100000, 0x000000008b100000| Complete 
| 178|0x000000008b200000, 0x000000008b300000, 0x000000008b300000|100%| E|CS|TAMS 0x000000008b200000, 0x000000008b200000| Complete 
| 179|0x000000008b300000, 0x000000008b400000, 0x000000008b400000|100%| E|CS|TAMS 0x000000008b300000, 0x000000008b300000| Complete 
| 180|0x000000008b400000, 0x000000008b500000, 0x000000008b500000|100%| E|CS|TAMS 0x000000008b400000, 0x000000008b400000| Complete 
| 181|0x000000008b500000, 0x000000008b600000, 0x000000008b600000|100%| E|CS|TAMS 0x000000008b500000, 0x000000008b500000| Complete 
| 182|0x000000008b600000, 0x000000008b700000, 0x000000008b700000|100%| E|CS|TAMS 0x000000008b600000, 0x000000008b600000| Complete 
| 183|0x000000008b700000, 0x000000008b800000, 0x000000008b800000|100%| E|CS|TAMS 0x000000008b700000, 0x000000008b700000| Complete 
| 184|0x000000008b800000, 0x000000008b900000, 0x000000008b900000|100%| E|CS|TAMS 0x000000008b800000, 0x000000008b800000| Complete 
| 185|0x000000008b900000, 0x000000008ba00000, 0x000000008ba00000|100%| E|CS|TAMS 0x000000008b900000, 0x000000008b900000| Complete 
| 186|0x000000008ba00000, 0x000000008bb00000, 0x000000008bb00000|100%| E|CS|TAMS 0x000000008ba00000, 0x000000008ba00000| Complete 
| 187|0x000000008bb00000, 0x000000008bc00000, 0x000000008bc00000|100%| E|CS|TAMS 0x000000008bb00000, 0x000000008bb00000| Complete 
| 188|0x000000008bc00000, 0x000000008bd00000, 0x000000008bd00000|100%| E|CS|TAMS 0x000000008bc00000, 0x000000008bc00000| Complete 
| 189|0x000000008bd00000, 0x000000008be00000, 0x000000008be00000|100%| E|CS|TAMS 0x000000008bd00000, 0x000000008bd00000| Complete 
| 190|0x000000008be00000, 0x000000008bf00000, 0x000000008bf00000|100%| E|CS|TAMS 0x000000008be00000, 0x000000008be00000| Complete 
| 191|0x000000008bf00000, 0x000000008c000000, 0x000000008c000000|100%| E|CS|TAMS 0x000000008bf00000, 0x000000008bf00000| Complete 
| 192|0x000000008c000000, 0x000000008c100000, 0x000000008c100000|100%| E|CS|TAMS 0x000000008c000000, 0x000000008c000000| Complete 
| 193|0x000000008c100000, 0x000000008c200000, 0x000000008c200000|100%| E|CS|TAMS 0x000000008c100000, 0x000000008c100000| Complete 
| 194|0x000000008c200000, 0x000000008c300000, 0x000000008c300000|100%| E|CS|TAMS 0x000000008c200000, 0x000000008c200000| Complete 
| 195|0x000000008c300000, 0x000000008c400000, 0x000000008c400000|100%| E|CS|TAMS 0x000000008c300000, 0x000000008c300000| Complete 
| 196|0x000000008c400000, 0x000000008c500000, 0x000000008c500000|100%| E|CS|TAMS 0x000000008c400000, 0x000000008c400000| Complete 
| 197|0x000000008c500000, 0x000000008c600000, 0x000000008c600000|100%| E|CS|TAMS 0x000000008c500000, 0x000000008c500000| Complete 
| 198|0x000000008c600000, 0x000000008c700000, 0x000000008c700000|100%| E|CS|TAMS 0x000000008c600000, 0x000000008c600000| Complete 
| 199|0x000000008c700000, 0x000000008c800000, 0x000000008c800000|100%| E|CS|TAMS 0x000000008c700000, 0x000000008c700000| Complete 
| 200|0x000000008c800000, 0x000000008c900000, 0x000000008c900000|100%| E|CS|TAMS 0x000000008c800000, 0x000000008c800000| Complete 
| 201|0x000000008c900000, 0x000000008ca00000, 0x000000008ca00000|100%| E|CS|TAMS 0x000000008c900000, 0x000000008c900000| Complete 
| 202|0x000000008ca00000, 0x000000008cb00000, 0x000000008cb00000|100%| E|CS|TAMS 0x000000008ca00000, 0x000000008ca00000| Complete 
| 203|0x000000008cb00000, 0x000000008cc00000, 0x000000008cc00000|100%| E|CS|TAMS 0x000000008cb00000, 0x000000008cb00000| Complete 
| 204|0x000000008cc00000, 0x000000008cd00000, 0x000000008cd00000|100%| E|CS|TAMS 0x000000008cc00000, 0x000000008cc00000| Complete 
| 205|0x000000008cd00000, 0x000000008ce00000, 0x000000008ce00000|100%| E|CS|TAMS 0x000000008cd00000, 0x000000008cd00000| Complete 
| 206|0x000000008ce00000, 0x000000008cf00000, 0x000000008cf00000|100%| E|CS|TAMS 0x000000008ce00000, 0x000000008ce00000| Complete 
| 207|0x000000008cf00000, 0x000000008d000000, 0x000000008d000000|100%| E|CS|TAMS 0x000000008cf00000, 0x000000008cf00000| Complete 
| 208|0x000000008d000000, 0x000000008d100000, 0x000000008d100000|100%| E|CS|TAMS 0x000000008d000000, 0x000000008d000000| Complete 
| 209|0x000000008d100000, 0x000000008d200000, 0x000000008d200000|100%| E|CS|TAMS 0x000000008d100000, 0x000000008d100000| Complete 
| 210|0x000000008d200000, 0x000000008d300000, 0x000000008d300000|100%| E|CS|TAMS 0x000000008d200000, 0x000000008d200000| Complete 
| 211|0x000000008d300000, 0x000000008d400000, 0x000000008d400000|100%| E|CS|TAMS 0x000000008d300000, 0x000000008d300000| Complete 
| 212|0x000000008d400000, 0x000000008d500000, 0x000000008d500000|100%| E|CS|TAMS 0x000000008d400000, 0x000000008d400000| Complete 
| 213|0x000000008d500000, 0x000000008d600000, 0x000000008d600000|100%| E|CS|TAMS 0x000000008d500000, 0x000000008d500000| Complete 
| 214|0x000000008d600000, 0x000000008d700000, 0x000000008d700000|100%| E|CS|TAMS 0x000000008d600000, 0x000000008d600000| Complete 
| 215|0x000000008d700000, 0x000000008d800000, 0x000000008d800000|100%| E|CS|TAMS 0x000000008d700000, 0x000000008d700000| Complete 
| 216|0x000000008d800000, 0x000000008d900000, 0x000000008d900000|100%| E|CS|TAMS 0x000000008d800000, 0x000000008d800000| Complete 
| 217|0x000000008d900000, 0x000000008da00000, 0x000000008da00000|100%| E|CS|TAMS 0x000000008d900000, 0x000000008d900000| Complete 
| 218|0x000000008da00000, 0x000000008db00000, 0x000000008db00000|100%| E|CS|TAMS 0x000000008da00000, 0x000000008da00000| Complete 
| 219|0x000000008db00000, 0x000000008dc00000, 0x000000008dc00000|100%| E|CS|TAMS 0x000000008db00000, 0x000000008db00000| Complete 
| 220|0x000000008dc00000, 0x000000008dd00000, 0x000000008dd00000|100%| E|CS|TAMS 0x000000008dc00000, 0x000000008dc00000| Complete 
| 221|0x000000008dd00000, 0x000000008de00000, 0x000000008de00000|100%| E|CS|TAMS 0x000000008dd00000, 0x000000008dd00000| Complete 
| 222|0x000000008de00000, 0x000000008df00000, 0x000000008df00000|100%| E|CS|TAMS 0x000000008de00000, 0x000000008de00000| Complete 
| 223|0x000000008df00000, 0x000000008e000000, 0x000000008e000000|100%| E|CS|TAMS 0x000000008df00000, 0x000000008df00000| Complete 
| 224|0x000000008e000000, 0x000000008e100000, 0x000000008e100000|100%| E|CS|TAMS 0x000000008e000000, 0x000000008e000000| Complete 
| 225|0x000000008e100000, 0x000000008e200000, 0x000000008e200000|100%| E|CS|TAMS 0x000000008e100000, 0x000000008e100000| Complete 
| 226|0x000000008e200000, 0x000000008e300000, 0x000000008e300000|100%| E|CS|TAMS 0x000000008e200000, 0x000000008e200000| Complete 
| 227|0x000000008e300000, 0x000000008e400000, 0x000000008e400000|100%| E|CS|TAMS 0x000000008e300000, 0x000000008e300000| Complete 
| 228|0x000000008e400000, 0x000000008e500000, 0x000000008e500000|100%| E|CS|TAMS 0x000000008e400000, 0x000000008e400000| Complete 
| 229|0x000000008e500000, 0x000000008e600000, 0x000000008e600000|100%| E|CS|TAMS 0x000000008e500000, 0x000000008e500000| Complete 
| 230|0x000000008e600000, 0x000000008e700000, 0x000000008e700000|100%| E|CS|TAMS 0x000000008e600000, 0x000000008e600000| Complete 
| 231|0x000000008e700000, 0x000000008e800000, 0x000000008e800000|100%| E|CS|TAMS 0x000000008e700000, 0x000000008e700000| Complete 
| 232|0x000000008e800000, 0x000000008e900000, 0x000000008e900000|100%| E|CS|TAMS 0x000000008e800000, 0x000000008e800000| Complete 
| 233|0x000000008e900000, 0x000000008ea00000, 0x000000008ea00000|100%| E|CS|TAMS 0x000000008e900000, 0x000000008e900000| Complete 
| 234|0x000000008ea00000, 0x000000008eb00000, 0x000000008eb00000|100%| E|CS|TAMS 0x000000008ea00000, 0x000000008ea00000| Complete 
| 235|0x000000008eb00000, 0x000000008ec00000, 0x000000008ec00000|100%| E|CS|TAMS 0x000000008eb00000, 0x000000008eb00000| Complete 
| 236|0x000000008ec00000, 0x000000008ed00000, 0x000000008ed00000|100%| E|CS|TAMS 0x000000008ec00000, 0x000000008ec00000| Complete 
| 237|0x000000008ed00000, 0x000000008ee00000, 0x000000008ee00000|100%| E|CS|TAMS 0x000000008ed00000, 0x000000008ed00000| Complete 
| 238|0x000000008ee00000, 0x000000008ef00000, 0x000000008ef00000|100%| E|CS|TAMS 0x000000008ee00000, 0x000000008ee00000| Complete 
| 239|0x000000008ef00000, 0x000000008f000000, 0x000000008f000000|100%| E|CS|TAMS 0x000000008ef00000, 0x000000008ef00000| Complete 
| 240|0x000000008f000000, 0x000000008f100000, 0x000000008f100000|100%| E|CS|TAMS 0x000000008f000000, 0x000000008f000000| Complete 
| 241|0x000000008f100000, 0x000000008f200000, 0x000000008f200000|100%| E|CS|TAMS 0x000000008f100000, 0x000000008f100000| Complete 
| 242|0x000000008f200000, 0x000000008f300000, 0x000000008f300000|100%| E|CS|TAMS 0x000000008f200000, 0x000000008f200000| Complete 
| 243|0x000000008f300000, 0x000000008f400000, 0x000000008f400000|100%| E|CS|TAMS 0x000000008f300000, 0x000000008f300000| Complete 
| 244|0x000000008f400000, 0x000000008f500000, 0x000000008f500000|100%| E|CS|TAMS 0x000000008f400000, 0x000000008f400000| Complete 
| 245|0x000000008f500000, 0x000000008f600000, 0x000000008f600000|100%| E|CS|TAMS 0x000000008f500000, 0x000000008f500000| Complete 
| 246|0x000000008f600000, 0x000000008f700000, 0x000000008f700000|100%| E|CS|TAMS 0x000000008f600000, 0x000000008f600000| Complete 
| 247|0x000000008f700000, 0x000000008f800000, 0x000000008f800000|100%| E|CS|TAMS 0x000000008f700000, 0x000000008f700000| Complete 
| 248|0x000000008f800000, 0x000000008f900000, 0x000000008f900000|100%| E|CS|TAMS 0x000000008f800000, 0x000000008f800000| Complete 
| 249|0x000000008f900000, 0x000000008fa00000, 0x000000008fa00000|100%| E|CS|TAMS 0x000000008f900000, 0x000000008f900000| Complete 
| 250|0x000000008fa00000, 0x000000008fb00000, 0x000000008fb00000|100%| E|CS|TAMS 0x000000008fa00000, 0x000000008fa00000| Complete 
| 251|0x000000008fb00000, 0x000000008fc00000, 0x000000008fc00000|100%| E|CS|TAMS 0x000000008fb00000, 0x000000008fb00000| Complete 
| 252|0x000000008fc00000, 0x000000008fd00000, 0x000000008fd00000|100%| E|CS|TAMS 0x000000008fc00000, 0x000000008fc00000| Complete 
| 253|0x000000008fd00000, 0x000000008fe00000, 0x000000008fe00000|100%| E|CS|TAMS 0x000000008fd00000, 0x000000008fd00000| Complete 

Card table byte_map: [0x0000020ffcf00000,0x0000020ffd300000] _byte_map_base: 0x0000020ffcb00000

Marking Bits (Prev, Next): (CMBitMap*) 0x0000020fe9d31660, (CMBitMap*) 0x0000020fe9d31628
 Prev Bits: [0x0000020f80000000, 0x0000020f82000000)
 Next Bits: [0x0000020ffd700000, 0x0000020fff700000)

Polling page: 0x0000020fe7bb0000

Metaspace:

Usage:
  Non-class:     68.93 MB capacity,    67.60 MB ( 98%) used,     1.10 MB (  2%) free+waste,   241.38 KB ( <1%) overhead. 
      Class:     11.17 MB capacity,    10.34 MB ( 93%) used,   733.38 KB (  6%) free+waste,   114.25 KB ( <1%) overhead. 
       Both:     80.10 MB capacity,    77.94 MB ( 97%) used,     1.81 MB (  2%) free+waste,   355.63 KB ( <1%) overhead. 

Virtual space:
  Non-class space:       70.00 MB reserved,      69.00 MB ( 99%) committed 
      Class space:        1.00 GB reserved,      11.25 MB (  1%) committed 
             Both:        1.07 GB reserved,      80.25 MB (  7%) committed 

Chunk freelists:
   Non-Class:  7.00 KB
       Class:  0 bytes
        Both:  7.00 KB

MaxMetaspaceSize: 17179869184.00 GB
CompressedClassSpaceSize: 1.00 GB

CodeHeap 'non-profiled nmethods': size=120000Kb used=4745Kb max_used=4745Kb free=115254Kb
 bounds [0x0000020ff52a0000, 0x0000020ff5750000, 0x0000020ffc7d0000]
CodeHeap 'profiled nmethods': size=120000Kb used=16795Kb max_used=16795Kb free=103204Kb
 bounds [0x0000020fedd70000, 0x0000020feede0000, 0x0000020ff52a0000]
CodeHeap 'non-nmethods': size=5760Kb used=2276Kb max_used=2338Kb free=3483Kb
 bounds [0x0000020fed7d0000, 0x0000020feda40000, 0x0000020fedd70000]
 total_blobs=8864 nmethods=7992 adapters=783
 compilation: enabled
              stopped_count=0, restarted_count=0
 full_count=0

Compilation events (20 events):
Event: 6.436 Thread 0x0000020f84ab9800 7610       3       org.gradle.internal.serialize.kryo.KryoBackedEncoder::writeByte (9 bytes)
Event: 6.436 Thread 0x0000020f84ab9800 nmethod 7610 0x0000020feed2f990 code [0x0000020feed2fb60, 0x0000020feed2fda8]
Event: 6.436 Thread 0x0000020f84ab9800 7612       1       org.gradle.internal.component.model.DefaultVariantMetadata::getAttributes (5 bytes)
Event: 6.436 Thread 0x0000020f84ab9800 nmethod 7612 0x0000020ff572f390 code [0x0000020ff572f540, 0x0000020ff572f5f8]
Event: 6.436 Thread 0x0000020f84ab9800 7613       1       org.gradle.internal.component.model.DefaultVariantMetadata::getIdentifier (5 bytes)
Event: 6.436 Thread 0x0000020f84ab9800 nmethod 7613 0x0000020ff572f690 code [0x0000020ff572f840, 0x0000020ff572f8f8]
Event: 6.436 Thread 0x0000020f84ab9800 7614       1       org.gradle.internal.component.model.DefaultVariantMetadata::asDescribable (5 bytes)
Event: 6.436 Thread 0x0000020f84ab9800 nmethod 7614 0x0000020ff572f990 code [0x0000020ff572fb40, 0x0000020ff572fbf8]
Event: 6.436 Thread 0x0000020f84ab9800 7615       1       org.gradle.internal.component.model.DefaultVariantMetadata::getCapabilities (5 bytes)
Event: 6.436 Thread 0x0000020f84ab9800 nmethod 7615 0x0000020ff572fc90 code [0x0000020ff572fe40, 0x0000020ff572fef8]
Event: 6.436 Thread 0x0000020f84ab9800 7605       1       org.gradle.api.internal.artifacts.ivyservice.ivyresolve.ModuleDescriptorHashModuleSource::getDescriptorHash (5 bytes)
Event: 6.436 Thread 0x0000020f84ab9800 nmethod 7605 0x0000020ff572ff90 code [0x0000020ff5730140, 0x0000020ff57301f8]
Event: 6.436 Thread 0x0000020f84ab9800 7606       1       org.gradle.api.internal.artifacts.ivyservice.ivyresolve.ModuleDescriptorHashModuleSource::isChangingModule (5 bytes)
Event: 6.436 Thread 0x0000020f84ab9800 nmethod 7606 0x0000020ff5730290 code [0x0000020ff5730440, 0x0000020ff57304f8]
Event: 6.436 Thread 0x0000020f84ab9800 7616       1       org.gradle.api.internal.artifacts.configurations.DefaultConfiguration::access$1000 (5 bytes)
Event: 6.437 Thread 0x0000020f84ab9800 nmethod 7616 0x0000020ff5730590 code [0x0000020ff5730740, 0x0000020ff57307d8]
Event: 6.438 Thread 0x0000020f84ab9800 7618       3       org.gradle.internal.snapshot.impl.IsolatedArray::isolate (60 bytes)
Event: 6.439 Thread 0x0000020f84ab9800 nmethod 7618 0x0000020feed2ff10 code [0x0000020feed30160, 0x0000020feed30a48]
Event: 6.439 Thread 0x0000020f84ab9800 7620       3       org.gradle.api.internal.attributes.DefaultImmutableAttributes::get (10 bytes)
Event: 6.439 Thread 0x0000020f84ab9800 nmethod 7620 0x0000020feed30d10 code [0x0000020feed30ec0, 0x0000020feed31088]

GC Heap History (16 events):
Event: 0.401 GC heap before
{Heap before GC invocations=0 (full 0):
 garbage-first heap   total 260096K, used 29696K [0x0000000080000000, 0x0000000100000000)
  region size 1024K, 24 young (24576K), 0 survivors (0K)
 Metaspace       used 10238K, capacity 10493K, committed 10624K, reserved 1058816K
  class space    used 1072K, capacity 1139K, committed 1152K, reserved 1048576K
}
Event: 0.403 GC heap after
{Heap after GC invocations=1 (full 0):
 garbage-first heap   total 260096K, used 9170K [0x0000000080000000, 0x0000000100000000)
  region size 1024K, 3 young (3072K), 3 survivors (3072K)
 Metaspace       used 10238K, capacity 10493K, committed 10624K, reserved 1058816K
  class space    used 1072K, capacity 1139K, committed 1152K, reserved 1048576K
}
Event: 1.506 GC heap before
{Heap before GC invocations=1 (full 0):
 garbage-first heap   total 260096K, used 110546K [0x0000000080000000, 0x0000000100000000)
  region size 1024K, 103 young (105472K), 3 survivors (3072K)
 Metaspace       used 20702K, capacity 21141K, committed 21248K, reserved 1067008K
  class space    used 2551K, capacity 2712K, committed 2816K, reserved 1048576K
}
Event: 1.512 GC heap after
{Heap after GC invocations=2 (full 0):
 garbage-first heap   total 260096K, used 17256K [0x0000000080000000, 0x0000000100000000)
  region size 1024K, 11 young (11264K), 11 survivors (11264K)
 Metaspace       used 20702K, capacity 21141K, committed 21248K, reserved 1067008K
  class space    used 2551K, capacity 2712K, committed 2816K, reserved 1048576K
}
Event: 2.085 GC heap before
{Heap before GC invocations=3 (full 0):
 garbage-first heap   total 260096K, used 82792K [0x0000000080000000, 0x0000000100000000)
  region size 1024K, 76 young (77824K), 11 survivors (11264K)
 Metaspace       used 27384K, capacity 28061K, committed 28160K, reserved 1073152K
  class space    used 3597K, capacity 3818K, committed 3840K, reserved 1048576K
}
Event: 2.090 GC heap after
{Heap after GC invocations=4 (full 0):
 garbage-first heap   total 260096K, used 19364K [0x0000000080000000, 0x0000000100000000)
  region size 1024K, 3 young (3072K), 3 survivors (3072K)
 Metaspace       used 27384K, capacity 28061K, committed 28160K, reserved 1073152K
  class space    used 3597K, capacity 3818K, committed 3840K, reserved 1048576K
}
Event: 2.483 GC heap before
{Heap before GC invocations=4 (full 0):
 garbage-first heap   total 260096K, used 66468K [0x0000000080000000, 0x0000000100000000)
  region size 1024K, 50 young (51200K), 3 survivors (3072K)
 Metaspace       used 35114K, capacity 35798K, committed 35840K, reserved 1081344K
  class space    used 4572K, capacity 4845K, committed 4864K, reserved 1048576K
}
Event: 2.489 GC heap after
{Heap after GC invocations=5 (full 0):
 garbage-first heap   total 260096K, used 22448K [0x0000000080000000, 0x0000000100000000)
  region size 1024K, 6 young (6144K), 6 survivors (6144K)
 Metaspace       used 35114K, capacity 35798K, committed 35840K, reserved 1081344K
  class space    used 4572K, capacity 4845K, committed 4864K, reserved 1048576K
}
Event: 3.311 GC heap before
{Heap before GC invocations=6 (full 0):
 garbage-first heap   total 260096K, used 137136K [0x0000000080000000, 0x0000000100000000)
  region size 1024K, 115 young (117760K), 6 survivors (6144K)
 Metaspace       used 44592K, capacity 45636K, committed 45824K, reserved 1089536K
  class space    used 5736K, capacity 6109K, committed 6144K, reserved 1048576K
}
Event: 3.319 GC heap after
{Heap after GC invocations=7 (full 0):
 garbage-first heap   total 260096K, used 29422K [0x0000000080000000, 0x0000000100000000)
  region size 1024K, 13 young (13312K), 13 survivors (13312K)
 Metaspace       used 44592K, capacity 45636K, committed 45824K, reserved 1089536K
  class space    used 5736K, capacity 6109K, committed 6144K, reserved 1048576K
}
Event: 4.135 GC heap before
{Heap before GC invocations=7 (full 0):
 garbage-first heap   total 260096K, used 156398K [0x0000000080000000, 0x0000000100000000)
  region size 1024K, 134 young (137216K), 13 survivors (13312K)
 Metaspace       used 52766K, capacity 54159K, committed 54400K, reserved 1095680K
  class space    used 6772K, capacity 7272K, committed 7296K, reserved 1048576K
}
Event: 4.145 GC heap after
{Heap after GC invocations=8 (full 0):
 garbage-first heap   total 260096K, used 43484K [0x0000000080000000, 0x0000000100000000)
  region size 1024K, 17 young (17408K), 17 survivors (17408K)
 Metaspace       used 52766K, capacity 54159K, committed 54400K, reserved 1095680K
  class space    used 6772K, capacity 7272K, committed 7296K, reserved 1048576K
}
Event: 4.552 GC heap before
{Heap before GC invocations=8 (full 0):
 garbage-first heap   total 260096K, used 79324K [0x0000000080000000, 0x0000000100000000)
  region size 1024K, 53 young (54272K), 17 survivors (17408K)
 Metaspace       used 58572K, capacity 60063K, committed 60160K, reserved 1101824K
  class space    used 7498K, capacity 8064K, committed 8064K, reserved 1048576K
}
Event: 4.568 GC heap after
{Heap after GC invocations=9 (full 0):
 garbage-first heap   total 260096K, used 44969K [0x0000000080000000, 0x0000000100000000)
  region size 1024K, 12 young (12288K), 12 survivors (12288K)
 Metaspace       used 58572K, capacity 60063K, committed 60160K, reserved 1101824K
  class space    used 7498K, capacity 8064K, committed 8064K, reserved 1048576K
}
Event: 5.677 GC heap before
{Heap before GC invocations=10 (full 0):
 garbage-first heap   total 260096K, used 182185K [0x0000000080000000, 0x0000000100000000)
  region size 1024K, 146 young (149504K), 12 survivors (12288K)
 Metaspace       used 70633K, capacity 72396K, committed 72704K, reserved 1112064K
  class space    used 9232K, capacity 9891K, committed 9984K, reserved 1048576K
}
Event: 5.687 GC heap after
{Heap after GC invocations=11 (full 0):
 garbage-first heap   total 260096K, used 55830K [0x0000000080000000, 0x0000000100000000)
  region size 1024K, 13 young (13312K), 13 survivors (13312K)
 Metaspace       used 70633K, capacity 72396K, committed 72704K, reserved 1112064K
  class space    used 9232K, capacity 9891K, committed 9984K, reserved 1048576K
}

Deoptimization events (20 events):
Event: 6.283 Thread 0x0000020f8bc69000 Uncommon trap: trap_request=0xffffffde fr.pc=0x0000020ff53aea5c relative=0x000000000000031c
Event: 6.283 Thread 0x0000020f8bc69000 Uncommon trap: reason=class_check action=maybe_recompile pc=0x0000020ff53aea5c method=java.util.Collections$SetFromMap.remove(Ljava/lang/Object;)Z @ 5 c2
Event: 6.283 Thread 0x0000020f8bc69000 DEOPT PACKING pc=0x0000020ff53aea5c sp=0x00000095b4cfe890
Event: 6.283 Thread 0x0000020f8bc69000 DEOPT UNPACKING pc=0x0000020fed7f78af sp=0x00000095b4cfe878 mode 2
Event: 6.283 Thread 0x0000020f8bc69000 Uncommon trap: trap_request=0xffffffde fr.pc=0x0000020ff53aea5c relative=0x000000000000031c
Event: 6.283 Thread 0x0000020f8bc69000 Uncommon trap: reason=class_check action=maybe_recompile pc=0x0000020ff53aea5c method=java.util.Collections$SetFromMap.remove(Ljava/lang/Object;)Z @ 5 c2
Event: 6.283 Thread 0x0000020f8bc69000 DEOPT PACKING pc=0x0000020ff53aea5c sp=0x00000095b4cfe730
Event: 6.283 Thread 0x0000020f8bc69000 DEOPT UNPACKING pc=0x0000020fed7f78af sp=0x00000095b4cfe718 mode 2
Event: 6.293 Thread 0x0000020f8bc5f000 Uncommon trap: trap_request=0xffffffdc fr.pc=0x0000020ff5704e5c relative=0x000000000000029c
Event: 6.293 Thread 0x0000020f8bc5f000 Uncommon trap: reason=class_check action=make_not_entrant pc=0x0000020ff5704e5c method=java.util.ArrayList.toArray([Ljava/lang/Object;)[Ljava/lang/Object; @ 21 c2
Event: 6.293 Thread 0x0000020f8bc5f000 DEOPT PACKING pc=0x0000020ff5704e5c sp=0x00000095b4bfe0b0
Event: 6.293 Thread 0x0000020f8bc5f000 DEOPT UNPACKING pc=0x0000020fed7f78af sp=0x00000095b4bfe080 mode 2
Event: 6.312 Thread 0x0000020f8bc69000 Uncommon trap: trap_request=0xffffffde fr.pc=0x0000020ff53aea5c relative=0x000000000000031c
Event: 6.312 Thread 0x0000020f8bc69000 Uncommon trap: reason=class_check action=maybe_recompile pc=0x0000020ff53aea5c method=java.util.Collections$SetFromMap.remove(Ljava/lang/Object;)Z @ 5 c2
Event: 6.312 Thread 0x0000020f8bc69000 DEOPT PACKING pc=0x0000020ff53aea5c sp=0x00000095b4cfe890
Event: 6.312 Thread 0x0000020f8bc69000 DEOPT UNPACKING pc=0x0000020fed7f78af sp=0x00000095b4cfe878 mode 2
Event: 6.431 Thread 0x0000020f8bc69000 Uncommon trap: trap_request=0xffffff4d fr.pc=0x0000020ff572a448 relative=0x00000000000013e8
Event: 6.431 Thread 0x0000020f8bc69000 Uncommon trap: reason=unstable_if action=reinterpret pc=0x0000020ff572a448 method=com.esotericsoftware.kryo.io.Input.readString()Ljava/lang/String; @ 38 c2
Event: 6.431 Thread 0x0000020f8bc69000 DEOPT PACKING pc=0x0000020ff572a448 sp=0x00000095b4cfa130
Event: 6.431 Thread 0x0000020f8bc69000 DEOPT UNPACKING pc=0x0000020fed7f78af sp=0x00000095b4cfa0c8 mode 2

Classes redefined (0 events):
No events

Internal exceptions (20 events):
Event: 5.916 Thread 0x0000020f8779d800 Exception <a 'sun/nio/fs/WindowsException'{0x000000008e4de558}> (0x000000008e4de558) thrown at [./src/hotspot/share/prims/jni.cpp, line 615]
Event: 5.916 Thread 0x0000020f8779d800 Exception <a 'sun/nio/fs/WindowsException'{0x000000008e4df920}> (0x000000008e4df920) thrown at [./src/hotspot/share/prims/jni.cpp, line 615]
Event: 5.916 Thread 0x0000020f8779d800 Exception <a 'sun/nio/fs/WindowsException'{0x000000008e4e0ce8}> (0x000000008e4e0ce8) thrown at [./src/hotspot/share/prims/jni.cpp, line 615]
Event: 6.127 Thread 0x0000020f8779d800 Exception <a 'java/lang/NoSuchMethodError'{0x000000008cd90018}: 'java.lang.Object java.lang.invoke.Invokers$Holder.linkToTargetMethod(java.lang.Object, int, int, java.lang.Object)'> (0x000000008cd90018) thrown at [./src/hotspot/share/interpreter/linkResolver.cpp, line 773]
Event: 6.232 Thread 0x0000020f8779d800 Exception <a 'java/lang/NoSuchMethodError'{0x000000008c1d4a98}: 'java.lang.Object java.lang.invoke.Invokers$Holder.linkToTargetMethod(java.lang.Object, java.lang.Object, java.lang.Object, int, java.lang.Object, java.lang.Object)'> (0x000000008c1d4a98) thrown at [./src/hotspot/share/interpreter/linkResolver.cpp, line 773]
Event: 6.278 Thread 0x0000020f86ebe000 Exception <a 'java/lang/NoSuchMethodError'{0x000000008fd8aa40}: <clinit>> (0x000000008fd8aa40) thrown at [./src/hotspot/share/prims/jni.cpp, line 1362]
Event: 6.279 Thread 0x0000020f86ebe000 Exception <a 'java/lang/NoSuchMethodError'{0x000000008bc45f08}: <clinit>> (0x000000008bc45f08) thrown at [./src/hotspot/share/prims/jni.cpp, line 1362]
Event: 6.281 Thread 0x0000020f86ebe000 Exception <a 'java/lang/NoSuchMethodError'{0x000000008bc9c740}: <clinit>> (0x000000008bc9c740) thrown at [./src/hotspot/share/prims/jni.cpp, line 1362]
Event: 6.282 Thread 0x0000020f86ebe000 Exception <a 'java/lang/NoSuchMethodError'{0x000000008bcf2460}: <clinit>> (0x000000008bcf2460) thrown at [./src/hotspot/share/prims/jni.cpp, line 1362]
Event: 6.282 Thread 0x0000020f86ebe000 Exception <a 'java/lang/NoSuchMethodError'{0x000000008bcf3738}: <clinit>> (0x000000008bcf3738) thrown at [./src/hotspot/share/prims/jni.cpp, line 1362]
Event: 6.286 Thread 0x0000020f8bc69000 Exception <a 'java/lang/NoSuchMethodError'{0x000000008bb882f8}: 'java.lang.Object java.lang.invoke.DirectMethodHandle$Holder.invokeInterface(java.lang.Object, java.lang.Object, int)'> (0x000000008bb882f8) thrown at [./src/hotspot/share/interpreter/linkResolver.cpp, line 773]
Event: 6.287 Thread 0x0000020f8bc69000 Exception <a 'java/lang/NoSuchMethodError'{0x000000008bb9a6f8}: 'void java.lang.invoke.DirectMethodHandle$Holder.invokeStatic(java.lang.Object, java.lang.Object, java.lang.Object, int)'> (0x000000008bb9a6f8) thrown at [./src/hotspot/share/interpreter/linkResolver.cpp, line 773]
Event: 6.292 Thread 0x0000020f8bc5f000 Exception <a 'java/lang/NoSuchMethodError'{0x000000008b9280c8}: <clinit>> (0x000000008b9280c8) thrown at [./src/hotspot/share/prims/jni.cpp, line 1362]
Event: 6.294 Thread 0x0000020f8bc5f000 Exception <a 'java/lang/NoSuchMethodError'{0x000000008b93cb10}: <clinit>> (0x000000008b93cb10) thrown at [./src/hotspot/share/prims/jni.cpp, line 1362]
Event: 6.296 Thread 0x0000020f8bc5f000 Exception <a 'java/lang/NoSuchMethodError'{0x000000008b9a89b0}: <clinit>> (0x000000008b9a89b0) thrown at [./src/hotspot/share/prims/jni.cpp, line 1362]
Event: 6.296 Thread 0x0000020f8bc69000 Exception <a 'java/lang/IncompatibleClassChangeError'{0x000000008b99d8f8}: Found class java.lang.Object, but interface was expected> (0x000000008b99d8f8) thrown at [./src/hotspot/share/interpreter/linkResolver.cpp, line 839]
Event: 6.297 Thread 0x0000020f8bc5f000 Exception <a 'java/lang/NoSuchMethodError'{0x000000008b9b2598}: 'void java.lang.invoke.DirectMethodHandle$Holder.invokeSpecial(java.lang.Object, java.lang.Object, java.lang.Object, int)'> (0x000000008b9b2598) thrown at [./src/hotspot/share/interpreter/linkResolver.cpp, line 773]
Event: 6.313 Thread 0x0000020f86ebe000 Exception <a 'java/lang/NoSuchMethodError'{0x000000008b7829f0}: <clinit>> (0x000000008b7829f0) thrown at [./src/hotspot/share/prims/jni.cpp, line 1362]
Event: 6.333 Thread 0x0000020f8bc69000 Exception <a 'java/lang/IncompatibleClassChangeError'{0x000000008b6a9aa8}: Found class java.lang.Object, but interface was expected> (0x000000008b6a9aa8) thrown at [./src/hotspot/share/interpreter/linkResolver.cpp, line 839]
Event: 6.351 Thread 0x0000020f8bc69000 Exception <a 'java/lang/NoSuchMethodError'{0x000000008b4f5290}: 'int java.lang.invoke.DirectMethodHandle$Holder.invokeStaticInit(java.lang.Object, java.lang.Object, java.lang.Object, java.lang.Object, java.lang.Object)'> (0x000000008b4f5290) thrown at [./src/hotspot/share/interpreter/linkResolver.cpp, line 773]

Events (20 events):
Event: 6.432 loading class org/gradle/internal/component/model/IvyArtifactName
Event: 6.432 loading class org/gradle/internal/component/model/IvyArtifactName done
Event: 6.432 loading class org/gradle/internal/component/model/ConfigurationMetadata
Event: 6.432 loading class org/gradle/internal/component/model/ConfigurationMetadata done
Event: 6.433 loading class org/gradle/api/internal/artifacts/ivyservice/resolveengine/artifact/DefaultArtifactSet$SingleArtifactVariantIdentifier
Event: 6.433 loading class org/gradle/api/internal/artifacts/ivyservice/resolveengine/artifact/DefaultArtifactSet$SingleArtifactVariantIdentifier done
Event: 6.437 loading class org/gradle/api/attributes/CompatibilityCheckDetails
Event: 6.437 loading class org/gradle/api/attributes/CompatibilityCheckDetails done
Event: 6.437 loading class org/gradle/api/internal/artifacts/transform/ConsumerProvidedVariantFinder$AttributeSpecificCache
Event: 6.437 loading class org/gradle/api/internal/artifacts/transform/ConsumerProvidedVariantFinder$AttributeSpecificCache done
Event: 6.437 loading class org/gradle/api/internal/attributes/AttributeContainerInternal
Event: 6.437 loading class org/gradle/api/internal/attributes/AttributeContainerInternal done
Event: 6.437 loading class org/gradle/api/internal/artifacts/transform/ConsumerVariantMatchResult
Event: 6.437 loading class org/gradle/api/internal/artifacts/transform/ConsumerVariantMatchResult done
Event: 6.437 loading class org/gradle/api/attributes/AttributeContainer
Event: 6.437 loading class org/gradle/api/attributes/AttributeContainer done
Event: 6.437 loading class org/gradle/api/internal/artifacts/transform/ConsumerProvidedVariantFinder
Event: 6.437 loading class org/gradle/api/internal/artifacts/transform/ConsumerProvidedVariantFinder done
Event: 6.438 loading class org/gradle/api/internal/artifacts/transform/MutableConsumerVariantMatchResult
Event: 6.438 loading class org/gradle/api/internal/artifacts/transform/MutableConsumerVariantMatchResult done


Dynamic libraries:
0x00007ff701760000 - 0x00007ff70176a000 	C:\Program Files\Android\Android Studio\jre\bin\java.exe
0x00007ffac3070000 - 0x00007ffac325d000 	C:\Windows\SYSTEM32\ntdll.dll
0x00007ffac2f20000 - 0x00007ffac2fd4000 	C:\Windows\System32\KERNEL32.DLL
0x00007ffabfec0000 - 0x00007ffac0154000 	C:\Windows\System32\KERNELBASE.dll
0x00007ffac0160000 - 0x00007ffac025a000 	C:\Windows\System32\ucrtbase.dll
0x00007ffaaeb70000 - 0x00007ffaaeb87000 	C:\Program Files\Android\Android Studio\jre\bin\VCRUNTIME140.dll
0x00007ffaaebc0000 - 0x00007ffaaebd9000 	C:\Program Files\Android\Android Studio\jre\bin\jli.dll
0x00007ffac2d80000 - 0x00007ffac2f17000 	C:\Windows\System32\USER32.dll
0x00007ffac0260000 - 0x00007ffac0280000 	C:\Windows\System32\win32u.dll
0x00007ffac1130000 - 0x00007ffac1159000 	C:\Windows\System32\GDI32.dll
0x00007ffa9f160000 - 0x00007ffa9f3d9000 	C:\Windows\WinSxS\amd64_microsoft.windows.common-controls_6595b64144ccf1df_6.0.17763.2366_none_de735d0053496d5d\COMCTL32.dll
0x00007ffabfc80000 - 0x00007ffabfe1c000 	C:\Windows\System32\gdi32full.dll
0x00007ffac0990000 - 0x00007ffac0a2e000 	C:\Windows\System32\msvcrt.dll
0x00007ffac0660000 - 0x00007ffac098d000 	C:\Windows\System32\combase.dll
0x00007ffabfe20000 - 0x00007ffabfec0000 	C:\Windows\System32\msvcp_win.dll
0x00007ffac2a80000 - 0x00007ffac2b9f000 	C:\Windows\System32\RPCRT4.dll
0x00007ffabf3c0000 - 0x00007ffabf442000 	C:\Windows\System32\bcryptPrimitives.dll
0x00007ffac1160000 - 0x00007ffac118e000 	C:\Windows\System32\IMM32.DLL
0x00007ffaaea30000 - 0x00007ffaaeacd000 	C:\Program Files\Android\Android Studio\jre\bin\msvcp140.dll
0x00007ffa6b5c0000 - 0x00007ffa6c08f000 	C:\Program Files\Android\Android Studio\jre\bin\server\jvm.dll
0x00007ffac0550000 - 0x00007ffac05f4000 	C:\Windows\System32\ADVAPI32.dll
0x00007ffac2bb0000 - 0x00007ffac2c4e000 	C:\Windows\System32\sechost.dll
0x00007ffac1190000 - 0x00007ffac1198000 	C:\Windows\System32\PSAPI.DLL
0x00007ffaa1310000 - 0x00007ffaa1319000 	C:\Windows\SYSTEM32\WSOCK32.dll
0x00007ffabcd60000 - 0x00007ffabcd84000 	C:\Windows\SYSTEM32\WINMM.dll
0x00007ffab1990000 - 0x00007ffab199a000 	C:\Windows\SYSTEM32\VERSION.dll
0x00007ffac04e0000 - 0x00007ffac054d000 	C:\Windows\System32\WS2_32.dll
0x00007ffabcd30000 - 0x00007ffabcd5d000 	C:\Windows\SYSTEM32\WINMMBASE.dll
0x00007ffabf110000 - 0x00007ffabf15a000 	C:\Windows\System32\cfgmgr32.dll
0x00007ffabf0c0000 - 0x00007ffabf0d1000 	C:\Windows\System32\kernel.appcore.dll
0x00007ffaaf250000 - 0x00007ffaaf261000 	C:\Program Files\Android\Android Studio\jre\bin\verify.dll
0x00007ffabeab0000 - 0x00007ffabec9d000 	C:\Windows\SYSTEM32\DBGHELP.DLL
0x00007ffabea80000 - 0x00007ffabeaaa000 	C:\Windows\SYSTEM32\dbgcore.DLL
0x00007ffaaf220000 - 0x00007ffaaf249000 	C:\Program Files\Android\Android Studio\jre\bin\java.dll
0x00007ffabb4a0000 - 0x00007ffabb4ab000 	C:\Program Files\Android\Android Studio\jre\bin\jimage.dll
0x00007ffaaeea0000 - 0x00007ffaaeeb8000 	C:\Program Files\Android\Android Studio\jre\bin\zip.dll
0x00007ffac1410000 - 0x00007ffac2909000 	C:\Windows\System32\SHELL32.dll
0x00007ffac2cd0000 - 0x00007ffac2d78000 	C:\Windows\System32\shcore.dll
0x00007ffabf500000 - 0x00007ffabfc4a000 	C:\Windows\System32\windows.storage.dll
0x00007ffabf0e0000 - 0x00007ffabf104000 	C:\Windows\System32\profapi.dll
0x00007ffabf040000 - 0x00007ffabf09d000 	C:\Windows\System32\powrprof.dll
0x00007ffac2c50000 - 0x00007ffac2ca2000 	C:\Windows\System32\shlwapi.dll
0x00007ffac0280000 - 0x00007ffac0297000 	C:\Windows\System32\cryptsp.dll
0x00007ffaaee80000 - 0x00007ffaaee9a000 	C:\Program Files\Android\Android Studio\jre\bin\net.dll
0x00007ffabae90000 - 0x00007ffabaf81000 	C:\Windows\SYSTEM32\WINHTTP.dll
0x00007ffabe4b0000 - 0x00007ffabe517000 	C:\Windows\system32\mswsock.dll
0x00007ffaaee60000 - 0x00007ffaaee74000 	C:\Program Files\Android\Android Studio\jre\bin\nio.dll
0x00007ffaaead0000 - 0x00007ffaaeaf7000 	C:\Users\dmt\.gradle\native\e1d6ef7f7dcc3fd88c89a11ec53ec762bb8ba0a96d01ffa2cd45eb1d1d8dd5c5\windows-amd64\native-platform.dll
0x00007ffaa9490000 - 0x00007ffaa95d4000 	C:\Users\dmt\.gradle\native\5664cfc778a61ccfe75a443a1ab52a65af34e5dc3c78e0209fed803814484fcb\windows-amd64\native-platform-file-events.dll
0x00007ffab7380000 - 0x00007ffab738a000 	C:\Program Files\Android\Android Studio\jre\bin\management.dll
0x00007ffab22b0000 - 0x00007ffab22bc000 	C:\Program Files\Android\Android Studio\jre\bin\management_ext.dll
0x00007ffabe040000 - 0x00007ffabe073000 	C:\Windows\system32\rsaenh.dll
0x00007ffabfc50000 - 0x00007ffabfc76000 	C:\Windows\System32\bcrypt.dll
0x00007ffabef70000 - 0x00007ffabef99000 	C:\Windows\SYSTEM32\USERENV.dll
0x00007ffabe680000 - 0x00007ffabe68c000 	C:\Windows\SYSTEM32\CRYPTBASE.dll
0x00007ffabe1d0000 - 0x00007ffabe20d000 	C:\Windows\SYSTEM32\IPHLPAPI.DLL
0x00007ffac2ba0000 - 0x00007ffac2ba8000 	C:\Windows\System32\NSI.dll
0x00007ffab01c0000 - 0x00007ffab01d6000 	C:\Windows\SYSTEM32\dhcpcsvc6.DLL
0x00007ffab0310000 - 0x00007ffab032c000 	C:\Windows\SYSTEM32\dhcpcsvc.DLL
0x00007ffabe210000 - 0x00007ffabe2d6000 	C:\Windows\SYSTEM32\DNSAPI.dll

dbghelp: loaded successfully - version: 4.0.5 - missing functions: none
symbol engine: initialized successfully - sym options: 0x614 - pdb path: .;C:\Program Files\Android\Android Studio\jre\bin;C:\Windows\SYSTEM32;C:\Windows\WinSxS\amd64_microsoft.windows.common-controls_6595b64144ccf1df_6.0.17763.2366_none_de735d0053496d5d;C:\Program Files\Android\Android Studio\jre\bin\server;C:\Users\dmt\.gradle\native\e1d6ef7f7dcc3fd88c89a11ec53ec762bb8ba0a96d01ffa2cd45eb1d1d8dd5c5\windows-amd64;C:\Users\dmt\.gradle\native\5664cfc778a61ccfe75a443a1ab52a65af34e5dc3c78e0209fed803814484fcb\windows-amd64

VM Arguments:
jvm_args: --add-opens=java.base/java.util=ALL-UNNAMED --add-opens=java.base/java.lang=ALL-UNNAMED --add-opens=java.base/java.lang.invoke=ALL-UNNAMED --add-opens=java.base/java.util=ALL-UNNAMED --add-opens=java.prefs/java.util.prefs=ALL-UNNAMED --add-opens=java.prefs/java.util.prefs=ALL-UNNAMED --add-opens=java.base/java.nio.charset=ALL-UNNAMED --add-opens=java.base/java.net=ALL-UNNAMED --add-opens=java.base/java.util.concurrent.atomic=ALL-UNNAMED -Xmx2048m -Dfile.encoding=UTF-8 -Duser.country=RU -Duser.language=ru -Duser.variant 
java_command: org.gradle.launcher.daemon.bootstrap.GradleDaemon 7.3
java_class_path (initial): C:\Users\dmt\.gradle\wrapper\dists\gradle-7.3-bin\ddwl0k7mt9g6ak16i1m905vyv\gradle-7.3\lib\gradle-launcher-7.3.jar
Launcher Type: SUN_STANDARD

[Global flags]
     intx CICompilerCount                          = 4                                         {product} {ergonomic}
     uint ConcGCThreads                            = 2                                         {product} {ergonomic}
     uint G1ConcRefinementThreads                  = 8                                         {product} {ergonomic}
   size_t G1HeapRegionSize                         = 1048576                                   {product} {ergonomic}
    uintx GCDrainStackTargetSize                   = 64                                        {product} {ergonomic}
   size_t InitialHeapSize                          = 266338304                                 {product} {ergonomic}
   size_t MarkStackSize                            = 4194304                                   {product} {ergonomic}
   size_t MaxHeapSize                              = 2147483648                                {product} {command line}
   size_t MaxNewSize                               = 1287651328                                {product} {ergonomic}
   size_t MinHeapDeltaBytes                        = 1048576                                   {product} {ergonomic}
    uintx NonNMethodCodeHeapSize                   = 5836300                                {pd product} {ergonomic}
    uintx NonProfiledCodeHeapSize                  = 122910970                              {pd product} {ergonomic}
    uintx ProfiledCodeHeapSize                     = 122910970                              {pd product} {ergonomic}
    uintx ReservedCodeCacheSize                    = 251658240                              {pd product} {ergonomic}
     bool SegmentedCodeCache                       = true                                      {product} {ergonomic}
     bool UseCompressedClassPointers               = true                                 {lp64_product} {ergonomic}
     bool UseCompressedOops                        = true                                 {lp64_product} {ergonomic}
     bool UseG1GC                                  = true                                      {product} {ergonomic}
     bool UseLargePagesIndividualAllocation        = false                                  {pd product} {ergonomic}

Logging:
Log output configuration:
 #0: stdout all=warning uptime,level,tags
 #1: stderr all=off uptime,level,tags

Environment Variables:
PATH=C:\Program Files (x86)\Common Files\Oracle\Java\javapath;C:\Windows\system32;C:\Windows;C:\Windows\System32\Wbem;C:\Windows\System32\WindowsPowerShell\v1.0\;C:\Windows\System32\OpenSSH\;C:\Program Files (x86)\NVIDIA Corporation\PhysX\Common;C:\Program Files\PuTTY\;C:\Program Files\Git\cmd;C:\Program Files\Git\bin;C:\Users\dmt\AppData\Local\Microsoft\WindowsApps;
USERNAME=dmt
OS=Windows_NT
PROCESSOR_IDENTIFIER=Intel64 Family 6 Model 158 Stepping 13, GenuineIntel



---------------  S Y S T E M  ---------------

OS: Windows 10 , 64 bit Build 17763 (10.0.17763.2300)
OS uptime: 1 days 22:40 hours

CPU:total 8 (initial active 8) (4 cores per cpu, 2 threads per core) family 6 model 158 stepping 13 microcode 0xea, cmov, cx8, fxsr, mmx, sse, sse2, sse3, ssse3, sse4.1, sse4.2, popcnt, avx, avx2, aes, clmul, erms, 3dnowpref, lzcnt, ht, tsc, tscinvbit, bmi1, bmi2, adx, fma

Memory: 4k page, system-wide physical 16148M (4700M free)
TotalPageFile size 18196M (AvailPageFile size 5M)
current process WorkingSet (physical memory assigned to process): 466M, peak: 469M
current process commit charge ("private bytes"): 558M, peak: 562M

vm_info: OpenJDK 64-Bit Server VM (11.0.10+0-b96-7249189) for windows-amd64 JRE (11.0.10+0-b96-7249189), built on Mar 31 2021 21:44:00 by "builder" with MS VC++ 14.0 (VS2015)

END.
