#
# There is insufficient memory for the Java Runtime Environment to continue.
# Native memory allocation (malloc) failed to allocate 1250416 bytes for Chunk::new
# Possible reasons:
#   The system is out of physical RAM or swap space
#   The process is running with CompressedOops enabled, and the Java Heap may be blocking the growth of the native heap
# Possible solutions:
#   Reduce memory load on the system
#   Increase physical memory or swap space
#   Check if swap backing store is full
#   Decrease Java heap size (-Xmx/-Xms)
#   Decrease number of Java threads
#   Decrease Java thread stack sizes (-Xss)
#   Set larger code cache with -XX:ReservedCodeCacheSize=
#   JVM is running with Unscaled Compressed Oops mode in which the Java heap is
#     placed in the first 4GB address space. The Java Heap base address is the
#     maximum limit for the native heap growth. Please use -XX:HeapBaseMinAddress
#     to set the Java Heap base and to place the Java Heap above 4GB virtual address.
# This output file may be truncated or incomplete.
#
#  Out of Memory Error (./src/hotspot/share/memory/arena.cpp:197), pid=14364, tid=5552
#
# JRE version: OpenJDK Runtime Environment (11.0.10) (build 11.0.10+0-b96-7249189)
# Java VM: OpenJDK 64-Bit Server VM (11.0.10+0-b96-7249189, mixed mode, tiered, compressed oops, g1 gc, windows-amd64)
# No core dump will be written. Minidumps are not enabled by default on client versions of Windows
#

---------------  S U M M A R Y ------------

Command Line: --add-opens=java.base/java.util=ALL-UNNAMED --add-opens=java.base/java.lang=ALL-UNNAMED --add-opens=java.base/java.lang.invoke=ALL-UNNAMED --add-opens=java.base/java.util=ALL-UNNAMED --add-opens=java.prefs/java.util.prefs=ALL-UNNAMED --add-opens=java.prefs/java.util.prefs=ALL-UNNAMED --add-opens=java.base/java.nio.charset=ALL-UNNAMED --add-opens=java.base/java.net=ALL-UNNAMED --add-opens=java.base/java.util.concurrent.atomic=ALL-UNNAMED -Xmx2048m -Dfile.encoding=UTF-8 -Duser.country=RU -Duser.language=ru -Duser.variant org.gradle.launcher.daemon.bootstrap.GradleDaemon 7.3

Host: Intel(R) Core(TM) i5-9400H CPU @ 2.50GHz, 8 cores, 15G,  Windows 10 , 64 bit Build 17763 (10.0.17763.2300)
Time: Fri Dec 24 12:48:39 2021 RTZ 2 (ceia) elapsed time: 6.616590 seconds (0d 0h 0m 6s)

---------------  T H R E A D  ---------------

Current thread (0x0000027ec74b4800):  JavaThread "C2 CompilerThread1" daemon [_thread_in_native, id=5552, stack(0x000000b8cee00000,0x000000b8cef00000)]


Current CompileTask:
C2:   6616 9005       4       org.gradle.cache.internal.btree.CachingBlockStore::read (56 bytes)

Stack: [0x000000b8cee00000,0x000000b8cef00000]
Native frames: (J=compiled Java code, j=interpreted, Vv=VM code, C=native code)
V  [jvm.dll+0x5ecfaa]
V  [jvm.dll+0x722bd5]
V  [jvm.dll+0x72412d]
V  [jvm.dll+0x7247e3]
V  [jvm.dll+0x242928]
V  [jvm.dll+0xbc4fc]
V  [jvm.dll+0xbca0c]
V  [jvm.dll+0x352d7d]
V  [jvm.dll+0x320ad3]
V  [jvm.dll+0x31ffca]
V  [jvm.dll+0x1fb602]
V  [jvm.dll+0x1fa7f4]
V  [jvm.dll+0x18354c]
V  [jvm.dll+0x208ee7]
V  [jvm.dll+0x207731]
V  [jvm.dll+0x6eb1cf]
V  [jvm.dll+0x6e3d45]
V  [jvm.dll+0x5ebe96]
C  [ucrtbase.dll+0x2268a]
C  [KERNEL32.DLL+0x17974]
C  [ntdll.dll+0x5a2f1]


---------------  P R O C E S S  ---------------

Threads class SMR info:
_java_thread_list=0x0000027eccf8f000, length=133, elements={
0x0000027ea9361800, 0x0000027ec57c9000, 0x0000027ec57d7000, 0x0000027ec6079000,
0x0000027ec607a800, 0x0000027ec607e800, 0x0000027ec60c5800, 0x0000027ec60c9000,
0x0000027ec60d5800, 0x0000027ec6235800, 0x0000027ec73a2800, 0x0000027ec859f000,
0x0000027ec74b4800, 0x0000027ec62f9800, 0x0000027ec7be4800, 0x0000027ec8c31800,
0x0000027ec78fb000, 0x0000027ec70bd800, 0x0000027ec8232800, 0x0000027ec70ac800,
0x0000027ec8594800, 0x0000027ec8595800, 0x0000027ec8597000, 0x0000027ec8596800,
0x0000027ec8598000, 0x0000027ec9196800, 0x0000027ec8592800, 0x0000027ec8599000,
0x0000027ec8594000, 0x0000027ec8593000, 0x0000027ecb33d000, 0x0000027ecb33e000,
0x0000027ecb33c000, 0x0000027ecb33e800, 0x0000027ecb33a800, 0x0000027ecb341000,
0x0000027ecb342000, 0x0000027ecb342800, 0x0000027ecb33f800, 0x0000027ecb346000,
0x0000027ecb345000, 0x0000027ecb344800, 0x0000027ecb340000, 0x0000027ecb347000,
0x0000027ecb347800, 0x0000027ec8b69800, 0x0000027ec8b6a000, 0x0000027ec8b68800,
0x0000027ec8b6d800, 0x0000027ec8b6b000, 0x0000027ec8b67800, 0x0000027ec8b70000,
0x0000027ec8b70800, 0x0000027ec8b71800, 0x0000027ec8b6c000, 0x0000027ec8b6e800,
0x0000027ec8b6f000, 0x0000027ec8b72800, 0x0000027ec8b6c800, 0x0000027ec8b76800,
0x0000027ec8b74000, 0x0000027ec8b75800, 0x0000027ec8b73000, 0x0000027ec8b75000,
0x0000027ecbe29800, 0x0000027ecbe28000, 0x0000027ecbe27000, 0x0000027ecbe2c000,
0x0000027ecbe28800, 0x0000027ecbe2c800, 0x0000027ecbe2e800, 0x0000027ecbe30000,
0x0000027ecbe2d800, 0x0000027ecbe2f000, 0x0000027ecbe2a000, 0x0000027ecbe31000,
0x0000027ecbe2b000, 0x0000027ecbe32800, 0x0000027ecbe31800, 0x0000027ecbe33000,
0x0000027ecbe34000, 0x0000027ecbe35000, 0x0000027ecbe35800, 0x0000027ecce37000,
0x0000027ecce34800, 0x0000027ecce37800, 0x0000027ecce38800, 0x0000027ecce3b000,
0x0000027ecce35000, 0x0000027ecce3b800, 0x0000027ecce36000, 0x0000027ecce3d800,
0x0000027ecce39000, 0x0000027ecce3c800, 0x0000027ecce3e000, 0x0000027ecce3f000,
0x0000027ecce40000, 0x0000027ecce3a000, 0x0000027ecce43000, 0x0000027ecce40800,
0x0000027ecce41800, 0x0000027ecce42000, 0x0000027ecd63b000, 0x0000027ecd63a800,
0x0000027ecd635800, 0x0000027ecd63c000, 0x0000027ecd636000, 0x0000027ecd63c800,
0x0000027ecd637000, 0x0000027ecd638800, 0x0000027ecd638000, 0x0000027ecd63f000,
0x0000027ecd639800, 0x0000027ecd640000, 0x0000027ecd641800, 0x0000027ecd642800,
0x0000027ecd641000, 0x0000027ecd643800, 0x0000027ecd63d800, 0x0000027ecd644000,
0x0000027ecd63e800, 0x0000027ecce01000, 0x0000027ecce05000, 0x0000027ecce02000,
0x0000027ecce06000, 0x0000027ecce02800, 0x0000027ecce09000, 0x0000027ecce08800,
0x0000027ecce0a000, 0x0000027ecce07000, 0x0000027ecce07800, 0x0000027ecce04800,
0x0000027ecce0d800
}

Java Threads: ( => current thread )
  0x0000027ea9361800 JavaThread "main" [_thread_blocked, id=2092, stack(0x000000b8cd700000,0x000000b8cd800000)]
  0x0000027ec57c9000 JavaThread "Reference Handler" daemon [_thread_blocked, id=14504, stack(0x000000b8cde00000,0x000000b8cdf00000)]
  0x0000027ec57d7000 JavaThread "Finalizer" daemon [_thread_blocked, id=15012, stack(0x000000b8cdf00000,0x000000b8ce000000)]
  0x0000027ec6079000 JavaThread "Signal Dispatcher" daemon [_thread_blocked, id=1328, stack(0x000000b8ce000000,0x000000b8ce100000)]
  0x0000027ec607a800 JavaThread "Attach Listener" daemon [_thread_blocked, id=14672, stack(0x000000b8ce100000,0x000000b8ce200000)]
  0x0000027ec607e800 JavaThread "Service Thread" daemon [_thread_blocked, id=4596, stack(0x000000b8ce200000,0x000000b8ce300000)]
  0x0000027ec60c5800 JavaThread "C2 CompilerThread0" daemon [_thread_in_native, id=16376, stack(0x000000b8ce300000,0x000000b8ce400000)]
  0x0000027ec60c9000 JavaThread "C1 CompilerThread0" daemon [_thread_in_native, id=7692, stack(0x000000b8ce400000,0x000000b8ce500000)]
  0x0000027ec60d5800 JavaThread "Sweeper thread" daemon [_thread_blocked, id=2604, stack(0x000000b8ce500000,0x000000b8ce600000)]
  0x0000027ec6235800 JavaThread "Common-Cleaner" daemon [_thread_blocked, id=14520, stack(0x000000b8ce600000,0x000000b8ce700000)]
  0x0000027ec73a2800 JavaThread "Daemon health stats" [_thread_blocked, id=4260, stack(0x000000b8cef00000,0x000000b8cf000000)]
  0x0000027ec859f000 JavaThread "Incoming local TCP Connector on port 60741" [_thread_in_native, id=1012, stack(0x000000b8ce800000,0x000000b8ce900000)]
=>0x0000027ec74b4800 JavaThread "C2 CompilerThread1" daemon [_thread_in_native, id=5552, stack(0x000000b8cee00000,0x000000b8cef00000)]
  0x0000027ec62f9800 JavaThread "Daemon periodic checks" [_thread_blocked, id=8180, stack(0x000000b8cf000000,0x000000b8cf100000)]
  0x0000027ec7be4800 JavaThread "Daemon" [_thread_blocked, id=15764, stack(0x000000b8cf100000,0x000000b8cf200000)]
  0x0000027ec8c31800 JavaThread "Handler for socket connection from /127.0.0.1:60741 to /127.0.0.1:60742" [_thread_in_native, id=14460, stack(0x000000b8cf200000,0x000000b8cf300000)]
  0x0000027ec78fb000 JavaThread "Cancel handler" [_thread_blocked, id=15024, stack(0x000000b8cf300000,0x000000b8cf400000)]
  0x0000027ec70bd800 JavaThread "Daemon worker" [_thread_blocked, id=2880, stack(0x000000b8cf400000,0x000000b8cf500000)]
  0x0000027ec8232800 JavaThread "Asynchronous log dispatcher for DefaultDaemonConnection: socket connection from /127.0.0.1:60741 to /127.0.0.1:60742" [_thread_blocked, id=12440, stack(0x000000b8cf500000,0x000000b8cf600000)]
  0x0000027ec70ac800 JavaThread "Stdin handler" [_thread_blocked, id=13256, stack(0x000000b8cf600000,0x000000b8cf700000)]
  0x0000027ec8594800 JavaThread "Daemon client event forwarder" [_thread_blocked, id=3400, stack(0x000000b8cf700000,0x000000b8cf800000)]
  0x0000027ec8595800 JavaThread "Cache worker for journal cache (C:\Users\dmt\.gradle\caches\journal-1)" [_thread_blocked, id=12280, stack(0x000000b8cf800000,0x000000b8cf900000)]
  0x0000027ec8597000 JavaThread "File lock request listener" [_thread_in_native, id=4796, stack(0x000000b8cf900000,0x000000b8cfa00000)]
  0x0000027ec8596800 JavaThread "Cache worker for file hash cache (C:\Users\dmt\.gradle\caches\7.3\fileHashes)" [_thread_blocked, id=12420, stack(0x000000b8cfa00000,0x000000b8cfb00000)]
  0x0000027ec8598000 JavaThread "Cache worker for file hash cache (D:\Android_dev\WiFi\SwitchWifiSender\.gradle\7.3\fileHashes)" [_thread_blocked, id=13196, stack(0x000000b8cfe00000,0x000000b8cff00000)]
  0x0000027ec9196800 JavaThread "C2 CompilerThread2" daemon [_thread_in_native, id=15412, stack(0x000000b8cff00000,0x000000b8d0000000)]
  0x0000027ec8592800 JavaThread "File watcher server" daemon [_thread_in_native, id=9188, stack(0x000000b8d0000000,0x000000b8d0100000)]
  0x0000027ec8599000 JavaThread "File watcher consumer" daemon [_thread_blocked, id=8632, stack(0x000000b8d0100000,0x000000b8d0200000)]
  0x0000027ec8594000 JavaThread "Cache worker for checksums cache (D:\Android_dev\WiFi\SwitchWifiSender\.gradle\7.3\checksums)" [_thread_blocked, id=10080, stack(0x000000b8d0200000,0x000000b8d0300000)]
  0x0000027ec8593000 JavaThread "Cache worker for cache directory md-supplier (C:\Users\dmt\.gradle\caches\7.3\md-supplier)" [_thread_blocked, id=9264, stack(0x000000b8d0300000,0x000000b8d0400000)]
  0x0000027ecb33d000 JavaThread "Cache worker for cache directory md-rule (C:\Users\dmt\.gradle\caches\7.3\md-rule)" [_thread_blocked, id=14492, stack(0x000000b8d0400000,0x000000b8d0500000)]
  0x0000027ecb33e000 JavaThread "Cache worker for execution history cache (C:\Users\dmt\.gradle\caches\7.3\executionHistory)" [_thread_blocked, id=12304, stack(0x000000b8d0500000,0x000000b8d0600000)]
  0x0000027ecb33c000 JavaThread "jar transforms" [_thread_blocked, id=3500, stack(0x000000b8d0600000,0x000000b8d0700000)]
  0x0000027ecb33e800 JavaThread "jar transforms Thread 2" [_thread_blocked, id=1512, stack(0x000000b8d0700000,0x000000b8d0800000)]
  0x0000027ecb33a800 JavaThread "Cache worker for file content cache (C:\Users\dmt\.gradle\caches\7.3\fileContent)" [_thread_blocked, id=2056, stack(0x000000b8d0800000,0x000000b8d0900000)]
  0x0000027ecb341000 JavaThread "Cache worker for dependencies-accessors (D:\Android_dev\WiFi\SwitchWifiSender\.gradle\7.3\dependencies-accessors)" [_thread_blocked, id=3220, stack(0x000000b8d0900000,0x000000b8d0a00000)]
  0x0000027ecb342000 JavaThread "jar transforms Thread 3" [_thread_blocked, id=8236, stack(0x000000b8d0a00000,0x000000b8d0b00000)]
  0x0000027ecb342800 JavaThread "Cache worker for Build Output Cleanup Cache (D:\Android_dev\WiFi\SwitchWifiSender\.gradle\buildOutputCleanup)" [_thread_blocked, id=7176, stack(0x000000b8d0b00000,0x000000b8d0c00000)]
  0x0000027ecb33f800 JavaThread "Unconstrained build operations" [_thread_blocked, id=8744, stack(0x000000b8d0c00000,0x000000b8d0d00000)]
  0x0000027ecb346000 JavaThread "Unconstrained build operations Thread 2" [_thread_blocked, id=6996, stack(0x000000b8d0d00000,0x000000b8d0e00000)]
  0x0000027ecb345000 JavaThread "Unconstrained build operations Thread 3" [_thread_in_vm, id=5028, stack(0x000000b8d0e00000,0x000000b8d0f00000)]
  0x0000027ecb344800 JavaThread "Unconstrained build operations Thread 4" [_thread_blocked, id=14432, stack(0x000000b8d0f00000,0x000000b8d1000000)]
  0x0000027ecb340000 JavaThread "Unconstrained build operations Thread 5" [_thread_blocked, id=7636, stack(0x000000b8d1000000,0x000000b8d1100000)]
  0x0000027ecb347000 JavaThread "Unconstrained build operations Thread 6" [_thread_blocked, id=2352, stack(0x000000b8d1100000,0x000000b8d1200000)]
  0x0000027ecb347800 JavaThread "Unconstrained build operations Thread 7" [_thread_blocked, id=14112, stack(0x000000b8d1200000,0x000000b8d1300000)]
  0x0000027ec8b69800 JavaThread "Unconstrained build operations Thread 8" [_thread_blocked, id=16276, stack(0x000000b8d1300000,0x000000b8d1400000)]
  0x0000027ec8b6a000 JavaThread "Unconstrained build operations Thread 9" [_thread_blocked, id=1264, stack(0x000000b8d1400000,0x000000b8d1500000)]
  0x0000027ec8b68800 JavaThread "Unconstrained build operations Thread 10" [_thread_blocked, id=11948, stack(0x000000b8d1500000,0x000000b8d1600000)]
  0x0000027ec8b6d800 JavaThread "Unconstrained build operations Thread 11" [_thread_blocked, id=1056, stack(0x000000b8d1600000,0x000000b8d1700000)]
  0x0000027ec8b6b000 JavaThread "Unconstrained build operations Thread 12" [_thread_blocked, id=8368, stack(0x000000b8d1700000,0x000000b8d1800000)]
  0x0000027ec8b67800 JavaThread "Unconstrained build operations Thread 13" [_thread_blocked, id=12476, stack(0x000000b8d1800000,0x000000b8d1900000)]
  0x0000027ec8b70000 JavaThread "Unconstrained build operations Thread 14" [_thread_blocked, id=10176, stack(0x000000b8d1900000,0x000000b8d1a00000)]
  0x0000027ec8b70800 JavaThread "Unconstrained build operations Thread 15" [_thread_blocked, id=14252, stack(0x000000b8d1a00000,0x000000b8d1b00000)]
  0x0000027ec8b71800 JavaThread "Unconstrained build operations Thread 16" [_thread_blocked, id=11376, stack(0x000000b8d1b00000,0x000000b8d1c00000)]
  0x0000027ec8b6c000 JavaThread "Unconstrained build operations Thread 17" [_thread_blocked, id=12284, stack(0x000000b8d1c00000,0x000000b8d1d00000)]
  0x0000027ec8b6e800 JavaThread "Unconstrained build operations Thread 18" [_thread_blocked, id=16044, stack(0x000000b8d1d00000,0x000000b8d1e00000)]
  0x0000027ec8b6f000 JavaThread "Unconstrained build operations Thread 19" [_thread_blocked, id=12524, stack(0x000000b8d1e00000,0x000000b8d1f00000)]
  0x0000027ec8b72800 JavaThread "Unconstrained build operations Thread 20" [_thread_blocked, id=11112, stack(0x000000b8d1f00000,0x000000b8d2000000)]
  0x0000027ec8b6c800 JavaThread "Unconstrained build operations Thread 21" [_thread_blocked, id=10320, stack(0x000000b8d2000000,0x000000b8d2100000)]
  0x0000027ec8b76800 JavaThread "Unconstrained build operations Thread 22" [_thread_blocked, id=964, stack(0x000000b8d2100000,0x000000b8d2200000)]
  0x0000027ec8b74000 JavaThread "Unconstrained build operations Thread 23" [_thread_blocked, id=13668, stack(0x000000b8d2200000,0x000000b8d2300000)]
  0x0000027ec8b75800 JavaThread "Unconstrained build operations Thread 24" [_thread_blocked, id=11068, stack(0x000000b8d2300000,0x000000b8d2400000)]
  0x0000027ec8b73000 JavaThread "Unconstrained build operations Thread 25" [_thread_blocked, id=15864, stack(0x000000b8d2400000,0x000000b8d2500000)]
  0x0000027ec8b75000 JavaThread "Unconstrained build operations Thread 26" [_thread_blocked, id=728, stack(0x000000b8d2500000,0x000000b8d2600000)]
  0x0000027ecbe29800 JavaThread "Unconstrained build operations Thread 27" [_thread_blocked, id=2632, stack(0x000000b8d2600000,0x000000b8d2700000)]
  0x0000027ecbe28000 JavaThread "Unconstrained build operations Thread 28" [_thread_blocked, id=7432, stack(0x000000b8d2700000,0x000000b8d2800000)]
  0x0000027ecbe27000 JavaThread "Unconstrained build operations Thread 29" [_thread_blocked, id=5412, stack(0x000000b8d2800000,0x000000b8d2900000)]
  0x0000027ecbe2c000 JavaThread "Unconstrained build operations Thread 30" [_thread_blocked, id=13204, stack(0x000000b8d2900000,0x000000b8d2a00000)]
  0x0000027ecbe28800 JavaThread "Unconstrained build operations Thread 31" [_thread_blocked, id=7064, stack(0x000000b8d2a00000,0x000000b8d2b00000)]
  0x0000027ecbe2c800 JavaThread "Unconstrained build operations Thread 32" [_thread_blocked, id=12000, stack(0x000000b8d2b00000,0x000000b8d2c00000)]
  0x0000027ecbe2e800 JavaThread "Unconstrained build operations Thread 33" [_thread_blocked, id=9816, stack(0x000000b8d2c00000,0x000000b8d2d00000)]
  0x0000027ecbe30000 JavaThread "Unconstrained build operations Thread 34" [_thread_blocked, id=3076, stack(0x000000b8d2d00000,0x000000b8d2e00000)]
  0x0000027ecbe2d800 JavaThread "Unconstrained build operations Thread 35" [_thread_blocked, id=15704, stack(0x000000b8d2e00000,0x000000b8d2f00000)]
  0x0000027ecbe2f000 JavaThread "Unconstrained build operations Thread 36" [_thread_blocked, id=15364, stack(0x000000b8d2f00000,0x000000b8d3000000)]
  0x0000027ecbe2a000 JavaThread "Unconstrained build operations Thread 37" [_thread_blocked, id=13776, stack(0x000000b8d3000000,0x000000b8d3100000)]
  0x0000027ecbe31000 JavaThread "Unconstrained build operations Thread 38" [_thread_blocked, id=7032, stack(0x000000b8d3100000,0x000000b8d3200000)]
  0x0000027ecbe2b000 JavaThread "Unconstrained build operations Thread 39" [_thread_blocked, id=9680, stack(0x000000b8d3200000,0x000000b8d3300000)]
  0x0000027ecbe32800 JavaThread "Unconstrained build operations Thread 40" [_thread_blocked, id=4068, stack(0x000000b8d3300000,0x000000b8d3400000)]
  0x0000027ecbe31800 JavaThread "Unconstrained build operations Thread 41" [_thread_blocked, id=13864, stack(0x000000b8d3400000,0x000000b8d3500000)]
  0x0000027ecbe33000 JavaThread "Unconstrained build operations Thread 42" [_thread_blocked, id=10540, stack(0x000000b8d3500000,0x000000b8d3600000)]
  0x0000027ecbe34000 JavaThread "Unconstrained build operations Thread 43" [_thread_blocked, id=6988, stack(0x000000b8d3600000,0x000000b8d3700000)]
  0x0000027ecbe35000 JavaThread "Unconstrained build operations Thread 44" [_thread_blocked, id=13620, stack(0x000000b8d3700000,0x000000b8d3800000)]
  0x0000027ecbe35800 JavaThread "Unconstrained build operations Thread 45" [_thread_in_Java, id=14924, stack(0x000000b8d3800000,0x000000b8d3900000)]
  0x0000027ecce37000 JavaThread "Unconstrained build operations Thread 46" [_thread_blocked, id=12724, stack(0x000000b8d3900000,0x000000b8d3a00000)]
  0x0000027ecce34800 JavaThread "Unconstrained build operations Thread 47" [_thread_blocked, id=6656, stack(0x000000b8d3a00000,0x000000b8d3b00000)]
  0x0000027ecce37800 JavaThread "Unconstrained build operations Thread 48" [_thread_blocked, id=4928, stack(0x000000b8d3b00000,0x000000b8d3c00000)]
  0x0000027ecce38800 JavaThread "Unconstrained build operations Thread 49" [_thread_blocked, id=12504, stack(0x000000b8d3c00000,0x000000b8d3d00000)]
  0x0000027ecce3b000 JavaThread "Unconstrained build operations Thread 50" [_thread_blocked, id=16020, stack(0x000000b8d3d00000,0x000000b8d3e00000)]
  0x0000027ecce35000 JavaThread "Unconstrained build operations Thread 51" [_thread_blocked, id=15616, stack(0x000000b8d3e00000,0x000000b8d3f00000)]
  0x0000027ecce3b800 JavaThread "Unconstrained build operations Thread 52" [_thread_blocked, id=1684, stack(0x000000b8d3f00000,0x000000b8d4000000)]
  0x0000027ecce36000 JavaThread "Unconstrained build operations Thread 53" [_thread_blocked, id=10556, stack(0x000000b8d4000000,0x000000b8d4100000)]
  0x0000027ecce3d800 JavaThread "Unconstrained build operations Thread 54" [_thread_blocked, id=12536, stack(0x000000b8d4100000,0x000000b8d4200000)]
  0x0000027ecce39000 JavaThread "Unconstrained build operations Thread 55" [_thread_blocked, id=15960, stack(0x000000b8d4200000,0x000000b8d4300000)]
  0x0000027ecce3c800 JavaThread "Unconstrained build operations Thread 56" [_thread_blocked, id=12556, stack(0x000000b8d4300000,0x000000b8d4400000)]
  0x0000027ecce3e000 JavaThread "Unconstrained build operations Thread 57" [_thread_blocked, id=8128, stack(0x000000b8d4400000,0x000000b8d4500000)]
  0x0000027ecce3f000 JavaThread "Unconstrained build operations Thread 58" [_thread_blocked, id=10856, stack(0x000000b8d4500000,0x000000b8d4600000)]
  0x0000027ecce40000 JavaThread "Unconstrained build operations Thread 59" [_thread_blocked, id=2020, stack(0x000000b8d4600000,0x000000b8d4700000)]
  0x0000027ecce3a000 JavaThread "Unconstrained build operations Thread 60" [_thread_blocked, id=11128, stack(0x000000b8d4700000,0x000000b8d4800000)]
  0x0000027ecce43000 JavaThread "Unconstrained build operations Thread 61" [_thread_blocked, id=15836, stack(0x000000b8d4800000,0x000000b8d4900000)]
  0x0000027ecce40800 JavaThread "Unconstrained build operations Thread 62" [_thread_blocked, id=8076, stack(0x000000b8d4900000,0x000000b8d4a00000)]
  0x0000027ecce41800 JavaThread "Unconstrained build operations Thread 63" [_thread_blocked, id=16076, stack(0x000000b8d4a00000,0x000000b8d4b00000)]
  0x0000027ecce42000 JavaThread "Unconstrained build operations Thread 64" [_thread_blocked, id=2336, stack(0x000000b8d4b00000,0x000000b8d4c00000)]
  0x0000027ecd63b000 JavaThread "Unconstrained build operations Thread 65" [_thread_blocked, id=14304, stack(0x000000b8d4c00000,0x000000b8d4d00000)]
  0x0000027ecd63a800 JavaThread "Unconstrained build operations Thread 66" [_thread_blocked, id=3816, stack(0x000000b8d4d00000,0x000000b8d4e00000)]
  0x0000027ecd635800 JavaThread "Unconstrained build operations Thread 67" [_thread_blocked, id=10276, stack(0x000000b8d4e00000,0x000000b8d4f00000)]
  0x0000027ecd63c000 JavaThread "Unconstrained build operations Thread 68" [_thread_blocked, id=4916, stack(0x000000b8d4f00000,0x000000b8d5000000)]
  0x0000027ecd636000 JavaThread "Unconstrained build operations Thread 69" [_thread_blocked, id=8388, stack(0x000000b8d5000000,0x000000b8d5100000)]
  0x0000027ecd63c800 JavaThread "Unconstrained build operations Thread 70" [_thread_blocked, id=15288, stack(0x000000b8d5100000,0x000000b8d5200000)]
  0x0000027ecd637000 JavaThread "Unconstrained build operations Thread 71" [_thread_blocked, id=1664, stack(0x000000b8d5200000,0x000000b8d5300000)]
  0x0000027ecd638800 JavaThread "Unconstrained build operations Thread 72" [_thread_blocked, id=14848, stack(0x000000b8d5300000,0x000000b8d5400000)]
  0x0000027ecd638000 JavaThread "Unconstrained build operations Thread 73" [_thread_blocked, id=7344, stack(0x000000b8d5400000,0x000000b8d5500000)]
  0x0000027ecd63f000 JavaThread "Unconstrained build operations Thread 74" [_thread_blocked, id=15788, stack(0x000000b8d5500000,0x000000b8d5600000)]
  0x0000027ecd639800 JavaThread "Unconstrained build operations Thread 75" [_thread_blocked, id=14400, stack(0x000000b8d5600000,0x000000b8d5700000)]
  0x0000027ecd640000 JavaThread "Unconstrained build operations Thread 76" [_thread_blocked, id=15112, stack(0x000000b8d5700000,0x000000b8d5800000)]
  0x0000027ecd641800 JavaThread "Unconstrained build operations Thread 77" [_thread_blocked, id=16316, stack(0x000000b8d5800000,0x000000b8d5900000)]
  0x0000027ecd642800 JavaThread "Unconstrained build operations Thread 78" [_thread_blocked, id=15620, stack(0x000000b8d5900000,0x000000b8d5a00000)]
  0x0000027ecd641000 JavaThread "Unconstrained build operations Thread 79" [_thread_blocked, id=7048, stack(0x000000b8d5a00000,0x000000b8d5b00000)]
  0x0000027ecd643800 JavaThread "Unconstrained build operations Thread 80" [_thread_blocked, id=9484, stack(0x000000b8d5b00000,0x000000b8d5c00000)]
  0x0000027ecd63d800 JavaThread "jar transforms Thread 4" [_thread_blocked, id=11532, stack(0x000000b8d5c00000,0x000000b8d5d00000)]
  0x0000027ecd644000 JavaThread "jar transforms Thread 5" [_thread_blocked, id=1748, stack(0x000000b8d5d00000,0x000000b8d5e00000)]
  0x0000027ecd63e800 JavaThread "jar transforms Thread 6" [_thread_blocked, id=11168, stack(0x000000b8d5e00000,0x000000b8d5f00000)]
  0x0000027ecce01000 JavaThread "jar transforms Thread 7" [_thread_blocked, id=13904, stack(0x000000b8d5f00000,0x000000b8d6000000)]
  0x0000027ecce05000 JavaThread "jar transforms Thread 8" [_thread_blocked, id=12832, stack(0x000000b8d6000000,0x000000b8d6100000)]
  0x0000027ecce02000 JavaThread "Memory manager" [_thread_blocked, id=2568, stack(0x000000b8d6100000,0x000000b8d6200000)]
  0x0000027ecce06000 JavaThread "build event listener" [_thread_blocked, id=12692, stack(0x000000b8d6200000,0x000000b8d6300000)]
  0x0000027ecce02800 JavaThread "Execution worker for ':'" [_thread_blocked, id=3552, stack(0x000000b8d6300000,0x000000b8d6400000)]
  0x0000027ecce09000 JavaThread "Execution worker for ':' Thread 2" [_thread_blocked, id=15204, stack(0x000000b8d6400000,0x000000b8d6500000)]
  0x0000027ecce08800 JavaThread "Execution worker for ':' Thread 3" [_thread_blocked, id=652, stack(0x000000b8d6500000,0x000000b8d6600000)]
  0x0000027ecce0a000 JavaThread "Execution worker for ':' Thread 4" [_thread_blocked, id=15444, stack(0x000000b8d6600000,0x000000b8d6700000)]
  0x0000027ecce07000 JavaThread "Execution worker for ':' Thread 5" [_thread_blocked, id=13656, stack(0x000000b8d6700000,0x000000b8d6800000)]
  0x0000027ecce07800 JavaThread "Execution worker for ':' Thread 6" [_thread_blocked, id=11272, stack(0x000000b8d6800000,0x000000b8d6900000)]
  0x0000027ecce04800 JavaThread "Execution worker for ':' Thread 7" [_thread_blocked, id=3260, stack(0x000000b8d6900000,0x000000b8d6a00000)]
  0x0000027ecce0d800 JavaThread "Cache worker for execution history cache (D:\Android_dev\WiFi\SwitchWifiSender\.gradle\7.3\executionHistory)" [_thread_blocked, id=12272, stack(0x000000b8d6a00000,0x000000b8d6b00000)]

Other Threads:
  0x0000027ec606a000 VMThread "VM Thread" [stack: 0x000000b8cdd00000,0x000000b8cde00000] [id=16272]
  0x0000027ec6271000 WatcherThread [stack: 0x000000b8ce700000,0x000000b8ce800000] [id=16380]
  0x0000027ea9378800 GCTaskThread "GC Thread#0" [stack: 0x000000b8cd800000,0x000000b8cd900000] [id=10560]
  0x0000027ec6ddf000 GCTaskThread "GC Thread#1" [stack: 0x000000b8ce900000,0x000000b8cea00000] [id=12408]
  0x0000027ec678e000 GCTaskThread "GC Thread#2" [stack: 0x000000b8cea00000,0x000000b8ceb00000] [id=13132]
  0x0000027ec66eb000 GCTaskThread "GC Thread#3" [stack: 0x000000b8ceb00000,0x000000b8cec00000] [id=4608]
  0x0000027ec672e800 GCTaskThread "GC Thread#4" [stack: 0x000000b8cec00000,0x000000b8ced00000] [id=12220]
  0x0000027ec6f92800 GCTaskThread "GC Thread#5" [stack: 0x000000b8ced00000,0x000000b8cee00000] [id=13340]
  0x0000027ec91de000 GCTaskThread "GC Thread#6" [stack: 0x000000b8cfb00000,0x000000b8cfc00000] [id=9096]
  0x0000027ec8170800 GCTaskThread "GC Thread#7" [stack: 0x000000b8cfc00000,0x000000b8cfd00000] [id=8208]
  0x0000027ea93ad000 ConcurrentGCThread "G1 Main Marker" [stack: 0x000000b8cd900000,0x000000b8cda00000] [id=15936]
  0x0000027ea93ae800 ConcurrentGCThread "G1 Conc#0" [stack: 0x000000b8cda00000,0x000000b8cdb00000] [id=15248]
  0x0000027ec9607800 ConcurrentGCThread "G1 Conc#1" [stack: 0x000000b8cfd00000,0x000000b8cfe00000] [id=15312]
  0x0000027ea942e800 ConcurrentGCThread "G1 Refine#0" [stack: 0x000000b8cdb00000,0x000000b8cdc00000] [id=4788]
  0x0000027ec5696000 ConcurrentGCThread "G1 Young RemSet Sampling" [stack: 0x000000b8cdc00000,0x000000b8cdd00000] [id=11036]

Threads with active compile tasks:
C2 CompilerThread0   6635 9257       4       java.math.BigInteger::makePositive (259 bytes)
C2 CompilerThread1   6635 9005       4       org.gradle.cache.internal.btree.CachingBlockStore::read (56 bytes)
C2 CompilerThread2   6636 9093       4       org.gradle.cache.internal.btree.FreeListBlockStore::read (12 bytes)

VM state:not at safepoint (normal execution)

VM Mutex/Monitor currently owned by a thread: None

Heap address: 0x0000000080000000, size: 2048 MB, Compressed Oops mode: 32-bit
Narrow klass base: 0x0000000000000000, Narrow klass shift: 3
Compressed class space size: 1073741824 Address: 0x0000000100000000

Heap:
 garbage-first heap   total 260096K, used 145543K [0x0000000080000000, 0x0000000100000000)
  region size 1024K, 92 young (94208K), 8 survivors (8192K)
 Metaspace       used 80973K, capacity 83173K, committed 83456K, reserved 1122304K
  class space    used 10642K, capacity 11462K, committed 11520K, reserved 1048576K
Heap Regions: E=young(eden), S=young(survivor), O=old, HS=humongous(starts), HC=humongous(continues), CS=collection set, F=free, A=archive, TAMS=top-at-mark-start (previous, next)
|   0|0x0000000080000000, 0x0000000080100000, 0x0000000080100000|100%| O|  |TAMS 0x0000000080100000, 0x0000000080000000| Untracked 
|   1|0x0000000080100000, 0x0000000080200000, 0x0000000080200000|100%| O|  |TAMS 0x0000000080200000, 0x0000000080100000| Untracked 
|   2|0x0000000080200000, 0x0000000080300000, 0x0000000080300000|100%| O|  |TAMS 0x0000000080300000, 0x0000000080200000| Untracked 
|   3|0x0000000080300000, 0x0000000080400000, 0x0000000080400000|100%|HS|  |TAMS 0x0000000080400000, 0x0000000080300000| Complete 
|   4|0x0000000080400000, 0x0000000080500000, 0x0000000080500000|100%|HC|  |TAMS 0x0000000080500000, 0x0000000080400000| Complete 
|   5|0x0000000080500000, 0x0000000080600000, 0x0000000080600000|100%|HC|  |TAMS 0x0000000080600000, 0x0000000080500000| Complete 
|   6|0x0000000080600000, 0x0000000080700000, 0x0000000080700000|100%| O|  |TAMS 0x0000000080700000, 0x0000000080600000| Untracked 
|   7|0x0000000080700000, 0x0000000080800000, 0x0000000080800000|100%| O|  |TAMS 0x0000000080800000, 0x0000000080700000| Untracked 
|   8|0x0000000080800000, 0x0000000080900000, 0x0000000080900000|100%| O|  |TAMS 0x0000000080900000, 0x0000000080800000| Untracked 
|   9|0x0000000080900000, 0x0000000080a00000, 0x0000000080a00000|100%| O|  |TAMS 0x0000000080a00000, 0x0000000080900000| Untracked 
|  10|0x0000000080a00000, 0x0000000080b00000, 0x0000000080b00000|100%| O|  |TAMS 0x0000000080b00000, 0x0000000080a00000| Untracked 
|  11|0x0000000080b00000, 0x0000000080c00000, 0x0000000080c00000|100%| O|  |TAMS 0x0000000080c00000, 0x0000000080b00000| Untracked 
|  12|0x0000000080c00000, 0x0000000080d00000, 0x0000000080d00000|100%| O|  |TAMS 0x0000000080d00000, 0x0000000080c00000| Untracked 
|  13|0x0000000080d00000, 0x0000000080e00000, 0x0000000080e00000|100%| O|  |TAMS 0x0000000080e00000, 0x0000000080d00000| Untracked 
|  14|0x0000000080e00000, 0x0000000080f00000, 0x0000000080f00000|100%| O|  |TAMS 0x0000000080f00000, 0x0000000080e00000| Untracked 
|  15|0x0000000080f00000, 0x0000000081000000, 0x0000000081000000|100%| O|  |TAMS 0x0000000081000000, 0x0000000080f00000| Untracked 
|  16|0x0000000081000000, 0x0000000081100000, 0x0000000081100000|100%| O|  |TAMS 0x0000000081100000, 0x0000000081000000| Untracked 
|  17|0x0000000081100000, 0x0000000081200000, 0x0000000081200000|100%|HS|  |TAMS 0x0000000081200000, 0x0000000081100000| Complete 
|  18|0x0000000081200000, 0x0000000081300000, 0x0000000081300000|100%|HS|  |TAMS 0x0000000081300000, 0x0000000081200000| Complete 
|  19|0x0000000081300000, 0x0000000081400000, 0x0000000081400000|100%|HS|  |TAMS 0x0000000081400000, 0x0000000081300000| Complete 
|  20|0x0000000081400000, 0x0000000081500000, 0x0000000081500000|100%|HC|  |TAMS 0x0000000081500000, 0x0000000081400000| Complete 
|  21|0x0000000081500000, 0x0000000081600000, 0x0000000081600000|100%| O|  |TAMS 0x0000000081600000, 0x0000000081500000| Untracked 
|  22|0x0000000081600000, 0x0000000081700000, 0x0000000081700000|100%| O|  |TAMS 0x0000000081700000, 0x0000000081600000| Untracked 
|  23|0x0000000081700000, 0x0000000081800000, 0x0000000081800000|100%| O|  |TAMS 0x0000000081800000, 0x0000000081700000| Untracked 
|  24|0x0000000081800000, 0x0000000081900000, 0x0000000081900000|100%| O|  |TAMS 0x0000000081900000, 0x0000000081800000| Untracked 
|  25|0x0000000081900000, 0x0000000081a00000, 0x0000000081a00000|100%| O|  |TAMS 0x0000000081a00000, 0x0000000081900000| Untracked 
|  26|0x0000000081a00000, 0x0000000081b00000, 0x0000000081b00000|100%| O|  |TAMS 0x0000000081b00000, 0x0000000081a00000| Untracked 
|  27|0x0000000081b00000, 0x0000000081c00000, 0x0000000081c00000|100%| O|  |TAMS 0x0000000081c00000, 0x0000000081b00000| Untracked 
|  28|0x0000000081c00000, 0x0000000081d00000, 0x0000000081d00000|100%| O|  |TAMS 0x0000000081d00000, 0x0000000081c00000| Untracked 
|  29|0x0000000081d00000, 0x0000000081e00000, 0x0000000081e00000|100%| O|  |TAMS 0x0000000081e00000, 0x0000000081d00000| Untracked 
|  30|0x0000000081e00000, 0x0000000081f00000, 0x0000000081f00000|100%| O|  |TAMS 0x0000000081f00000, 0x0000000081e00000| Untracked 
|  31|0x0000000081f00000, 0x0000000082000000, 0x0000000082000000|100%| O|  |TAMS 0x0000000082000000, 0x0000000081f00000| Untracked 
|  32|0x0000000082000000, 0x0000000082100000, 0x0000000082100000|100%| O|  |TAMS 0x0000000082100000, 0x0000000082000000| Untracked 
|  33|0x0000000082100000, 0x0000000082200000, 0x0000000082200000|100%| O|  |TAMS 0x0000000082200000, 0x0000000082100000| Untracked 
|  34|0x0000000082200000, 0x0000000082300000, 0x0000000082300000|100%| O|  |TAMS 0x0000000082300000, 0x0000000082200000| Untracked 
|  35|0x0000000082300000, 0x0000000082400000, 0x0000000082400000|100%| O|  |TAMS 0x0000000082400000, 0x0000000082300000| Untracked 
|  36|0x0000000082400000, 0x0000000082500000, 0x0000000082500000|100%| O|  |TAMS 0x0000000082500000, 0x0000000082400000| Untracked 
|  37|0x0000000082500000, 0x0000000082600000, 0x0000000082600000|100%| O|  |TAMS 0x0000000082600000, 0x0000000082500000| Untracked 
|  38|0x0000000082600000, 0x0000000082700000, 0x0000000082700000|100%| O|  |TAMS 0x0000000082700000, 0x0000000082600000| Untracked 
|  39|0x0000000082700000, 0x0000000082800000, 0x0000000082800000|100%| O|  |TAMS 0x0000000082800000, 0x0000000082700000| Untracked 
|  40|0x0000000082800000, 0x0000000082900000, 0x0000000082900000|100%| O|  |TAMS 0x0000000082900000, 0x0000000082800000| Untracked 
|  41|0x0000000082900000, 0x0000000082a00000, 0x0000000082a00000|100%| O|  |TAMS 0x0000000082979000, 0x0000000082900000| Untracked 
|  42|0x0000000082a00000, 0x0000000082b00000, 0x0000000082b00000|100%| O|  |TAMS 0x0000000082a00000, 0x0000000082a00000| Untracked 
|  43|0x0000000082b00000, 0x0000000082c00000, 0x0000000082c00000|100%| O|  |TAMS 0x0000000082b00000, 0x0000000082b00000| Untracked 
|  44|0x0000000082c00000, 0x0000000082d00000, 0x0000000082d00000|100%| O|  |TAMS 0x0000000082c00000, 0x0000000082c00000| Untracked 
|  45|0x0000000082d00000, 0x0000000082e00000, 0x0000000082e00000|100%| O|  |TAMS 0x0000000082d00000, 0x0000000082d00000| Untracked 
|  46|0x0000000082e00000, 0x0000000082f00000, 0x0000000082f00000|100%| O|  |TAMS 0x0000000082e00000, 0x0000000082e00000| Untracked 
|  47|0x0000000082f00000, 0x0000000083000000, 0x0000000083000000|100%| O|  |TAMS 0x0000000082f00000, 0x0000000082f00000| Untracked 
|  48|0x0000000083000000, 0x0000000083100000, 0x0000000083100000|100%| O|  |TAMS 0x0000000083000000, 0x0000000083000000| Untracked 
|  49|0x0000000083100000, 0x0000000083200000, 0x0000000083200000|100%| O|  |TAMS 0x0000000083100000, 0x0000000083100000| Untracked 
|  50|0x0000000083200000, 0x0000000083300000, 0x0000000083300000|100%| O|  |TAMS 0x0000000083200000, 0x0000000083200000| Untracked 
|  51|0x0000000083300000, 0x0000000083400000, 0x0000000083400000|100%| O|  |TAMS 0x0000000083300000, 0x0000000083300000| Untracked 
|  52|0x0000000083400000, 0x0000000083421c00, 0x0000000083500000| 13%| O|  |TAMS 0x0000000083400000, 0x0000000083400000| Untracked 
|  53|0x0000000083500000, 0x0000000083500000, 0x0000000083600000|  0%| F|  |TAMS 0x0000000083500000, 0x0000000083500000| Untracked 
|  54|0x0000000083600000, 0x0000000083600000, 0x0000000083700000|  0%| F|  |TAMS 0x0000000083600000, 0x0000000083600000| Untracked 
|  55|0x0000000083700000, 0x0000000083700000, 0x0000000083800000|  0%| F|  |TAMS 0x0000000083700000, 0x0000000083700000| Untracked 
|  56|0x0000000083800000, 0x0000000083800000, 0x0000000083900000|  0%| F|  |TAMS 0x0000000083800000, 0x0000000083800000| Untracked 
|  57|0x0000000083900000, 0x0000000083900000, 0x0000000083a00000|  0%| F|  |TAMS 0x0000000083900000, 0x0000000083900000| Untracked 
|  58|0x0000000083a00000, 0x0000000083a00000, 0x0000000083b00000|  0%| F|  |TAMS 0x0000000083a00000, 0x0000000083a00000| Untracked 
|  59|0x0000000083b00000, 0x0000000083b00000, 0x0000000083c00000|  0%| F|  |TAMS 0x0000000083b00000, 0x0000000083b00000| Untracked 
|  60|0x0000000083c00000, 0x0000000083c00000, 0x0000000083d00000|  0%| F|  |TAMS 0x0000000083c00000, 0x0000000083c00000| Untracked 
|  61|0x0000000083d00000, 0x0000000083d00000, 0x0000000083e00000|  0%| F|  |TAMS 0x0000000083d00000, 0x0000000083d00000| Untracked 
|  62|0x0000000083e00000, 0x0000000083e00000, 0x0000000083f00000|  0%| F|  |TAMS 0x0000000083e00000, 0x0000000083e00000| Untracked 
|  63|0x0000000083f00000, 0x0000000083f00000, 0x0000000084000000|  0%| F|  |TAMS 0x0000000083f00000, 0x0000000083f00000| Untracked 
|  64|0x0000000084000000, 0x0000000084000000, 0x0000000084100000|  0%| F|  |TAMS 0x0000000084000000, 0x0000000084000000| Untracked 
|  65|0x0000000084100000, 0x0000000084100000, 0x0000000084200000|  0%| F|  |TAMS 0x0000000084100000, 0x0000000084100000| Untracked 
|  66|0x0000000084200000, 0x0000000084200000, 0x0000000084300000|  0%| F|  |TAMS 0x0000000084200000, 0x0000000084200000| Untracked 
|  67|0x0000000084300000, 0x0000000084300000, 0x0000000084400000|  0%| F|  |TAMS 0x0000000084300000, 0x0000000084300000| Untracked 
|  68|0x0000000084400000, 0x0000000084400000, 0x0000000084500000|  0%| F|  |TAMS 0x0000000084400000, 0x0000000084400000| Untracked 
|  69|0x0000000084500000, 0x0000000084500000, 0x0000000084600000|  0%| F|  |TAMS 0x0000000084500000, 0x0000000084500000| Untracked 
|  70|0x0000000084600000, 0x0000000084600000, 0x0000000084700000|  0%| F|  |TAMS 0x0000000084600000, 0x0000000084600000| Untracked 
|  71|0x0000000084700000, 0x0000000084700000, 0x0000000084800000|  0%| F|  |TAMS 0x0000000084700000, 0x0000000084700000| Untracked 
|  72|0x0000000084800000, 0x0000000084800000, 0x0000000084900000|  0%| F|  |TAMS 0x0000000084800000, 0x0000000084800000| Untracked 
|  73|0x0000000084900000, 0x0000000084900000, 0x0000000084a00000|  0%| F|  |TAMS 0x0000000084900000, 0x0000000084900000| Untracked 
|  74|0x0000000084a00000, 0x0000000084a00000, 0x0000000084b00000|  0%| F|  |TAMS 0x0000000084a00000, 0x0000000084a00000| Untracked 
|  75|0x0000000084b00000, 0x0000000084b00000, 0x0000000084c00000|  0%| F|  |TAMS 0x0000000084b00000, 0x0000000084b00000| Untracked 
|  76|0x0000000084c00000, 0x0000000084c00000, 0x0000000084d00000|  0%| F|  |TAMS 0x0000000084c00000, 0x0000000084c00000| Untracked 
|  77|0x0000000084d00000, 0x0000000084d00000, 0x0000000084e00000|  0%| F|  |TAMS 0x0000000084d00000, 0x0000000084d00000| Untracked 
|  78|0x0000000084e00000, 0x0000000084e00000, 0x0000000084f00000|  0%| F|  |TAMS 0x0000000084e00000, 0x0000000084e00000| Untracked 
|  79|0x0000000084f00000, 0x0000000084f00000, 0x0000000085000000|  0%| F|  |TAMS 0x0000000084f00000, 0x0000000084f00000| Untracked 
|  80|0x0000000085000000, 0x0000000085000000, 0x0000000085100000|  0%| F|  |TAMS 0x0000000085000000, 0x0000000085000000| Untracked 
|  81|0x0000000085100000, 0x0000000085100000, 0x0000000085200000|  0%| F|  |TAMS 0x0000000085100000, 0x0000000085100000| Untracked 
|  82|0x0000000085200000, 0x0000000085200000, 0x0000000085300000|  0%| F|  |TAMS 0x0000000085200000, 0x0000000085200000| Untracked 
|  83|0x0000000085300000, 0x0000000085300000, 0x0000000085400000|  0%| F|  |TAMS 0x0000000085300000, 0x0000000085300000| Untracked 
|  84|0x0000000085400000, 0x0000000085400000, 0x0000000085500000|  0%| F|  |TAMS 0x0000000085400000, 0x0000000085400000| Untracked 
|  85|0x0000000085500000, 0x0000000085500000, 0x0000000085600000|  0%| F|  |TAMS 0x0000000085500000, 0x0000000085500000| Untracked 
|  86|0x0000000085600000, 0x0000000085600000, 0x0000000085700000|  0%| F|  |TAMS 0x0000000085600000, 0x0000000085600000| Untracked 
|  87|0x0000000085700000, 0x0000000085700000, 0x0000000085800000|  0%| F|  |TAMS 0x0000000085700000, 0x0000000085700000| Untracked 
|  88|0x0000000085800000, 0x0000000085800000, 0x0000000085900000|  0%| F|  |TAMS 0x0000000085800000, 0x0000000085800000| Untracked 
|  89|0x0000000085900000, 0x0000000085900000, 0x0000000085a00000|  0%| F|  |TAMS 0x0000000085900000, 0x0000000085900000| Untracked 
|  90|0x0000000085a00000, 0x0000000085a00000, 0x0000000085b00000|  0%| F|  |TAMS 0x0000000085a00000, 0x0000000085a00000| Untracked 
|  91|0x0000000085b00000, 0x0000000085b00000, 0x0000000085c00000|  0%| F|  |TAMS 0x0000000085b00000, 0x0000000085b00000| Untracked 
|  92|0x0000000085c00000, 0x0000000085c00000, 0x0000000085d00000|  0%| F|  |TAMS 0x0000000085c00000, 0x0000000085c00000| Untracked 
|  93|0x0000000085d00000, 0x0000000085d00000, 0x0000000085e00000|  0%| F|  |TAMS 0x0000000085d00000, 0x0000000085d00000| Untracked 
|  94|0x0000000085e00000, 0x0000000085e00000, 0x0000000085f00000|  0%| F|  |TAMS 0x0000000085e00000, 0x0000000085e00000| Untracked 
|  95|0x0000000085f00000, 0x0000000085f00000, 0x0000000086000000|  0%| F|  |TAMS 0x0000000085f00000, 0x0000000085f00000| Untracked 
|  96|0x0000000086000000, 0x0000000086000000, 0x0000000086100000|  0%| F|  |TAMS 0x0000000086000000, 0x0000000086000000| Untracked 
|  97|0x0000000086100000, 0x0000000086100000, 0x0000000086200000|  0%| F|  |TAMS 0x0000000086100000, 0x0000000086100000| Untracked 
|  98|0x0000000086200000, 0x0000000086200000, 0x0000000086300000|  0%| F|  |TAMS 0x0000000086200000, 0x0000000086200000| Untracked 
|  99|0x0000000086300000, 0x0000000086300000, 0x0000000086400000|  0%| F|  |TAMS 0x0000000086300000, 0x0000000086300000| Untracked 
| 100|0x0000000086400000, 0x0000000086400000, 0x0000000086500000|  0%| F|  |TAMS 0x0000000086400000, 0x0000000086400000| Untracked 
| 101|0x0000000086500000, 0x0000000086500000, 0x0000000086600000|  0%| F|  |TAMS 0x0000000086500000, 0x0000000086500000| Untracked 
| 102|0x0000000086600000, 0x0000000086600000, 0x0000000086700000|  0%| F|  |TAMS 0x0000000086600000, 0x0000000086600000| Untracked 
| 103|0x0000000086700000, 0x0000000086700000, 0x0000000086800000|  0%| F|  |TAMS 0x0000000086700000, 0x0000000086700000| Untracked 
| 104|0x0000000086800000, 0x0000000086800000, 0x0000000086900000|  0%| F|  |TAMS 0x0000000086800000, 0x0000000086800000| Untracked 
| 105|0x0000000086900000, 0x0000000086900000, 0x0000000086a00000|  0%| F|  |TAMS 0x0000000086900000, 0x0000000086900000| Untracked 
| 106|0x0000000086a00000, 0x0000000086a00000, 0x0000000086b00000|  0%| F|  |TAMS 0x0000000086a00000, 0x0000000086a00000| Untracked 
| 107|0x0000000086b00000, 0x0000000086b00000, 0x0000000086c00000|  0%| F|  |TAMS 0x0000000086b00000, 0x0000000086b00000| Untracked 
| 108|0x0000000086c00000, 0x0000000086c00000, 0x0000000086d00000|  0%| F|  |TAMS 0x0000000086c00000, 0x0000000086c00000| Untracked 
| 109|0x0000000086d00000, 0x0000000086d00000, 0x0000000086e00000|  0%| F|  |TAMS 0x0000000086d00000, 0x0000000086d00000| Untracked 
| 110|0x0000000086e00000, 0x0000000086e00000, 0x0000000086f00000|  0%| F|  |TAMS 0x0000000086e00000, 0x0000000086e00000| Untracked 
| 111|0x0000000086f00000, 0x0000000086f00000, 0x0000000087000000|  0%| F|  |TAMS 0x0000000086f00000, 0x0000000086f00000| Untracked 
| 112|0x0000000087000000, 0x0000000087100000, 0x0000000087100000|100%| S|CS|TAMS 0x0000000087000000, 0x0000000087000000| Complete 
| 113|0x0000000087100000, 0x0000000087200000, 0x0000000087200000|100%| S|CS|TAMS 0x0000000087100000, 0x0000000087100000| Complete 
| 114|0x0000000087200000, 0x0000000087300000, 0x0000000087300000|100%| S|CS|TAMS 0x0000000087200000, 0x0000000087200000| Complete 
| 115|0x0000000087300000, 0x0000000087400000, 0x0000000087400000|100%| S|CS|TAMS 0x0000000087300000, 0x0000000087300000| Complete 
| 116|0x0000000087400000, 0x0000000087500000, 0x0000000087500000|100%| S|CS|TAMS 0x0000000087400000, 0x0000000087400000| Complete 
| 117|0x0000000087500000, 0x0000000087600000, 0x0000000087600000|100%| S|CS|TAMS 0x0000000087500000, 0x0000000087500000| Complete 
| 118|0x0000000087600000, 0x0000000087600000, 0x0000000087700000|  0%| F|  |TAMS 0x0000000087600000, 0x0000000087600000| Untracked 
| 119|0x0000000087700000, 0x0000000087700000, 0x0000000087800000|  0%| F|  |TAMS 0x0000000087700000, 0x0000000087700000| Untracked 
| 120|0x0000000087800000, 0x0000000087800000, 0x0000000087900000|  0%| F|  |TAMS 0x0000000087800000, 0x0000000087800000| Untracked 
| 121|0x0000000087900000, 0x0000000087900000, 0x0000000087a00000|  0%| F|  |TAMS 0x0000000087900000, 0x0000000087900000| Untracked 
| 122|0x0000000087a00000, 0x0000000087a00000, 0x0000000087b00000|  0%| F|  |TAMS 0x0000000087a00000, 0x0000000087a00000| Untracked 
| 123|0x0000000087b00000, 0x0000000087b00000, 0x0000000087c00000|  0%| F|  |TAMS 0x0000000087b00000, 0x0000000087b00000| Untracked 
| 124|0x0000000087c00000, 0x0000000087c00000, 0x0000000087d00000|  0%| F|  |TAMS 0x0000000087c00000, 0x0000000087c00000| Untracked 
| 125|0x0000000087d00000, 0x0000000087d00000, 0x0000000087e00000|  0%| F|  |TAMS 0x0000000087d00000, 0x0000000087d00000| Untracked 
| 126|0x0000000087e00000, 0x0000000087e00000, 0x0000000087f00000|  0%| F|  |TAMS 0x0000000087e00000, 0x0000000087e00000| Untracked 
| 127|0x0000000087f00000, 0x0000000087f00000, 0x0000000088000000|  0%| F|  |TAMS 0x0000000087f00000, 0x0000000087f00000| Untracked 
| 128|0x0000000088000000, 0x0000000088000000, 0x0000000088100000|  0%| F|  |TAMS 0x0000000088000000, 0x0000000088000000| Untracked 
| 129|0x0000000088100000, 0x0000000088200000, 0x0000000088200000|100%| S|CS|TAMS 0x0000000088100000, 0x0000000088100000| Complete 
| 130|0x0000000088200000, 0x0000000088300000, 0x0000000088300000|100%| S|CS|TAMS 0x0000000088200000, 0x0000000088200000| Complete 
| 131|0x0000000088300000, 0x0000000088300000, 0x0000000088400000|  0%| F|  |TAMS 0x0000000088300000, 0x0000000088300000| Untracked 
| 132|0x0000000088400000, 0x0000000088400000, 0x0000000088500000|  0%| F|  |TAMS 0x0000000088400000, 0x0000000088400000| Untracked 
| 133|0x0000000088500000, 0x0000000088500000, 0x0000000088600000|  0%| F|  |TAMS 0x0000000088500000, 0x0000000088500000| Untracked 
| 134|0x0000000088600000, 0x0000000088600000, 0x0000000088700000|  0%| F|  |TAMS 0x0000000088600000, 0x0000000088600000| Untracked 
| 135|0x0000000088700000, 0x0000000088700000, 0x0000000088800000|  0%| F|  |TAMS 0x0000000088700000, 0x0000000088700000| Untracked 
| 136|0x0000000088800000, 0x0000000088800000, 0x0000000088900000|  0%| F|  |TAMS 0x0000000088800000, 0x0000000088800000| Untracked 
| 137|0x0000000088900000, 0x0000000088900000, 0x0000000088a00000|  0%| F|  |TAMS 0x0000000088900000, 0x0000000088900000| Untracked 
| 138|0x0000000088a00000, 0x0000000088a00000, 0x0000000088b00000|  0%| F|  |TAMS 0x0000000088a00000, 0x0000000088a00000| Untracked 
| 139|0x0000000088b00000, 0x0000000088b00000, 0x0000000088c00000|  0%| F|  |TAMS 0x0000000088b00000, 0x0000000088b00000| Untracked 
| 140|0x0000000088c00000, 0x0000000088c00000, 0x0000000088d00000|  0%| F|  |TAMS 0x0000000088c00000, 0x0000000088c00000| Untracked 
| 141|0x0000000088d00000, 0x0000000088d00000, 0x0000000088e00000|  0%| F|  |TAMS 0x0000000088d00000, 0x0000000088d00000| Untracked 
| 142|0x0000000088e00000, 0x0000000088e00000, 0x0000000088f00000|  0%| F|  |TAMS 0x0000000088e00000, 0x0000000088e00000| Untracked 
| 143|0x0000000088f00000, 0x0000000088f00000, 0x0000000089000000|  0%| F|  |TAMS 0x0000000088f00000, 0x0000000088f00000| Untracked 
| 144|0x0000000089000000, 0x0000000089000000, 0x0000000089100000|  0%| F|  |TAMS 0x0000000089000000, 0x0000000089000000| Untracked 
| 145|0x0000000089100000, 0x0000000089100000, 0x0000000089200000|  0%| F|  |TAMS 0x0000000089100000, 0x0000000089100000| Untracked 
| 146|0x0000000089200000, 0x0000000089200000, 0x0000000089300000|  0%| F|  |TAMS 0x0000000089200000, 0x0000000089200000| Untracked 
| 147|0x0000000089300000, 0x0000000089300000, 0x0000000089400000|  0%| F|  |TAMS 0x0000000089300000, 0x0000000089300000| Untracked 
| 148|0x0000000089400000, 0x0000000089400000, 0x0000000089500000|  0%| F|  |TAMS 0x0000000089400000, 0x0000000089400000| Untracked 
| 149|0x0000000089500000, 0x0000000089500000, 0x0000000089600000|  0%| F|  |TAMS 0x0000000089500000, 0x0000000089500000| Untracked 
| 150|0x0000000089600000, 0x0000000089600000, 0x0000000089700000|  0%| F|  |TAMS 0x0000000089600000, 0x0000000089600000| Untracked 
| 151|0x0000000089700000, 0x0000000089700000, 0x0000000089800000|  0%| F|  |TAMS 0x0000000089700000, 0x0000000089700000| Untracked 
| 152|0x0000000089800000, 0x0000000089800000, 0x0000000089900000|  0%| F|  |TAMS 0x0000000089800000, 0x0000000089800000| Untracked 
| 153|0x0000000089900000, 0x0000000089900000, 0x0000000089a00000|  0%| F|  |TAMS 0x0000000089900000, 0x0000000089900000| Untracked 
| 154|0x0000000089a00000, 0x0000000089a00000, 0x0000000089b00000|  0%| F|  |TAMS 0x0000000089a00000, 0x0000000089a00000| Untracked 
| 155|0x0000000089b00000, 0x0000000089b00000, 0x0000000089c00000|  0%| F|  |TAMS 0x0000000089b00000, 0x0000000089b00000| Untracked 
| 156|0x0000000089c00000, 0x0000000089c00000, 0x0000000089d00000|  0%| F|  |TAMS 0x0000000089c00000, 0x0000000089c00000| Untracked 
| 157|0x0000000089d00000, 0x0000000089d00000, 0x0000000089e00000|  0%| F|  |TAMS 0x0000000089d00000, 0x0000000089d00000| Untracked 
| 158|0x0000000089e00000, 0x0000000089e00000, 0x0000000089f00000|  0%| F|  |TAMS 0x0000000089e00000, 0x0000000089e00000| Untracked 
| 159|0x0000000089f00000, 0x0000000089f00000, 0x000000008a000000|  0%| F|  |TAMS 0x0000000089f00000, 0x0000000089f00000| Untracked 
| 160|0x000000008a000000, 0x000000008a000000, 0x000000008a100000|  0%| F|  |TAMS 0x000000008a000000, 0x000000008a000000| Untracked 
| 161|0x000000008a100000, 0x000000008a100000, 0x000000008a200000|  0%| F|  |TAMS 0x000000008a100000, 0x000000008a100000| Untracked 
| 162|0x000000008a200000, 0x000000008a200000, 0x000000008a300000|  0%| F|  |TAMS 0x000000008a200000, 0x000000008a200000| Untracked 
| 163|0x000000008a300000, 0x000000008a300000, 0x000000008a400000|  0%| F|  |TAMS 0x000000008a300000, 0x000000008a300000| Untracked 
| 164|0x000000008a400000, 0x000000008a400000, 0x000000008a500000|  0%| F|  |TAMS 0x000000008a400000, 0x000000008a400000| Untracked 
| 165|0x000000008a500000, 0x000000008a500000, 0x000000008a600000|  0%| F|  |TAMS 0x000000008a500000, 0x000000008a500000| Untracked 
| 166|0x000000008a600000, 0x000000008a600000, 0x000000008a700000|  0%| F|  |TAMS 0x000000008a600000, 0x000000008a600000| Untracked 
| 167|0x000000008a700000, 0x000000008a700000, 0x000000008a800000|  0%| F|  |TAMS 0x000000008a700000, 0x000000008a700000| Untracked 
| 168|0x000000008a800000, 0x000000008a800000, 0x000000008a900000|  0%| F|  |TAMS 0x000000008a800000, 0x000000008a800000| Untracked 
| 169|0x000000008a900000, 0x000000008a900000, 0x000000008aa00000|  0%| F|  |TAMS 0x000000008a900000, 0x000000008a900000| Untracked 
| 170|0x000000008aa00000, 0x000000008aafee80, 0x000000008ab00000| 99%| E|  |TAMS 0x000000008aa00000, 0x000000008aa00000| Complete 
| 171|0x000000008ab00000, 0x000000008ac00000, 0x000000008ac00000|100%| E|CS|TAMS 0x000000008ab00000, 0x000000008ab00000| Complete 
| 172|0x000000008ac00000, 0x000000008ad00000, 0x000000008ad00000|100%| E|CS|TAMS 0x000000008ac00000, 0x000000008ac00000| Complete 
| 173|0x000000008ad00000, 0x000000008ae00000, 0x000000008ae00000|100%| E|CS|TAMS 0x000000008ad00000, 0x000000008ad00000| Complete 
| 174|0x000000008ae00000, 0x000000008af00000, 0x000000008af00000|100%| E|CS|TAMS 0x000000008ae00000, 0x000000008ae00000| Complete 
| 175|0x000000008af00000, 0x000000008b000000, 0x000000008b000000|100%| E|  |TAMS 0x000000008af00000, 0x000000008af00000| Complete 
| 176|0x000000008b000000, 0x000000008b100000, 0x000000008b100000|100%| E|CS|TAMS 0x000000008b000000, 0x000000008b000000| Complete 
| 177|0x000000008b100000, 0x000000008b200000, 0x000000008b200000|100%| E|CS|TAMS 0x000000008b100000, 0x000000008b100000| Complete 
| 178|0x000000008b200000, 0x000000008b300000, 0x000000008b300000|100%| E|CS|TAMS 0x000000008b200000, 0x000000008b200000| Complete 
| 179|0x000000008b300000, 0x000000008b400000, 0x000000008b400000|100%| E|CS|TAMS 0x000000008b300000, 0x000000008b300000| Complete 
| 180|0x000000008b400000, 0x000000008b500000, 0x000000008b500000|100%| E|CS|TAMS 0x000000008b400000, 0x000000008b400000| Complete 
| 181|0x000000008b500000, 0x000000008b600000, 0x000000008b600000|100%| E|CS|TAMS 0x000000008b500000, 0x000000008b500000| Complete 
| 182|0x000000008b600000, 0x000000008b700000, 0x000000008b700000|100%| E|CS|TAMS 0x000000008b600000, 0x000000008b600000| Complete 
| 183|0x000000008b700000, 0x000000008b800000, 0x000000008b800000|100%| E|CS|TAMS 0x000000008b700000, 0x000000008b700000| Complete 
| 184|0x000000008b800000, 0x000000008b900000, 0x000000008b900000|100%| E|CS|TAMS 0x000000008b800000, 0x000000008b800000| Complete 
| 185|0x000000008b900000, 0x000000008ba00000, 0x000000008ba00000|100%| E|CS|TAMS 0x000000008b900000, 0x000000008b900000| Complete 
| 186|0x000000008ba00000, 0x000000008bb00000, 0x000000008bb00000|100%| E|CS|TAMS 0x000000008ba00000, 0x000000008ba00000| Complete 
| 187|0x000000008bb00000, 0x000000008bc00000, 0x000000008bc00000|100%| E|CS|TAMS 0x000000008bb00000, 0x000000008bb00000| Complete 
| 188|0x000000008bc00000, 0x000000008bd00000, 0x000000008bd00000|100%| E|CS|TAMS 0x000000008bc00000, 0x000000008bc00000| Complete 
| 189|0x000000008bd00000, 0x000000008be00000, 0x000000008be00000|100%| E|CS|TAMS 0x000000008bd00000, 0x000000008bd00000| Complete 
| 190|0x000000008be00000, 0x000000008bf00000, 0x000000008bf00000|100%| E|CS|TAMS 0x000000008be00000, 0x000000008be00000| Complete 
| 191|0x000000008bf00000, 0x000000008c000000, 0x000000008c000000|100%| E|CS|TAMS 0x000000008bf00000, 0x000000008bf00000| Complete 
| 192|0x000000008c000000, 0x000000008c100000, 0x000000008c100000|100%| E|CS|TAMS 0x000000008c000000, 0x000000008c000000| Complete 
| 193|0x000000008c100000, 0x000000008c200000, 0x000000008c200000|100%| E|CS|TAMS 0x000000008c100000, 0x000000008c100000| Complete 
| 194|0x000000008c200000, 0x000000008c300000, 0x000000008c300000|100%| E|CS|TAMS 0x000000008c200000, 0x000000008c200000| Complete 
| 195|0x000000008c300000, 0x000000008c400000, 0x000000008c400000|100%| E|CS|TAMS 0x000000008c300000, 0x000000008c300000| Complete 
| 196|0x000000008c400000, 0x000000008c500000, 0x000000008c500000|100%| E|CS|TAMS 0x000000008c400000, 0x000000008c400000| Complete 
| 197|0x000000008c500000, 0x000000008c600000, 0x000000008c600000|100%| E|CS|TAMS 0x000000008c500000, 0x000000008c500000| Complete 
| 198|0x000000008c600000, 0x000000008c700000, 0x000000008c700000|100%| E|CS|TAMS 0x000000008c600000, 0x000000008c600000| Complete 
| 199|0x000000008c700000, 0x000000008c800000, 0x000000008c800000|100%| E|CS|TAMS 0x000000008c700000, 0x000000008c700000| Complete 
| 200|0x000000008c800000, 0x000000008c900000, 0x000000008c900000|100%| E|CS|TAMS 0x000000008c800000, 0x000000008c800000| Complete 
| 201|0x000000008c900000, 0x000000008ca00000, 0x000000008ca00000|100%| E|CS|TAMS 0x000000008c900000, 0x000000008c900000| Complete 
| 202|0x000000008ca00000, 0x000000008cb00000, 0x000000008cb00000|100%| E|CS|TAMS 0x000000008ca00000, 0x000000008ca00000| Complete 
| 203|0x000000008cb00000, 0x000000008cc00000, 0x000000008cc00000|100%| E|CS|TAMS 0x000000008cb00000, 0x000000008cb00000| Complete 
| 204|0x000000008cc00000, 0x000000008cd00000, 0x000000008cd00000|100%| E|CS|TAMS 0x000000008cc00000, 0x000000008cc00000| Complete 
| 205|0x000000008cd00000, 0x000000008ce00000, 0x000000008ce00000|100%| E|CS|TAMS 0x000000008cd00000, 0x000000008cd00000| Complete 
| 206|0x000000008ce00000, 0x000000008cf00000, 0x000000008cf00000|100%| E|CS|TAMS 0x000000008ce00000, 0x000000008ce00000| Complete 
| 207|0x000000008cf00000, 0x000000008d000000, 0x000000008d000000|100%| E|CS|TAMS 0x000000008cf00000, 0x000000008cf00000| Complete 
| 208|0x000000008d000000, 0x000000008d100000, 0x000000008d100000|100%| E|CS|TAMS 0x000000008d000000, 0x000000008d000000| Complete 
| 209|0x000000008d100000, 0x000000008d200000, 0x000000008d200000|100%| E|CS|TAMS 0x000000008d100000, 0x000000008d100000| Complete 
| 210|0x000000008d200000, 0x000000008d300000, 0x000000008d300000|100%| E|CS|TAMS 0x000000008d200000, 0x000000008d200000| Complete 
| 211|0x000000008d300000, 0x000000008d400000, 0x000000008d400000|100%| E|CS|TAMS 0x000000008d300000, 0x000000008d300000| Complete 
| 212|0x000000008d400000, 0x000000008d500000, 0x000000008d500000|100%| E|CS|TAMS 0x000000008d400000, 0x000000008d400000| Complete 
| 213|0x000000008d500000, 0x000000008d600000, 0x000000008d600000|100%| E|CS|TAMS 0x000000008d500000, 0x000000008d500000| Complete 
| 214|0x000000008d600000, 0x000000008d700000, 0x000000008d700000|100%| E|CS|TAMS 0x000000008d600000, 0x000000008d600000| Complete 
| 215|0x000000008d700000, 0x000000008d800000, 0x000000008d800000|100%| E|CS|TAMS 0x000000008d700000, 0x000000008d700000| Complete 
| 216|0x000000008d800000, 0x000000008d900000, 0x000000008d900000|100%| E|CS|TAMS 0x000000008d800000, 0x000000008d800000| Complete 
| 217|0x000000008d900000, 0x000000008da00000, 0x000000008da00000|100%| E|CS|TAMS 0x000000008d900000, 0x000000008d900000| Complete 
| 218|0x000000008da00000, 0x000000008db00000, 0x000000008db00000|100%| E|CS|TAMS 0x000000008da00000, 0x000000008da00000| Complete 
| 219|0x000000008db00000, 0x000000008dc00000, 0x000000008dc00000|100%| E|CS|TAMS 0x000000008db00000, 0x000000008db00000| Complete 
| 220|0x000000008dc00000, 0x000000008dd00000, 0x000000008dd00000|100%| E|CS|TAMS 0x000000008dc00000, 0x000000008dc00000| Complete 
| 221|0x000000008dd00000, 0x000000008de00000, 0x000000008de00000|100%| E|CS|TAMS 0x000000008dd00000, 0x000000008dd00000| Complete 
| 222|0x000000008de00000, 0x000000008df00000, 0x000000008df00000|100%| E|CS|TAMS 0x000000008de00000, 0x000000008de00000| Complete 
| 223|0x000000008df00000, 0x000000008e000000, 0x000000008e000000|100%| E|CS|TAMS 0x000000008df00000, 0x000000008df00000| Complete 
| 224|0x000000008e000000, 0x000000008e100000, 0x000000008e100000|100%| E|CS|TAMS 0x000000008e000000, 0x000000008e000000| Complete 
| 225|0x000000008e100000, 0x000000008e200000, 0x000000008e200000|100%| E|CS|TAMS 0x000000008e100000, 0x000000008e100000| Complete 
| 226|0x000000008e200000, 0x000000008e300000, 0x000000008e300000|100%| E|CS|TAMS 0x000000008e200000, 0x000000008e200000| Complete 
| 227|0x000000008e300000, 0x000000008e400000, 0x000000008e400000|100%| E|CS|TAMS 0x000000008e300000, 0x000000008e300000| Complete 
| 228|0x000000008e400000, 0x000000008e500000, 0x000000008e500000|100%| E|CS|TAMS 0x000000008e400000, 0x000000008e400000| Complete 
| 229|0x000000008e500000, 0x000000008e600000, 0x000000008e600000|100%| E|CS|TAMS 0x000000008e500000, 0x000000008e500000| Complete 
| 230|0x000000008e600000, 0x000000008e700000, 0x000000008e700000|100%| E|CS|TAMS 0x000000008e600000, 0x000000008e600000| Complete 
| 231|0x000000008e700000, 0x000000008e800000, 0x000000008e800000|100%| E|CS|TAMS 0x000000008e700000, 0x000000008e700000| Complete 
| 232|0x000000008e800000, 0x000000008e900000, 0x000000008e900000|100%| E|CS|TAMS 0x000000008e800000, 0x000000008e800000| Complete 
| 233|0x000000008e900000, 0x000000008ea00000, 0x000000008ea00000|100%| E|CS|TAMS 0x000000008e900000, 0x000000008e900000| Complete 
| 234|0x000000008ea00000, 0x000000008eb00000, 0x000000008eb00000|100%| E|CS|TAMS 0x000000008ea00000, 0x000000008ea00000| Complete 
| 235|0x000000008eb00000, 0x000000008ec00000, 0x000000008ec00000|100%| E|CS|TAMS 0x000000008eb00000, 0x000000008eb00000| Complete 
| 236|0x000000008ec00000, 0x000000008ed00000, 0x000000008ed00000|100%| E|CS|TAMS 0x000000008ec00000, 0x000000008ec00000| Complete 
| 237|0x000000008ed00000, 0x000000008ee00000, 0x000000008ee00000|100%| E|CS|TAMS 0x000000008ed00000, 0x000000008ed00000| Complete 
| 238|0x000000008ee00000, 0x000000008ef00000, 0x000000008ef00000|100%| E|CS|TAMS 0x000000008ee00000, 0x000000008ee00000| Complete 
| 239|0x000000008ef00000, 0x000000008f000000, 0x000000008f000000|100%| E|CS|TAMS 0x000000008ef00000, 0x000000008ef00000| Complete 
| 240|0x000000008f000000, 0x000000008f100000, 0x000000008f100000|100%| E|CS|TAMS 0x000000008f000000, 0x000000008f000000| Complete 
| 241|0x000000008f100000, 0x000000008f200000, 0x000000008f200000|100%| E|CS|TAMS 0x000000008f100000, 0x000000008f100000| Complete 
| 242|0x000000008f200000, 0x000000008f300000, 0x000000008f300000|100%| E|CS|TAMS 0x000000008f200000, 0x000000008f200000| Complete 
| 243|0x000000008f300000, 0x000000008f400000, 0x000000008f400000|100%| E|CS|TAMS 0x000000008f300000, 0x000000008f300000| Complete 
| 244|0x000000008f400000, 0x000000008f500000, 0x000000008f500000|100%| E|CS|TAMS 0x000000008f400000, 0x000000008f400000| Complete 
| 245|0x000000008f500000, 0x000000008f600000, 0x000000008f600000|100%| E|CS|TAMS 0x000000008f500000, 0x000000008f500000| Complete 
| 246|0x000000008f600000, 0x000000008f700000, 0x000000008f700000|100%| E|CS|TAMS 0x000000008f600000, 0x000000008f600000| Complete 
| 247|0x000000008f700000, 0x000000008f800000, 0x000000008f800000|100%| E|CS|TAMS 0x000000008f700000, 0x000000008f700000| Complete 
| 248|0x000000008f800000, 0x000000008f900000, 0x000000008f900000|100%| E|CS|TAMS 0x000000008f800000, 0x000000008f800000| Complete 
| 249|0x000000008f900000, 0x000000008fa00000, 0x000000008fa00000|100%| E|CS|TAMS 0x000000008f900000, 0x000000008f900000| Complete 
| 250|0x000000008fa00000, 0x000000008fb00000, 0x000000008fb00000|100%| E|CS|TAMS 0x000000008fa00000, 0x000000008fa00000| Complete 
| 251|0x000000008fb00000, 0x000000008fc00000, 0x000000008fc00000|100%| E|CS|TAMS 0x000000008fb00000, 0x000000008fb00000| Complete 
| 252|0x000000008fc00000, 0x000000008fd00000, 0x000000008fd00000|100%| E|CS|TAMS 0x000000008fc00000, 0x000000008fc00000| Complete 
| 253|0x000000008fd00000, 0x000000008fe00000, 0x000000008fe00000|100%| E|CS|TAMS 0x000000008fd00000, 0x000000008fd00000| Complete 

Card table byte_map: [0x0000027ebe4d0000,0x0000027ebe8d0000] _byte_map_base: 0x0000027ebe0d0000

Marking Bits (Prev, Next): (CMBitMap*) 0x0000027ea93a4410, (CMBitMap*) 0x0000027ea93a43d8
 Prev Bits: [0x0000027ec0cd0000, 0x0000027ec2cd0000)
 Next Bits: [0x0000027ebecd0000, 0x0000027ec0cd0000)

Polling page: 0x0000027ea9430000

Metaspace:

Usage:
  Non-class:     70.03 MB capacity,    68.68 MB ( 98%) used,     1.11 MB (  2%) free+waste,   247.06 KB ( <1%) overhead. 
      Class:     11.19 MB capacity,    10.39 MB ( 93%) used,   705.59 KB (  6%) free+waste,   114.06 KB ( <1%) overhead. 
       Both:     81.22 MB capacity,    79.08 MB ( 97%) used,     1.80 MB (  2%) free+waste,   361.13 KB ( <1%) overhead. 

Virtual space:
  Non-class space:       72.00 MB reserved,      70.25 MB ( 98%) committed 
      Class space:        1.00 GB reserved,      11.25 MB (  1%) committed 
             Both:        1.07 GB reserved,      81.50 MB (  7%) committed 

Chunk freelists:
   Non-Class:  33.00 KB
       Class:  0 bytes
        Both:  33.00 KB

MaxMetaspaceSize: 17179869184.00 GB
CompressedClassSpaceSize: 1.00 GB

CodeHeap 'non-profiled nmethods': size=120000Kb used=5071Kb max_used=5071Kb free=114928Kb
 bounds [0x0000027eb6130000, 0x0000027eb6630000, 0x0000027ebd660000]
CodeHeap 'profiled nmethods': size=120000Kb used=18838Kb max_used=18838Kb free=101161Kb
 bounds [0x0000027eaec00000, 0x0000027eafe70000, 0x0000027eb6130000]
CodeHeap 'non-nmethods': size=5760Kb used=2275Kb max_used=2324Kb free=3484Kb
 bounds [0x0000027eae660000, 0x0000027eae8d0000, 0x0000027eaec00000]
 total_blobs=10104 nmethods=9232 adapters=783
 compilation: enabled
              stopped_count=0, restarted_count=0
 full_count=0

Compilation events (20 events):
Event: 6.604 Thread 0x0000027ec60c9000 nmethod 9222 0x0000027eafe3d210 code [0x0000027eafe3d480, 0x0000027eafe3e128]
Event: 6.604 Thread 0x0000027ec60c9000 9225       3       org.gradle.api.internal.artifacts.transform.AbstractTransformedArtifactSet$CalculateArtifacts::calculateValue (85 bytes)
Event: 6.605 Thread 0x0000027ec60c9000 nmethod 9225 0x0000027eafe3e590 code [0x0000027eafe3e840, 0x0000027eafe3f6a8]
Event: 6.605 Thread 0x0000027ec60c9000 9230   !   3       org.gradle.internal.operations.DefaultBuildOperationQueue::add (139 bytes)
Event: 6.606 Thread 0x0000027ec60c9000 nmethod 9230 0x0000027eafe3fb90 code [0x0000027eafe3fec0, 0x0000027eafe41088]
Event: 6.606 Thread 0x0000027ec60c9000 9234       3       org.gradle.api.internal.artifacts.transform.TransformingAsyncArtifactListener$TransformedArtifact::createInvocation (91 bytes)
Event: 6.607 Thread 0x0000027ec60c9000 nmethod 9234 0x0000027eafe41910 code [0x0000027eafe41ba0, 0x0000027eafe42928]
Event: 6.607 Thread 0x0000027ec60c9000 9233       3       org.gradle.api.internal.artifacts.transform.CacheableInvocation$3::getCachedResult (4 bytes)
Event: 6.607 Thread 0x0000027ec60c9000 nmethod 9233 0x0000027eafe42d90 code [0x0000027eafe42f40, 0x0000027eafe43098]
Event: 6.607 Thread 0x0000027ec60c9000 9235       3       org.gradle.internal.operations.DefaultBuildOperationQueue$WorkerRunnable::<init> (6 bytes)
Event: 6.607 Thread 0x0000027ec60c9000 nmethod 9235 0x0000027eafe43190 code [0x0000027eafe43340, 0x0000027eafe43558]
Event: 6.607 Thread 0x0000027ec60c9000 9236       3       org.gradle.internal.operations.DefaultBuildOperationQueue$WorkerRunnable::<init> (10 bytes)
Event: 6.607 Thread 0x0000027ec60c9000 nmethod 9236 0x0000027eafe43690 code [0x0000027eafe43840, 0x0000027eafe439f8]
Event: 6.607 Thread 0x0000027ec60c9000 9223       3       org.gradle.api.internal.artifacts.ivyservice.resolveengine.artifact.DefaultArtifactSet$SingleArtifactVariantIdentifier::hashCode (8 bytes)
Event: 6.607 Thread 0x0000027ec60c9000 nmethod 9223 0x0000027eafe43b10 code [0x0000027eafe43cc0, 0x0000027eafe43e88]
Event: 6.607 Thread 0x0000027ec60c9000 9231       3       org.gradle.api.internal.artifacts.ivyservice.resolveengine.artifact.ArtifactBackedResolvedVariant$SingleArtifactSet::visit (8 bytes)
Event: 6.607 Thread 0x0000027ec60c9000 nmethod 9231 0x0000027eafe43f90 code [0x0000027eafe44140, 0x0000027eafe44308]
Event: 6.607 Thread 0x0000027ec60c9000 9232       3       org.gradle.api.internal.artifacts.ivyservice.resolveengine.artifact.ArtifactBackedResolvedVariant$SingleArtifactSet::visit (98 bytes)
Event: 6.609 Thread 0x0000027ec60c9000 nmethod 9232 0x0000027eafe44410 code [0x0000027eafe44880, 0x0000027eafe46948]
Event: 6.609 Thread 0x0000027ec60c9000 9224       3       org.gradle.api.internal.artifacts.transform.AbstractTransformedArtifactSet$CalculateArtifacts::calculateValue (6 bytes)

GC Heap History (18 events):
Event: 0.414 GC heap before
{Heap before GC invocations=0 (full 0):
 garbage-first heap   total 260096K, used 29696K [0x0000000080000000, 0x0000000100000000)
  region size 1024K, 24 young (24576K), 0 survivors (0K)
 Metaspace       used 10237K, capacity 10493K, committed 10624K, reserved 1058816K
  class space    used 1072K, capacity 1139K, committed 1152K, reserved 1048576K
}
Event: 0.417 GC heap after
{Heap after GC invocations=1 (full 0):
 garbage-first heap   total 260096K, used 9232K [0x0000000080000000, 0x0000000100000000)
  region size 1024K, 3 young (3072K), 3 survivors (3072K)
 Metaspace       used 10237K, capacity 10493K, committed 10624K, reserved 1058816K
  class space    used 1072K, capacity 1139K, committed 1152K, reserved 1048576K
}
Event: 1.459 GC heap before
{Heap before GC invocations=1 (full 0):
 garbage-first heap   total 260096K, used 111632K [0x0000000080000000, 0x0000000100000000)
  region size 1024K, 103 young (105472K), 3 survivors (3072K)
 Metaspace       used 20708K, capacity 21141K, committed 21248K, reserved 1067008K
  class space    used 2551K, capacity 2712K, committed 2816K, reserved 1048576K
}
Event: 1.465 GC heap after
{Heap after GC invocations=2 (full 0):
 garbage-first heap   total 260096K, used 17115K [0x0000000080000000, 0x0000000100000000)
  region size 1024K, 11 young (11264K), 11 survivors (11264K)
 Metaspace       used 20708K, capacity 21141K, committed 21248K, reserved 1067008K
  class space    used 2551K, capacity 2712K, committed 2816K, reserved 1048576K
}
Event: 1.896 GC heap before
{Heap before GC invocations=3 (full 0):
 garbage-first heap   total 260096K, used 83675K [0x0000000080000000, 0x0000000100000000)
  region size 1024K, 76 young (77824K), 11 survivors (11264K)
 Metaspace       used 27424K, capacity 28100K, committed 28288K, reserved 1073152K
  class space    used 3608K, capacity 3852K, committed 3968K, reserved 1048576K
}
Event: 1.901 GC heap after
{Heap after GC invocations=4 (full 0):
 garbage-first heap   total 260096K, used 19409K [0x0000000080000000, 0x0000000100000000)
  region size 1024K, 3 young (3072K), 3 survivors (3072K)
 Metaspace       used 27424K, capacity 28100K, committed 28288K, reserved 1073152K
  class space    used 3608K, capacity 3852K, committed 3968K, reserved 1048576K
}
Event: 2.287 GC heap before
{Heap before GC invocations=4 (full 0):
 garbage-first heap   total 260096K, used 65489K [0x0000000080000000, 0x0000000100000000)
  region size 1024K, 49 young (50176K), 3 survivors (3072K)
 Metaspace       used 35103K, capacity 35795K, committed 35840K, reserved 1081344K
  class space    used 4568K, capacity 4844K, committed 4864K, reserved 1048576K
}
Event: 2.292 GC heap after
{Heap after GC invocations=5 (full 0):
 garbage-first heap   total 260096K, used 22153K [0x0000000080000000, 0x0000000100000000)
  region size 1024K, 6 young (6144K), 6 survivors (6144K)
 Metaspace       used 35103K, capacity 35795K, committed 35840K, reserved 1081344K
  class space    used 4568K, capacity 4844K, committed 4864K, reserved 1048576K
}
Event: 3.039 GC heap before
{Heap before GC invocations=6 (full 0):
 garbage-first heap   total 260096K, used 135817K [0x0000000080000000, 0x0000000100000000)
  region size 1024K, 114 young (116736K), 6 survivors (6144K)
 Metaspace       used 44543K, capacity 45630K, committed 45824K, reserved 1089536K
  class space    used 5725K, capacity 6107K, committed 6144K, reserved 1048576K
}
Event: 3.046 GC heap after
{Heap after GC invocations=7 (full 0):
 garbage-first heap   total 260096K, used 29227K [0x0000000080000000, 0x0000000100000000)
  region size 1024K, 13 young (13312K), 13 survivors (13312K)
 Metaspace       used 44543K, capacity 45630K, committed 45824K, reserved 1089536K
  class space    used 5725K, capacity 6107K, committed 6144K, reserved 1048576K
}
Event: 3.807 GC heap before
{Heap before GC invocations=7 (full 0):
 garbage-first heap   total 260096K, used 159275K [0x0000000080000000, 0x0000000100000000)
  region size 1024K, 136 young (139264K), 13 survivors (13312K)
 Metaspace       used 52876K, capacity 54252K, committed 54528K, reserved 1095680K
  class space    used 6780K, capacity 7303K, committed 7424K, reserved 1048576K
}
Event: 3.817 GC heap after
{Heap after GC invocations=8 (full 0):
 garbage-first heap   total 260096K, used 43289K [0x0000000080000000, 0x0000000100000000)
  region size 1024K, 17 young (17408K), 17 survivors (17408K)
 Metaspace       used 52876K, capacity 54252K, committed 54528K, reserved 1095680K
  class space    used 6780K, capacity 7303K, committed 7424K, reserved 1048576K
}
Event: 4.178 GC heap before
{Heap before GC invocations=8 (full 0):
 garbage-first heap   total 260096K, used 78105K [0x0000000080000000, 0x0000000100000000)
  region size 1024K, 52 young (53248K), 17 survivors (17408K)
 Metaspace       used 58601K, capacity 60067K, committed 60160K, reserved 1101824K
  class space    used 7498K, capacity 8064K, committed 8064K, reserved 1048576K
}
Event: 4.195 GC heap after
{Heap after GC invocations=9 (full 0):
 garbage-first heap   total 260096K, used 45540K [0x0000000080000000, 0x0000000100000000)
  region size 1024K, 3 young (3072K), 3 survivors (3072K)
 Metaspace       used 58601K, capacity 60067K, committed 60160K, reserved 1101824K
  class space    used 7498K, capacity 8064K, committed 8064K, reserved 1048576K
}
Event: 5.079 GC heap before
{Heap before GC invocations=10 (full 0):
 garbage-first heap   total 260096K, used 170468K [0x0000000080000000, 0x0000000100000000)
  region size 1024K, 125 young (128000K), 3 survivors (3072K)
 Metaspace       used 69560K, capacity 71237K, committed 71424K, reserved 1112064K
  class space    used 9064K, capacity 9679K, committed 9728K, reserved 1048576K
}
Event: 5.085 GC heap after
{Heap after GC invocations=11 (full 0):
 garbage-first heap   total 260096K, used 53732K [0x0000000080000000, 0x0000000100000000)
  region size 1024K, 11 young (11264K), 11 survivors (11264K)
 Metaspace       used 69560K, capacity 71237K, committed 71424K, reserved 1112064K
  class space    used 9064K, capacity 9679K, committed 9728K, reserved 1048576K
}
Event: 6.128 GC heap before
{Heap before GC invocations=11 (full 0):
 garbage-first heap   total 260096K, used 178660K [0x0000000080000000, 0x0000000100000000)
  region size 1024K, 134 young (137216K), 11 survivors (11264K)
 Metaspace       used 79741K, capacity 81922K, committed 82048K, reserved 1120256K
  class space    used 10556K, capacity 11380K, committed 11392K, reserved 1048576K
}
Event: 6.140 GC heap after
{Heap after GC invocations=12 (full 0):
 garbage-first heap   total 260096K, used 61575K [0x0000000080000000, 0x0000000100000000)
  region size 1024K, 8 young (8192K), 8 survivors (8192K)
 Metaspace       used 79741K, capacity 81922K, committed 82048K, reserved 1120256K
  class space    used 10556K, capacity 11380K, committed 11392K, reserved 1048576K
}

Deoptimization events (20 events):
Event: 6.480 Thread 0x0000027ecb344800 DEOPT PACKING pc=0x0000027eb660dc44 sp=0x000000b8d0ffe2f0
Event: 6.480 Thread 0x0000027ecb344800 DEOPT UNPACKING pc=0x0000027eae6878af sp=0x000000b8d0ffe278 mode 2
Event: 6.493 Thread 0x0000027ecbe35800 DEOPT PACKING pc=0x0000027eafa815c4 sp=0x000000b8d38fc050
Event: 6.493 Thread 0x0000027ecbe35800 DEOPT UNPACKING pc=0x0000027eae6876ce sp=0x000000b8d38fb5f0 mode 0
Event: 6.591 Thread 0x0000027ec8b6d800 Uncommon trap: trap_request=0xffffff4d fr.pc=0x0000027eb65e67d4 relative=0x00000000000002f4
Event: 6.591 Thread 0x0000027ec8b6d800 Uncommon trap: reason=unstable_if action=reinterpret pc=0x0000027eb65e67d4 method=java.util.concurrent.ConcurrentHashMap.addCount(JI)V @ 168 c2
Event: 6.591 Thread 0x0000027ec8b6d800 DEOPT PACKING pc=0x0000027eb65e67d4 sp=0x000000b8d16fdc40
Event: 6.591 Thread 0x0000027ec8b6d800 DEOPT UNPACKING pc=0x0000027eae6878af sp=0x000000b8d16fdb80 mode 2
Event: 6.591 Thread 0x0000027ec8b6d800 Uncommon trap: trap_request=0xffffff4d fr.pc=0x0000027eb6202a10 relative=0x0000000000001310
Event: 6.591 Thread 0x0000027ec8b6d800 Uncommon trap: reason=unstable_if action=reinterpret pc=0x0000027eb6202a10 method=java.util.concurrent.ConcurrentHashMap.transfer([Ljava/util/concurrent/ConcurrentHashMap$Node;[Ljava/util/concurrent/ConcurrentHashMap$Node;)V @ 34 c2
Event: 6.591 Thread 0x0000027ec8b6d800 DEOPT PACKING pc=0x0000027eb6202a10 sp=0x000000b8d16fda80
Event: 6.591 Thread 0x0000027ec8b6d800 DEOPT UNPACKING pc=0x0000027eae6878af sp=0x000000b8d16fda40 mode 2
Event: 6.593 Thread 0x0000027ecd638000 Uncommon trap: trap_request=0xffffff4d fr.pc=0x0000027eb6202b30 relative=0x0000000000001430
Event: 6.593 Thread 0x0000027ecd638000 Uncommon trap: reason=unstable_if action=reinterpret pc=0x0000027eb6202b30 method=java.util.concurrent.ConcurrentHashMap.transfer([Ljava/util/concurrent/ConcurrentHashMap$Node;[Ljava/util/concurrent/ConcurrentHashMap$Node;)V @ 273 c2
Event: 6.593 Thread 0x0000027ecd638000 DEOPT PACKING pc=0x0000027eb6202b30 sp=0x000000b8d54fdd80
Event: 6.593 Thread 0x0000027ecd638000 DEOPT UNPACKING pc=0x0000027eae6878af sp=0x000000b8d54fdd20 mode 2
Event: 6.593 Thread 0x0000027ecd638000 Uncommon trap: trap_request=0xffffff4d fr.pc=0x0000027eb65e67d4 relative=0x00000000000002f4
Event: 6.593 Thread 0x0000027ecd638000 Uncommon trap: reason=unstable_if action=reinterpret pc=0x0000027eb65e67d4 method=java.util.concurrent.ConcurrentHashMap.addCount(JI)V @ 168 c2
Event: 6.593 Thread 0x0000027ecd638000 DEOPT PACKING pc=0x0000027eb65e67d4 sp=0x000000b8d54fde90
Event: 6.593 Thread 0x0000027ecd638000 DEOPT UNPACKING pc=0x0000027eae6878af sp=0x000000b8d54fddd0 mode 2

Classes redefined (0 events):
No events

Internal exceptions (20 events):
Event: 5.835 Thread 0x0000027ecce06000 Exception <a 'java/lang/NoSuchMethodError'{0x000000008ad21a40}: <clinit>> (0x000000008ad21a40) thrown at [./src/hotspot/share/prims/jni.cpp, line 1362]
Event: 5.836 Thread 0x0000027ecce08800 Exception <a 'java/lang/IncompatibleClassChangeError'{0x000000008ad0c1b8}: Found class java.lang.Object, but interface was expected> (0x000000008ad0c1b8) thrown at [./src/hotspot/share/interpreter/linkResolver.cpp, line 839]
Event: 5.836 Thread 0x0000027ecce06000 Exception <a 'java/lang/NoSuchMethodError'{0x000000008ad2b628}: 'void java.lang.invoke.DirectMethodHandle$Holder.invokeSpecial(java.lang.Object, java.lang.Object, java.lang.Object, int)'> (0x000000008ad2b628) thrown at [./src/hotspot/share/interpreter/linkResolver.cpp, line 773]
Event: 5.857 Thread 0x0000027ec8594800 Exception <a 'java/lang/NoSuchMethodError'{0x000000008ace1368}: <clinit>> (0x000000008ace1368) thrown at [./src/hotspot/share/prims/jni.cpp, line 1362]
Event: 5.875 Thread 0x0000027ecce08800 Exception <a 'java/lang/IncompatibleClassChangeError'{0x000000008aa02530}: Found class java.lang.Object, but interface was expected> (0x000000008aa02530) thrown at [./src/hotspot/share/interpreter/linkResolver.cpp, line 839]
Event: 5.902 Thread 0x0000027ecce08800 Exception <a 'java/lang/NoSuchMethodError'{0x000000008a84eb40}: 'int java.lang.invoke.DirectMethodHandle$Holder.invokeStaticInit(java.lang.Object, java.lang.Object, java.lang.Object, java.lang.Object, java.lang.Object)'> (0x000000008a84eb40) thrown at [./src/hotspot/share/interpreter/linkResolver.cpp, line 773]
Event: 6.015 Thread 0x0000027ecce08800 Exception <a 'java/lang/NoSuchMethodError'{0x0000000089e3d7c0}: 'void java.lang.invoke.DirectMethodHandle$Holder.invokeStatic(java.lang.Object, java.lang.Object, java.lang.Object, java.lang.Object, int, java.lang.Object, java.lang.Object)'> (0x0000000089e3d7c0) thrown at [./src/hotspot/share/interpreter/linkResolver.cpp, line 773]
Event: 6.040 Thread 0x0000027ecb345000 Exception <a 'java/lang/NoSuchMethodError'{0x000000008953cab8}: 'java.lang.Object java.lang.invoke.DirectMethodHandle$Holder.invokeSpecialIFC(java.lang.Object, java.lang.Object, java.lang.Object)'> (0x000000008953cab8) thrown at [./src/hotspot/share/interpreter/linkResolver.cpp, line 773]
Event: 6.040 Thread 0x0000027ecb347800 Exception <a 'java/lang/NoSuchMethodError'{0x000000008956c0a0}: 'java.lang.Object java.lang.invoke.DirectMethodHandle$Holder.invokeSpecialIFC(java.lang.Object, java.lang.Object, java.lang.Object)'> (0x000000008956c0a0) thrown at [./src/hotspot/share/interpreter/linkResolver.cpp, line 773]
Event: 6.040 Thread 0x0000027ecce08800 Exception <a 'java/lang/NoSuchMethodError'{0x000000008950e640}: 'java.lang.Object java.lang.invoke.DirectMethodHandle$Holder.invokeSpecialIFC(java.lang.Object, java.lang.Object, java.lang.Object)'> (0x000000008950e640) thrown at [./src/hotspot/share/interpreter/linkResolver.cpp, line 773]
Event: 6.040 Thread 0x0000027ecb33f800 Exception <a 'java/lang/NoSuchMethodError'{0x00000000895498c0}: 'java.lang.Object java.lang.invoke.DirectMethodHandle$Holder.invokeSpecialIFC(java.lang.Object, java.lang.Object, java.lang.Object)'> (0x00000000895498c0) thrown at [./src/hotspot/share/interpreter/linkResolver.cpp, line 773]
Event: 6.040 Thread 0x0000027ecd63c800 Exception <a 'java/lang/NoSuchMethodError'{0x000000008958aca0}: 'java.lang.Object java.lang.invoke.DirectMethodHandle$Holder.invokeSpecialIFC(java.lang.Object, java.lang.Object, java.lang.Object)'> (0x000000008958aca0) thrown at [./src/hotspot/share/interpreter/linkResolver.cpp, line 773]
Event: 6.324 Thread 0x0000027ecce08800 Exception <a 'java/lang/NoSuchMethodError'{0x000000008dbe7b30}: <clinit>> (0x000000008dbe7b30) thrown at [./src/hotspot/share/prims/jni.cpp, line 1362]
Event: 6.324 Thread 0x0000027ecce08800 Exception <a 'java/lang/NoSuchMethodError'{0x000000008dbe8e68}: <clinit>> (0x000000008dbe8e68) thrown at [./src/hotspot/share/prims/jni.cpp, line 1362]
Event: 6.325 Thread 0x0000027ecce08800 Exception <a 'java/lang/NoSuchMethodError'{0x000000008dbeb320}: <clinit>> (0x000000008dbeb320) thrown at [./src/hotspot/share/prims/jni.cpp, line 1362]
Event: 6.326 Thread 0x0000027ecce08800 Exception <a 'java/lang/NoSuchMethodError'{0x000000008da035a0}: <clinit>> (0x000000008da035a0) thrown at [./src/hotspot/share/prims/jni.cpp, line 1362]
Event: 6.326 Thread 0x0000027ecce08800 Exception <a 'java/lang/NoSuchMethodError'{0x000000008da047d8}: <clinit>> (0x000000008da047d8) thrown at [./src/hotspot/share/prims/jni.cpp, line 1362]
Event: 6.480 Thread 0x0000027ecb344800 Implicit null exception at 0x0000027eb660daa4 to 0x0000027eb660dc38
Event: 6.480 Thread 0x0000027ecb344800 Exception <a 'java/lang/NoSuchMethodError'{0x000000008c30cf68}: 'void java.lang.invoke.DirectMethodHandle$Holder.invokeVirtual(java.lang.Object, java.lang.Object)'> (0x000000008c30cf68) thrown at [./src/hotspot/share/interpreter/linkResolver.cpp, line 773]
Event: 6.511 Thread 0x0000027ecce08800 Exception <a 'java/lang/NoSuchMethodError'{0x000000008bfeb7c0}: 'int java.lang.invoke.DirectMethodHandle$Holder.invokeSpecial(java.lang.Object, java.lang.Object, java.lang.Object, java.lang.Object, java.lang.Object)'> (0x000000008bfeb7c0) thrown at [./src/hotspot/share/interpreter/linkResolver.cpp, line 773]

Events (20 events):
Event: 6.514 loading class org/gradle/internal/snapshot/RelativePathTracker done
Event: 6.514 loading class org/gradle/internal/snapshot/RelativePathTracker
Event: 6.514 loading class org/gradle/internal/snapshot/RelativePathTracker done
Event: 6.518 loading class org/gradle/execution/plan/LocalTaskNodeExecutor$FilteredTree
Event: 6.518 loading class org/gradle/execution/plan/LocalTaskNodeExecutor$FilteredTree done
Event: 6.519 loading class org/gradle/execution/plan/ExecutionNodeAccessHierarchy$FilteredNodeAccess
Event: 6.519 loading class org/gradle/execution/plan/ExecutionNodeAccessHierarchy$FilteredNodeAccess done
Event: 6.550 Executing VM operation: RevokeBias
Event: 6.550 Executing VM operation: RevokeBias done
Event: 6.561 Loaded shared library C:\Program Files\Android\Android Studio\jre\bin\nio.dll
Event: 6.578 Executing VM operation: RevokeBias
Event: 6.578 Executing VM operation: RevokeBias done
Event: 6.580 Executing VM operation: RevokeBias
Event: 6.580 Executing VM operation: RevokeBias done
Event: 6.588 Executing VM operation: RevokeBias
Event: 6.588 Executing VM operation: RevokeBias done
Event: 6.591 Executing VM operation: RevokeBias
Event: 6.591 Executing VM operation: RevokeBias done
Event: 6.608 Executing VM operation: RevokeBias
Event: 6.608 Executing VM operation: RevokeBias done


Dynamic libraries:
0x00007ff701760000 - 0x00007ff70176a000 	C:\Program Files\Android\Android Studio\jre\bin\java.exe
0x00007ffac3070000 - 0x00007ffac325d000 	C:\Windows\SYSTEM32\ntdll.dll
0x00007ffac2f20000 - 0x00007ffac2fd4000 	C:\Windows\System32\KERNEL32.DLL
0x00007ffabfec0000 - 0x00007ffac0154000 	C:\Windows\System32\KERNELBASE.dll
0x00007ffac0160000 - 0x00007ffac025a000 	C:\Windows\System32\ucrtbase.dll
0x00007ffaaebc0000 - 0x00007ffaaebd9000 	C:\Program Files\Android\Android Studio\jre\bin\jli.dll
0x00007ffaaeb70000 - 0x00007ffaaeb87000 	C:\Program Files\Android\Android Studio\jre\bin\VCRUNTIME140.dll
0x00007ffac2d80000 - 0x00007ffac2f17000 	C:\Windows\System32\USER32.dll
0x00007ffac0260000 - 0x00007ffac0280000 	C:\Windows\System32\win32u.dll
0x00007ffa9f160000 - 0x00007ffa9f3d9000 	C:\Windows\WinSxS\amd64_microsoft.windows.common-controls_6595b64144ccf1df_6.0.17763.2366_none_de735d0053496d5d\COMCTL32.dll
0x00007ffac1130000 - 0x00007ffac1159000 	C:\Windows\System32\GDI32.dll
0x00007ffabfc80000 - 0x00007ffabfe1c000 	C:\Windows\System32\gdi32full.dll
0x00007ffac0990000 - 0x00007ffac0a2e000 	C:\Windows\System32\msvcrt.dll
0x00007ffabfe20000 - 0x00007ffabfec0000 	C:\Windows\System32\msvcp_win.dll
0x00007ffac0660000 - 0x00007ffac098d000 	C:\Windows\System32\combase.dll
0x00007ffac2a80000 - 0x00007ffac2b9f000 	C:\Windows\System32\RPCRT4.dll
0x00007ffabf3c0000 - 0x00007ffabf442000 	C:\Windows\System32\bcryptPrimitives.dll
0x00007ffac1160000 - 0x00007ffac118e000 	C:\Windows\System32\IMM32.DLL
0x00007ffaa9540000 - 0x00007ffaa95dd000 	C:\Program Files\Android\Android Studio\jre\bin\msvcp140.dll
0x00007ffa6b5c0000 - 0x00007ffa6c08f000 	C:\Program Files\Android\Android Studio\jre\bin\server\jvm.dll
0x00007ffac0550000 - 0x00007ffac05f4000 	C:\Windows\System32\ADVAPI32.dll
0x00007ffac2bb0000 - 0x00007ffac2c4e000 	C:\Windows\System32\sechost.dll
0x00007ffac1190000 - 0x00007ffac1198000 	C:\Windows\System32\PSAPI.DLL
0x00007ffaa1310000 - 0x00007ffaa1319000 	C:\Windows\SYSTEM32\WSOCK32.dll
0x00007ffabcd60000 - 0x00007ffabcd84000 	C:\Windows\SYSTEM32\WINMM.dll
0x00007ffab1990000 - 0x00007ffab199a000 	C:\Windows\SYSTEM32\VERSION.dll
0x00007ffac04e0000 - 0x00007ffac054d000 	C:\Windows\System32\WS2_32.dll
0x00007ffabcd30000 - 0x00007ffabcd5d000 	C:\Windows\SYSTEM32\WINMMBASE.dll
0x00007ffabf110000 - 0x00007ffabf15a000 	C:\Windows\System32\cfgmgr32.dll
0x00007ffabf0c0000 - 0x00007ffabf0d1000 	C:\Windows\System32\kernel.appcore.dll
0x00007ffaaf250000 - 0x00007ffaaf261000 	C:\Program Files\Android\Android Studio\jre\bin\verify.dll
0x00007ffabeab0000 - 0x00007ffabec9d000 	C:\Windows\SYSTEM32\DBGHELP.DLL
0x00007ffabea80000 - 0x00007ffabeaaa000 	C:\Windows\SYSTEM32\dbgcore.DLL
0x00007ffaaf220000 - 0x00007ffaaf249000 	C:\Program Files\Android\Android Studio\jre\bin\java.dll
0x00007ffabb4a0000 - 0x00007ffabb4ab000 	C:\Program Files\Android\Android Studio\jre\bin\jimage.dll
0x00007ffaaeea0000 - 0x00007ffaaeeb8000 	C:\Program Files\Android\Android Studio\jre\bin\zip.dll
0x00007ffac1410000 - 0x00007ffac2909000 	C:\Windows\System32\SHELL32.dll
0x00007ffac2cd0000 - 0x00007ffac2d78000 	C:\Windows\System32\shcore.dll
0x00007ffabf500000 - 0x00007ffabfc4a000 	C:\Windows\System32\windows.storage.dll
0x00007ffabf0e0000 - 0x00007ffabf104000 	C:\Windows\System32\profapi.dll
0x00007ffabf040000 - 0x00007ffabf09d000 	C:\Windows\System32\powrprof.dll
0x00007ffac2c50000 - 0x00007ffac2ca2000 	C:\Windows\System32\shlwapi.dll
0x00007ffac0280000 - 0x00007ffac0297000 	C:\Windows\System32\cryptsp.dll
0x00007ffaaee80000 - 0x00007ffaaee9a000 	C:\Program Files\Android\Android Studio\jre\bin\net.dll
0x00007ffabae90000 - 0x00007ffabaf81000 	C:\Windows\SYSTEM32\WINHTTP.dll
0x00007ffabe4b0000 - 0x00007ffabe517000 	C:\Windows\system32\mswsock.dll
0x00007ffaaee60000 - 0x00007ffaaee74000 	C:\Program Files\Android\Android Studio\jre\bin\nio.dll
0x00007ffaaead0000 - 0x00007ffaaeaf7000 	C:\Users\dmt\.gradle\native\e1d6ef7f7dcc3fd88c89a11ec53ec762bb8ba0a96d01ffa2cd45eb1d1d8dd5c5\windows-amd64\native-platform.dll
0x00007ffa81e70000 - 0x00007ffa81fb4000 	C:\Users\dmt\.gradle\native\5664cfc778a61ccfe75a443a1ab52a65af34e5dc3c78e0209fed803814484fcb\windows-amd64\native-platform-file-events.dll
0x00007ffab7380000 - 0x00007ffab738a000 	C:\Program Files\Android\Android Studio\jre\bin\management.dll
0x00007ffab22b0000 - 0x00007ffab22bc000 	C:\Program Files\Android\Android Studio\jre\bin\management_ext.dll
0x00007ffabe040000 - 0x00007ffabe073000 	C:\Windows\system32\rsaenh.dll
0x00007ffabfc50000 - 0x00007ffabfc76000 	C:\Windows\System32\bcrypt.dll
0x00007ffabef70000 - 0x00007ffabef99000 	C:\Windows\SYSTEM32\USERENV.dll
0x00007ffabe680000 - 0x00007ffabe68c000 	C:\Windows\SYSTEM32\CRYPTBASE.dll
0x00007ffabe1d0000 - 0x00007ffabe20d000 	C:\Windows\SYSTEM32\IPHLPAPI.DLL
0x00007ffac2ba0000 - 0x00007ffac2ba8000 	C:\Windows\System32\NSI.dll
0x00007ffab01c0000 - 0x00007ffab01d6000 	C:\Windows\SYSTEM32\dhcpcsvc6.DLL
0x00007ffab0310000 - 0x00007ffab032c000 	C:\Windows\SYSTEM32\dhcpcsvc.DLL
0x00007ffabe210000 - 0x00007ffabe2d6000 	C:\Windows\SYSTEM32\DNSAPI.dll

dbghelp: loaded successfully - version: 4.0.5 - missing functions: none
symbol engine: initialized successfully - sym options: 0x614 - pdb path: .;C:\Program Files\Android\Android Studio\jre\bin;C:\Windows\SYSTEM32;C:\Windows\WinSxS\amd64_microsoft.windows.common-controls_6595b64144ccf1df_6.0.17763.2366_none_de735d0053496d5d;C:\Program Files\Android\Android Studio\jre\bin\server;C:\Users\dmt\.gradle\native\e1d6ef7f7dcc3fd88c89a11ec53ec762bb8ba0a96d01ffa2cd45eb1d1d8dd5c5\windows-amd64;C:\Users\dmt\.gradle\native\5664cfc778a61ccfe75a443a1ab52a65af34e5dc3c78e0209fed803814484fcb\windows-amd64

VM Arguments:
jvm_args: --add-opens=java.base/java.util=ALL-UNNAMED --add-opens=java.base/java.lang=ALL-UNNAMED --add-opens=java.base/java.lang.invoke=ALL-UNNAMED --add-opens=java.base/java.util=ALL-UNNAMED --add-opens=java.prefs/java.util.prefs=ALL-UNNAMED --add-opens=java.prefs/java.util.prefs=ALL-UNNAMED --add-opens=java.base/java.nio.charset=ALL-UNNAMED --add-opens=java.base/java.net=ALL-UNNAMED --add-opens=java.base/java.util.concurrent.atomic=ALL-UNNAMED -Xmx2048m -Dfile.encoding=UTF-8 -Duser.country=RU -Duser.language=ru -Duser.variant 
java_command: org.gradle.launcher.daemon.bootstrap.GradleDaemon 7.3
java_class_path (initial): C:\Users\dmt\.gradle\wrapper\dists\gradle-7.3-bin\ddwl0k7mt9g6ak16i1m905vyv\gradle-7.3\lib\gradle-launcher-7.3.jar
Launcher Type: SUN_STANDARD

[Global flags]
     intx CICompilerCount                          = 4                                         {product} {ergonomic}
     uint ConcGCThreads                            = 2                                         {product} {ergonomic}
     uint G1ConcRefinementThreads                  = 8                                         {product} {ergonomic}
   size_t G1HeapRegionSize                         = 1048576                                   {product} {ergonomic}
    uintx GCDrainStackTargetSize                   = 64                                        {product} {ergonomic}
   size_t InitialHeapSize                          = 266338304                                 {product} {ergonomic}
   size_t MarkStackSize                            = 4194304                                   {product} {ergonomic}
   size_t MaxHeapSize                              = 2147483648                                {product} {command line}
   size_t MaxNewSize                               = 1287651328                                {product} {ergonomic}
   size_t MinHeapDeltaBytes                        = 1048576                                   {product} {ergonomic}
    uintx NonNMethodCodeHeapSize                   = 5836300                                {pd product} {ergonomic}
    uintx NonProfiledCodeHeapSize                  = 122910970                              {pd product} {ergonomic}
    uintx ProfiledCodeHeapSize                     = 122910970                              {pd product} {ergonomic}
    uintx ReservedCodeCacheSize                    = 251658240                              {pd product} {ergonomic}
     bool SegmentedCodeCache                       = true                                      {product} {ergonomic}
     bool UseCompressedClassPointers               = true                                 {lp64_product} {ergonomic}
     bool UseCompressedOops                        = true                                 {lp64_product} {ergonomic}
     bool UseG1GC                                  = true                                      {product} {ergonomic}
     bool UseLargePagesIndividualAllocation        = false                                  {pd product} {ergonomic}

Logging:
Log output configuration:
 #0: stdout all=warning uptime,level,tags
 #1: stderr all=off uptime,level,tags

Environment Variables:
PATH=C:\Program Files (x86)\Common Files\Oracle\Java\javapath;C:\Windows\system32;C:\Windows;C:\Windows\System32\Wbem;C:\Windows\System32\WindowsPowerShell\v1.0\;C:\Windows\System32\OpenSSH\;C:\Program Files (x86)\NVIDIA Corporation\PhysX\Common;C:\Program Files\PuTTY\;C:\Program Files\Git\cmd;C:\Program Files\Git\bin;C:\Users\dmt\AppData\Local\Microsoft\WindowsApps;
USERNAME=dmt
OS=Windows_NT
PROCESSOR_IDENTIFIER=Intel64 Family 6 Model 158 Stepping 13, GenuineIntel



---------------  S Y S T E M  ---------------

OS: Windows 10 , 64 bit Build 17763 (10.0.17763.2300)
OS uptime: 1 days 22:43 hours

CPU:total 8 (initial active 8) (4 cores per cpu, 2 threads per core) family 6 model 158 stepping 13 microcode 0xea, cmov, cx8, fxsr, mmx, sse, sse2, sse3, ssse3, sse4.1, sse4.2, popcnt, avx, avx2, aes, clmul, erms, 3dnowpref, lzcnt, ht, tsc, tscinvbit, bmi1, bmi2, adx, fma

Memory: 4k page, system-wide physical 16148M (4868M free)
TotalPageFile size 18196M (AvailPageFile size 5M)
current process WorkingSet (physical memory assigned to process): 481M, peak: 485M
current process commit charge ("private bytes"): 569M, peak: 571M

vm_info: OpenJDK 64-Bit Server VM (11.0.10+0-b96-7249189) for windows-amd64 JRE (11.0.10+0-b96-7249189), built on Mar 31 2021 21:44:00 by "builder" with MS VC++ 14.0 (VS2015)

END.
